#
# A fatal error has been detected by the Java Runtime Environment:
#
#  SIGSEGV (0xb) at pc=0x00007fff93641fcf, pid=39231, tid=1811
#
# JRE version: Java(TM) SE Runtime Environment (8.0_25-b17) (build 1.8.0_25-b17)
# Java VM: Java HotSpot(TM) 64-Bit Server VM (25.25-b02 mixed mode bsd-amd64 compressed oops)
# Problematic frame:
# C  [libsystem_platform.dylib+0xfcf]  OSSpinLockLock+0x7
#
# Failed to write core dump. Core dumps have been disabled. To enable core dumping, try "ulimit -c unlimited" before starting Java again
#
# If you would like to submit a bug report, please visit:
#   http://bugreport.sun.com/bugreport/crash.jsp
# The crash happened outside the Java Virtual Machine in native code.
# See problematic frame for where to report the bug.
#

---------------  T H R E A D  ---------------

Current thread (0x00007fa82a8b7800):  JavaThread "JavaFX Application Thread" [_thread_in_native, id=1811, stack(0x00007fff5cdc4000,0x00007fff5d5c4000)]

siginfo: si_signo: 11 (SIGSEGV), si_code: 1 (SEGV_MAPERR), si_addr: 0x000000000000000c

Registers:
RAX=0x0000000000000000, RBX=0x0000000000000000, RCX=0x00000000ffffffff, RDX=0x0000000000000000
RSP=0x00007fff5d5bd558, RBP=0x00007fff5d5bd580, RSI=0x00007fa828c16c40, RDI=0x000000000000000c
R8 =0x000000000000040b, R9 =0x0000000000000000, R10=0x0000000000000034, R11=0x0000000000000206
R12=0x00007fa82b77e3c0, R13=0x0000000000000000, R14=0x000000000000000c, R15=0x00007fa828c16c40
RIP=0x00007fff93641fcf, EFLAGS=0x0000000000010246, ERR=0x0000000000000006
  TRAPNO=0x000000000000000e

Top of Stack: (sp=0x00007fff5d5bd558)
0x00007fff5d5bd558:   00007fff8fedfa44 00007fa828c16c40
0x00007fff5d5bd568:   00007fa82b77e3c0 00007fa82b77e518
0x00007fff5d5bd578:   0000000080000802 00007fff5d5bd5a0
0x00007fff5d5bd588:   00007fff8fa0d5c8 0000000000000000
0x00007fff5d5bd598:   00007fa82b77e520 00007fff5d5bd7e0
0x00007fff5d5bd5a8:   00007fff8ae22717 0000000000000000
0x00007fff5d5bd5b8:   0000000000000000 415e6118c0000000
0x00007fff5d5bd5c8:   4090f40000000000 00007fff5d5bdc10
0x00007fff5d5bd5d8:   00007fff913383da 40a4000000000000
0x00007fff5d5bd5e8:   0000003000001200 0000040b00000000
0x00007fff5d5bd5f8:   3c3a65ce8ff12c3e 0000000000000000
0x00007fff5d5bd608:   00007fa82b77e468 0000000001548520
0x00007fff5d5bd618:   3ff0000000000000 00007fa82b77e3d0
0x00007fff5d5bd628:   000024c600000000 0000000080000802
0x00007fff5d5bd638:   00034bbf00000000 0000000008000100
0x00007fff5d5bd648:   00007fff8e0f3e68 000000000000000a
0x00007fff5d5bd658:   0000000000000000 00007fff5d5bd6dc
0x00007fff5d5bd668:   00007fff5d5bd6e0 00007fff5d5bd6e4
0x00007fff5d5bd678:   00007fa828e2fbf0 2b10148e00000001
0x00007fff5d5bd688:   3ff0000000000000 0000000000000000
0x00007fff5d5bd698:   0000000000000000 415e6118c0000000
0x00007fff5d5bd6a8:   4090f40000000000 0000000000000000
0x00007fff5d5bd6b8:   0000000000000000 415e6118c0000000
0x00007fff5d5bd6c8:   4090f40000000000 0000000000000000
0x00007fff5d5bd6d8:   0000000000000000 0000000000000000
0x00007fff5d5bd6e8:   0000000000000000 415e6118c0000000
0x00007fff5d5bd6f8:   00007fa828e85d50 0000000000000000
0x00007fff5d5bd708:   0000000000000000 415e6118c0000000
0x00007fff5d5bd718:   4090f40000000000 0000000000000000
0x00007fff5d5bd728:   000000025d5bd920 042806402b10148e
0x00007fff5d5bd738:   00007fff92516d79 0000000000000000
0x00007fff5d5bd748:   0000000000000000 00007fff762de790 

Instructions: (pc=0x00007fff93641fcf)
0x00007fff93641faf:   8b 43 20 48 85 c0 74 0a 48 8b 00 48 89 05 d7 74
0x00007fff93641fbf:   6c e3 48 83 c4 08 5b 5d c3 b9 ff ff ff ff 31 c0
0x00007fff93641fcf:   f0 0f b1 0f 85 c0 74 05 e9 12 28 00 00 c3 31 c0
0x00007fff93641fdf:   89 07 c3 90 90 90 90 90 90 90 90 90 90 90 90 90 

Register to memory mapping:

RAX=0x0000000000000000 is an unknown value
RBX=0x0000000000000000 is an unknown value
RCX=0x00000000ffffffff is an unknown value
RDX=0x0000000000000000 is an unknown value
RSP=0x00007fff5d5bd558 is pointing into the stack for thread: 0x00007fa82a8b7800
RBP=0x00007fff5d5bd580 is pointing into the stack for thread: 0x00007fa82a8b7800
RSI=0x00007fa828c16c40 is an unknown value
RDI=0x000000000000000c is an unknown value
R8 =0x000000000000040b is an unknown value
R9 =0x0000000000000000 is an unknown value
R10=0x0000000000000034 is an unknown value
R11=0x0000000000000206 is an unknown value
R12=0x00007fa82b77e3c0 is an unknown value
R13=0x0000000000000000 is an unknown value
R14=0x000000000000000c is an unknown value
R15=0x00007fa828c16c40 is an unknown value


Stack: [0x00007fff5cdc4000,0x00007fff5d5c4000],  sp=0x00007fff5d5bd558,  free space=8165k
Native frames: (J=compiled Java code, j=interpreted, Vv=VM code, C=native code)
C  [libsystem_platform.dylib+0xfcf]  OSSpinLockLock+0x7
C  [CoreGraphics+0xc5c8]  CGSSetWindowColorSpace+0x1b
C  [QuartzCore+0xf717]  CAViewUpdate+0xe9f
C  [AppKit+0x111ee2]  -[NSView(NSInternal) _updateLayerTreeRenderer]+0x77b
C  [AppKit+0x11ce81]  -[NSSurface _windowDidChangeScreens:]+0x3a
C  [CoreFoundation+0x11ecbc]  __CFNOTIFICATIONCENTER_IS_CALLING_OUT_TO_AN_OBSERVER__+0xc
C  [CoreFoundation+0x101b4]  _CFXNotificationPost+0xc44
C  [Foundation+0x2ea1]  -[NSNotificationCenter postNotificationName:object:userInfo:]+0x42
C  [AppKit+0x11cb05]  NSPerformWithScreenUpdatesDisabled+0x41
C  [AppKit+0x11cab2]  -[NSWindow _updateSettingsSendingScreenChangeNotificationIfNeeded:]+0x16e
C  [AppKit+0x115c74]  -[NSWindow _setFrame:updateBorderViewSize:]+0x44b
C  [AppKit+0x1152d3]  -[NSWindow _oldPlaceWindow:]+0x45e
C  [AppKit+0x1147ea]  -[NSWindow _setFrameCommon:display:stashSize:]+0x9df
C  [AppKit+0x113755]  -[NSWindow setFrame:display:animate:]+0x93
C  [libglass.dylib+0x23315]  -[GlassWindow(Java) _setFlipFrame:display:animate:]+0xa5
C  [libglass.dylib+0x22f04]  -[GlassWindow(Java) _setWindowFrameWithRect:withDisplay:withAnimate:]+0x84
C  [libglass.dylib+0x23130]  -[GlassWindow(Java) _setBounds:y:xSet:ySet:w:h:cw:ch:]+0x220
C  [libglass.dylib+0x268cd]  Java_com_sun_glass_ui_mac_MacWindow__1setBounds+0x1ad
j  com.sun.glass.ui.mac.MacWindow._setBounds(JIIZZIIIIFF)V+0
j  com.sun.glass.ui.Window.setBounds(IIZZIIIIFF)V+29
j  com.sun.javafx.tk.quantum.WindowStage.setBounds(FFZZFFFFFF)V+39
J 5528 C1 javafx.stage.Window$TKBoundsConfigurator.apply()V (120 bytes) @ 0x00000001053db464 [0x00000001053daea0+0x5c4]
j  javafx.stage.Window.applyBounds()V+4
j  javafx.stage.Window$9.invalidated()V+377
J 3472 C2 javafx.beans.property.BooleanPropertyBase.set(Z)V (35 bytes) @ 0x0000000105357804 [0x00000001053577a0+0x64]

Java frames: (J=compiled Java code, j=interpreted, Vv=VM code)
j  com.sun.glass.ui.mac.MacWindow._setBounds(JIIZZIIIIFF)V+0
j  com.sun.glass.ui.Window.setBounds(IIZZIIIIFF)V+29
j  com.sun.javafx.tk.quantum.WindowStage.setBounds(FFZZFFFFFF)V+39
J 5528 C1 javafx.stage.Window$TKBoundsConfigurator.apply()V (120 bytes) @ 0x00000001053db464 [0x00000001053daea0+0x5c4]
j  javafx.stage.Window.applyBounds()V+4
j  javafx.stage.Window$9.invalidated()V+377
J 3472 C2 javafx.beans.property.BooleanPropertyBase.set(Z)V (35 bytes) @ 0x0000000105357804 [0x00000001053577a0+0x64]
j  javafx.stage.Window.setShowing(Z)V+11
j  javafx.stage.Window.show()V+2
j  javafx.stage.PopupWindow.showImpl(Ljavafx/stage/Window;)V+105
j  javafx.stage.PopupWindow.show(Ljavafx/scene/Node;DD)V+89
j  javafx.scene.control.ContextMenu.doShow(Ljavafx/scene/Node;DD)V+74
j  javafx.scene.control.ContextMenu.show(Ljavafx/scene/Node;Ljavafx/geometry/Side;DD)V+131
j  com.sun.javafx.scene.control.skin.ChoiceBoxSkin.handleControlPropertyChanged(Ljava/lang/String;)V+382
J 5035 C2 javafx.beans.value.WeakChangeListener.changed(Ljavafx/beans/value/ObservableValue;Ljava/lang/Object;Ljava/lang/Object;)V (38 bytes) @ 0x0000000105723f1c [0x0000000105723d20+0x1fc]
J 3289 C1 com.sun.javafx.binding.ExpressionHelper$SingleChange.fireValueChangedEvent()V (96 bytes) @ 0x000000010525c8a4 [0x000000010525c4a0+0x404]
J 3516 C1 javafx.beans.property.ReadOnlyBooleanWrapper.fireValueChangedEvent()V (15 bytes) @ 0x000000010531f6b4 [0x000000010531f460+0x254]
J 3472 C2 javafx.beans.property.BooleanPropertyBase.set(Z)V (35 bytes) @ 0x0000000105357818 [0x00000001053577a0+0x78]
j  javafx.scene.control.ChoiceBox.show()V+12
j  com.sun.javafx.scene.control.behavior.ChoiceBoxBehavior.mouseReleased(Ljavafx/scene/input/MouseEvent;)V+53
j  com.sun.javafx.scene.control.skin.BehaviorSkinBase$1.handle(Ljavafx/scene/input/MouseEvent;)V+83
j  com.sun.javafx.scene.control.skin.BehaviorSkinBase$1.handle(Ljavafx/event/Event;)V+5
J 4598 C1 com.sun.javafx.event.CompositeEventHandler$NormalEventHandlerRecord.handleBubblingEvent(Ljavafx/event/Event;)V (11 bytes) @ 0x00000001049454cc [0x00000001049453c0+0x10c]
J 4602 C1 com.sun.javafx.event.CompositeEventHandler.dispatchBubblingEvent(Ljavafx/event/Event;)V (57 bytes) @ 0x0000000104a7e984 [0x0000000104a7e740+0x244]
J 2562 C1 com.sun.javafx.event.EventHandlerManager.dispatchBubblingEvent(Ljavafx/event/Event;)Ljavafx/event/Event; (23 bytes) @ 0x0000000105087e24 [0x0000000105087780+0x6a4]
J 5500 C1 com.sun.javafx.event.CompositeEventDispatcher.dispatchBubblingEvent(Ljavafx/event/Event;)Ljavafx/event/Event; (35 bytes) @ 0x00000001054f8b5c [0x00000001054f89a0+0x1bc]
J 4431 C1 com.sun.javafx.event.BasicEventDispatcher.dispatchEvent(Ljavafx/event/Event;Ljavafx/event/EventDispatchChain;)Ljavafx/event/Event; (44 bytes) @ 0x0000000105662f24 [0x0000000105662c00+0x324]
J 2322 C1 com.sun.javafx.event.EventDispatchChainImpl.dispatchEvent(Ljavafx/event/Event;)Ljavafx/event/Event; (101 bytes) @ 0x0000000104fbced4 [0x0000000104fbcd20+0x1b4]
J 4431 C1 com.sun.javafx.event.BasicEventDispatcher.dispatchEvent(Ljavafx/event/Event;Ljavafx/event/EventDispatchChain;)Ljavafx/event/Event; (44 bytes) @ 0x0000000105662e3c [0x0000000105662c00+0x23c]
J 2322 C1 com.sun.javafx.event.EventDispatchChainImpl.dispatchEvent(Ljavafx/event/Event;)Ljavafx/event/Event; (101 bytes) @ 0x0000000104fbced4 [0x0000000104fbcd20+0x1b4]
J 4431 C1 com.sun.javafx.event.BasicEventDispatcher.dispatchEvent(Ljavafx/event/Event;Ljavafx/event/EventDispatchChain;)Ljavafx/event/Event; (44 bytes) @ 0x0000000105662e3c [0x0000000105662c00+0x23c]
J 2322 C1 com.sun.javafx.event.EventDispatchChainImpl.dispatchEvent(Ljavafx/event/Event;)Ljavafx/event/Event; (101 bytes) @ 0x0000000104fbced4 [0x0000000104fbcd20+0x1b4]
J 4431 C1 com.sun.javafx.event.BasicEventDispatcher.dispatchEvent(Ljavafx/event/Event;Ljavafx/event/EventDispatchChain;)Ljavafx/event/Event; (44 bytes) @ 0x0000000105662e3c [0x0000000105662c00+0x23c]
J 2322 C1 com.sun.javafx.event.EventDispatchChainImpl.dispatchEvent(Ljavafx/event/Event;)Ljavafx/event/Event; (101 bytes) @ 0x0000000104fbced4 [0x0000000104fbcd20+0x1b4]
J 4431 C1 com.sun.javafx.event.BasicEventDispatcher.dispatchEvent(Ljavafx/event/Event;Ljavafx/event/EventDispatchChain;)Ljavafx/event/Event; (44 bytes) @ 0x0000000105662e3c [0x0000000105662c00+0x23c]
J 2322 C1 com.sun.javafx.event.EventDispatchChainImpl.dispatchEvent(Ljavafx/event/Event;)Ljavafx/event/Event; (101 bytes) @ 0x0000000104fbced4 [0x0000000104fbcd20+0x1b4]
J 4567 C1 com.sun.javafx.event.EventUtil.fireEvent(Ljavafx/event/EventTarget;Ljavafx/event/Event;)Ljavafx/event/Event; (81 bytes) @ 0x0000000104c77e1c [0x0000000104c77700+0x71c]
J 2571 C1 javafx.event.Event.fireEvent(Ljavafx/event/EventTarget;Ljavafx/event/Event;)V (35 bytes) @ 0x000000010508df2c [0x000000010508de60+0xcc]
j  javafx.scene.Scene$MouseHandler.process(Ljavafx/scene/input/MouseEvent;Z)V+491
j  javafx.scene.Scene$MouseHandler.access$1500(Ljavafx/scene/Scene$MouseHandler;Ljavafx/scene/input/MouseEvent;Z)V+3
j  javafx.scene.Scene.impl_processMouseEvent(Ljavafx/scene/input/MouseEvent;)V+6
j  javafx.scene.Scene$ScenePeerListener.mouseEvent(Ljavafx/event/EventType;DDDDLjavafx/scene/input/MouseButton;ZZZZZZZZZ)V+46
j  com.sun.javafx.tk.quantum.GlassViewEventHandler$MouseEventNotification.run()Ljava/lang/Void;+438
j  com.sun.javafx.tk.quantum.GlassViewEventHandler$MouseEventNotification.run()Ljava/lang/Object;+1
v  ~StubRoutines::call_stub
J 2550  java.security.AccessController.doPrivileged(Ljava/security/PrivilegedAction;Ljava/security/AccessControlContext;)Ljava/lang/Object; (0 bytes) @ 0x00000001050851e3 [0x0000000105085180+0x63]
j  com.sun.javafx.tk.quantum.GlassViewEventHandler.handleMouseEvent(Lcom/sun/glass/ui/View;JIIIIIIIZZ)V+108
j  com.sun.glass.ui.View.handleMouseEvent(JIIIIIIIZZ)V+30
j  com.sun.glass.ui.View.notifyMouse(IIIIIIIZZ)V+181
v  ~StubRoutines::call_stub

---------------  P R O C E S S  ---------------

Java Threads: ( => current thread )
  0x00007fa82bd55800 JavaThread "Prism Font Disposer" daemon [_thread_blocked, id=54303, stack(0x000000012767c000,0x000000012777c000)]
  0x00007fa82d89c800 JavaThread "Abandoned connection cleanup thread" daemon [_thread_blocked, id=52483, stack(0x0000000126a8b000,0x0000000126b8b000)]
  0x00007fa82a92c800 JavaThread "JavaFX-Launcher" [_thread_blocked, id=50947, stack(0x0000000125c94000,0x0000000125d94000)]
  0x00007fa82a92b800 JavaThread "Thread-3" daemon [_thread_in_native, id=38411, stack(0x0000000124ac6000,0x0000000124b46000)]
=>0x00007fa82a8b7800 JavaThread "JavaFX Application Thread" [_thread_in_native, id=1811, stack(0x00007fff5cdc4000,0x00007fff5d5c4000)]
  0x00007fa82a0d8800 JavaThread "Thread-1" daemon [_thread_blocked, id=25875, stack(0x000000012299b000,0x0000000122a9b000)]
  0x00007fa82c000800 JavaThread "QuantumRenderer-0" daemon [_thread_blocked, id=21763, stack(0x000000012238d000,0x000000012248d000)]
  0x00007fa82a01e800 JavaThread "Service Thread" daemon [_thread_blocked, id=20739, stack(0x00000001220f8000,0x00000001221f8000)]
  0x00007fa82b83c800 JavaThread "C1 CompilerThread3" daemon [_thread_blocked, id=20227, stack(0x0000000121ff5000,0x00000001220f5000)]
  0x00007fa82a00c000 JavaThread "C2 CompilerThread2" daemon [_thread_blocked, id=19715, stack(0x0000000121ef2000,0x0000000121ff2000)]
  0x00007fa82a008000 JavaThread "C2 CompilerThread1" daemon [_thread_blocked, id=19203, stack(0x0000000121def000,0x0000000121eef000)]
  0x00007fa82a814000 JavaThread "C2 CompilerThread0" daemon [_thread_blocked, id=18691, stack(0x0000000121cec000,0x0000000121dec000)]
  0x00007fa82a820000 JavaThread "Signal Dispatcher" daemon [_thread_blocked, id=14615, stack(0x0000000121be9000,0x0000000121ce9000)]
  0x00007fa82a803800 JavaThread "Finalizer" daemon [_thread_blocked, id=13571, stack(0x00000001202a8000,0x00000001203a8000)]
  0x00007fa82a802800 JavaThread "Reference Handler" daemon [_thread_blocked, id=13059, stack(0x00000001201a5000,0x00000001202a5000)]
  0x00007fa82b801800 JavaThread "main" [_thread_blocked, id=4867, stack(0x000000010471d000,0x000000010481d000)]

Other Threads:
  0x00007fa82b85d800 VMThread [stack: 0x00000001200a2000,0x00000001201a2000] [id=12547]
  0x00007fa82b83d000 WatcherThread [stack: 0x00000001221fb000,0x00000001222fb000] [id=21251]

VM state:not at safepoint (normal execution)

VM Mutex/Monitor currently owned by a thread: None

Heap:
 PSYoungGen      total 901632K, used 645794K [0x000000076ab00000, 0x00000007c0000000, 0x00000007c0000000)
  eden space 465920K, 45% used [0x000000076ab00000,0x000000077788ea50,0x0000000787200000)
  from space 435712K, 99% used [0x00000007a4c00000,0x00000007bf519f58,0x00000007bf580000)
  to   space 465920K, 0% used [0x0000000787200000,0x0000000787200000,0x00000007a3900000)
 ParOldGen       total 1548800K, used 1307585K [0x00000006c0000000, 0x000000071e880000, 0x000000076ab00000)
  object space 1548800K, 84% used [0x00000006c0000000,0x000000070fcf06a0,0x000000071e880000)
 Metaspace       used 24630K, capacity 26148K, committed 26368K, reserved 1071104K
  class space    used 3443K, capacity 3722K, committed 3840K, reserved 1048576K

Card table byte_map: [0x0000000113bdf000,0x00000001143e0000] byte_map_base: 0x00000001105df000

Marking Bits: (ParMarkBitMap*) 0x000000010409d390
 Begin Bits: [0x000000011514e000, 0x000000011914e000)
 End Bits:   [0x000000011914e000, 0x000000011d14e000)

Polling page: 0x00000001027c5000

CodeCache: size=245760Kb used=16205Kb max_used=16234Kb free=229554Kb
 bounds [0x000000010481f000, 0x000000010581f000, 0x000000011381f000]
 total_blobs=5498 nmethods=4789 adapters=621
 compilation: enabled

Compilation events (10 events):
Event: 31.653 Thread 0x00007fa82b83c800 5589       3       javafx.scene.layout.Region::layoutInArea (28 bytes)
Event: 31.653 Thread 0x00007fa82b83c800 nmethod 5589 0x00000001057d1350 code [0x00000001057d14c0, 0x00000001057d1708]
Event: 31.836 Thread 0x00007fa82b83c800 5590       3       javafx.scene.layout.Region::positionInArea (74 bytes)
Event: 31.837 Thread 0x00007fa82b83c800 nmethod 5590 0x00000001057d3910 code [0x00000001057d3b00, 0x00000001057d4528]
Event: 31.850 Thread 0x00007fa82b83c800 5591       3       javafx.scene.Parent::layoutChildren (56 bytes)
Event: 31.851 Thread 0x00007fa82b83c800 nmethod 5591 0x00000001049db990 code [0x00000001049dbb80, 0x00000001049dc548]
Event: 33.149 Thread 0x00007fa82b83c800 5592       3       com.sun.javafx.geom.transform.Translate2D::setToIdentity (11 bytes)
Event: 33.149 Thread 0x00007fa82b83c800 nmethod 5592 0x000000010499efd0 code [0x000000010499f120, 0x000000010499f290]
Event: 33.149 Thread 0x00007fa82b83c800 5593       3       com.sun.javafx.geom.transform.Translate2D::deriveWithTranslation (60 bytes)
Event: 33.150 Thread 0x00007fa82b83c800 nmethod 5593 0x00000001049db150 code [0x00000001049db2e0, 0x00000001049db748]

GC Heap History (10 events):
Event: 24.443 GC heap before
{Heap before GC invocations=29 (full 5):
 PSYoungGen      total 778240K, used 657798K [0x000000076ab00000, 0x00000007b0600000, 0x00000007c0000000)
  eden space 479744K, 100% used [0x000000076ab00000,0x0000000787f80000,0x0000000787f80000)
  from space 298496K, 59% used [0x0000000787f80000,0x0000000792d61958,0x000000079a300000)
  to   space 301056K, 0% used [0x000000079e000000,0x000000079e000000,0x00000007b0600000)
 ParOldGen       total 1548800K, used 1069765K [0x00000006c0000000, 0x000000071e880000, 0x000000076ab00000)
  object space 1548800K, 69% used [0x00000006c0000000,0x00000007014b17d8,0x000000071e880000)
 Metaspace       used 24624K, capacity 26148K, committed 26368K, reserved 1071104K
  class space    used 3443K, capacity 3722K, committed 3840K, reserved 1048576K
Event: 24.479 GC heap after
Heap after GC invocations=29 (full 5):
 PSYoungGen      total 819200K, used 174005K [0x000000076ab00000, 0x00000007afb00000, 0x00000007c0000000)
  eden space 529408K, 0% used [0x000000076ab00000,0x000000076ab00000,0x000000078b000000)
  from space 289792K, 60% used [0x000000079e000000,0x00000007a89ed6e0,0x00000007afb00000)
  to   space 300544K, 0% used [0x000000078b000000,0x000000078b000000,0x000000079d580000)
 ParOldGen       total 1548800K, used 1069773K [0x00000006c0000000, 0x000000071e880000, 0x000000076ab00000)
  object space 1548800K, 69% used [0x00000006c0000000,0x00000007014b37d8,0x000000071e880000)
 Metaspace       used 24624K, capacity 26148K, committed 26368K, reserved 1071104K
  class space    used 3443K, capacity 3722K, committed 3840K, reserved 1048576K
}
Event: 26.821 GC heap before
{Heap before GC invocations=30 (full 5):
 PSYoungGen      total 819200K, used 703239K [0x000000076ab00000, 0x00000007afb00000, 0x00000007c0000000)
  eden space 529408K, 99% used [0x000000076ab00000,0x000000078afd4628,0x000000078b000000)
  from space 289792K, 60% used [0x000000079e000000,0x00000007a89ed6e0,0x00000007afb00000)
  to   space 300544K, 0% used [0x000000078b000000,0x000000078b000000,0x000000079d580000)
 ParOldGen       total 1548800K, used 1069773K [0x00000006c0000000, 0x000000071e880000, 0x000000076ab00000)
  object space 1548800K, 69% used [0x00000006c0000000,0x00000007014b37d8,0x000000071e880000)
 Metaspace       used 24627K, capacity 26148K, committed 26368K, reserved 1071104K
  class space    used 3443K, capacity 3722K, committed 3840K, reserved 1048576K
Event: 26.852 GC heap after
Heap after GC invocations=30 (full 5):
 PSYoungGen      total 829952K, used 228385K [0x000000076ab00000, 0x00000007b4080000, 0x00000007c0000000)
  eden space 529408K, 0% used [0x000000076ab00000,0x000000076ab00000,0x000000078b000000)
  from space 300544K, 75% used [0x000000078b000000,0x0000000798f08408,0x000000079d580000)
  to   space 318976K, 0% used [0x00000007a0900000,0x00000007a0900000,0x00000007b4080000)
 ParOldGen       total 1548800K, used 1069773K [0x00000006c0000000, 0x000000071e880000, 0x000000076ab00000)
  object space 1548800K, 69% used [0x00000006c0000000,0x00000007014b37d8,0x000000071e880000)
 Metaspace       used 24627K, capacity 26148K, committed 26368K, reserved 1071104K
  class space    used 3443K, capacity 3722K, committed 3840K, reserved 1048576K
}
Event: 28.988 GC heap before
{Heap before GC invocations=31 (full 5):
 PSYoungGen      total 829952K, used 754834K [0x000000076ab00000, 0x00000007b4080000, 0x00000007c0000000)
  eden space 529408K, 99% used [0x000000076ab00000,0x000000078ad1c6e0,0x000000078b000000)
  from space 300544K, 75% used [0x000000078b000000,0x0000000798f08408,0x000000079d580000)
  to   space 318976K, 0% used [0x00000007a0900000,0x00000007a0900000,0x00000007b4080000)
 ParOldGen       total 1548800K, used 1069773K [0x00000006c0000000, 0x000000071e880000, 0x000000076ab00000)
  object space 1548800K, 69% used [0x00000006c0000000,0x00000007014b37d8,0x000000071e880000)
 Metaspace       used 24627K, capacity 26148K, committed 26368K, reserved 1071104K
  class space    used 3443K, capacity 3722K, committed 3840K, reserved 1048576K
Event: 29.104 GC heap after
Heap after GC invocations=31 (full 5):
 PSYoungGen      total 807936K, used 318969K [0x000000076ab00000, 0x00000007bd000000, 0x00000007c0000000)
  eden space 488960K, 0% used [0x000000076ab00000,0x000000076ab00000,0x0000000788880000)
  from space 318976K, 99% used [0x00000007a0900000,0x00000007b407e670,0x00000007b4080000)
  to   space 393728K, 0% used [0x0000000788880000,0x0000000788880000,0x00000007a0900000)
 ParOldGen       total 1548800K, used 1144601K [0x00000006c0000000, 0x000000071e880000, 0x000000076ab00000)
  object space 1548800K, 73% used [0x00000006c0000000,0x0000000705dc66a0,0x000000071e880000)
 Metaspace       used 24627K, capacity 26148K, committed 26368K, reserved 1071104K
  class space    used 3443K, capacity 3722K, committed 3840K, reserved 1048576K
}
Event: 30.957 GC heap before
{Heap before GC invocations=32 (full 5):
 PSYoungGen      total 807936K, used 805194K [0x000000076ab00000, 0x00000007bd000000, 0x00000007c0000000)
  eden space 488960K, 99% used [0x000000076ab00000,0x00000007885d4378,0x0000000788880000)
  from space 318976K, 99% used [0x00000007a0900000,0x00000007b407e670,0x00000007b4080000)
  to   space 393728K, 0% used [0x0000000788880000,0x0000000788880000,0x00000007a0900000)
 ParOldGen       total 1548800K, used 1144601K [0x00000006c0000000, 0x000000071e880000, 0x000000076ab00000)
  object space 1548800K, 73% used [0x00000006c0000000,0x0000000705dc66a0,0x000000071e880000)
 Metaspace       used 24627K, capacity 26148K, committed 26368K, reserved 1071104K
  class space    used 3443K, capacity 3722K, committed 3840K, reserved 1048576K
Event: 31.039 GC heap after
Heap after GC invocations=32 (full 5):
 PSYoungGen      total 882688K, used 342040K [0x000000076ab00000, 0x00000007bf580000, 0x00000007c0000000)
  eden space 488960K, 0% used [0x000000076ab00000,0x000000076ab00000,0x0000000788880000)
  from space 393728K, 86% used [0x0000000788880000,0x000000079d686230,0x00000007a0900000)
  to   space 435712K, 0% used [0x00000007a4c00000,0x00000007a4c00000,0x00000007bf580000)
 ParOldGen       total 1548800K, used 1272283K [0x00000006c0000000, 0x000000071e880000, 0x000000076ab00000)
  object space 1548800K, 82% used [0x00000006c0000000,0x000000070da76cf0,0x000000071e880000)
 Metaspace       used 24627K, capacity 26148K, committed 26368K, reserved 1071104K
  class space    used 3443K, capacity 3722K, committed 3840K, reserved 1048576K
}
Event: 32.890 GC heap before
{Heap before GC invocations=33 (full 5):
 PSYoungGen      total 882688K, used 830310K [0x000000076ab00000, 0x00000007bf580000, 0x00000007c0000000)
  eden space 488960K, 99% used [0x000000076ab00000,0x00000007887d3970,0x0000000788880000)
  from space 393728K, 86% used [0x0000000788880000,0x000000079d686230,0x00000007a0900000)
  to   space 435712K, 0% used [0x00000007a4c00000,0x00000007a4c00000,0x00000007bf580000)
 ParOldGen       total 1548800K, used 1272283K [0x00000006c0000000, 0x000000071e880000, 0x000000076ab00000)
  object space 1548800K, 82% used [0x00000006c0000000,0x000000070da76cf0,0x000000071e880000)
 Metaspace       used 24629K, capacity 26148K, committed 26368K, reserved 1071104K
  class space    used 3443K, capacity 3722K, committed 3840K, reserved 1048576K
Event: 33.004 GC heap after
Heap after GC invocations=33 (full 5):
 PSYoungGen      total 901632K, used 435303K [0x000000076ab00000, 0x00000007c0000000, 0x00000007c0000000)
  eden space 465920K, 0% used [0x000000076ab00000,0x000000076ab00000,0x0000000787200000)
  from space 435712K, 99% used [0x00000007a4c00000,0x00000007bf519f58,0x00000007bf580000)
  to   space 465920K, 0% used [0x0000000787200000,0x0000000787200000,0x00000007a3900000)
 ParOldGen       total 1548800K, used 1307585K [0x00000006c0000000, 0x000000071e880000, 0x000000076ab00000)
  object space 1548800K, 84% used [0x00000006c0000000,0x000000070fcf06a0,0x000000071e880000)
 Metaspace       used 24629K, capacity 26148K, committed 26368K, reserved 1071104K
  class space    used 3443K, capacity 3722K, committed 3840K, reserved 1048576K
}

Deoptimization events (10 events):
Event: 24.479 Thread 0x00007fa82bd55800 Uncommon trap: reason=unreached action=reinterpret pc=0x0000000104e72450 method=java.util.concurrent.ConcurrentHashMap.get(Ljava/lang/Object;)Ljava/lang/Object; @ 138
Event: 25.101 Thread 0x00007fa82a8b7800 Uncommon trap: reason=class_check action=maybe_recompile pc=0x00000001057cf0b8 method=java.lang.reflect.Array.newInstance(Ljava/lang/Class;I)Ljava/lang/Object; @ 2
Event: 25.104 Thread 0x00007fa82a8b7800 Uncommon trap: reason=class_check action=maybe_recompile pc=0x00000001057cf0b8 method=java.lang.reflect.Array.newInstance(Ljava/lang/Class;I)Ljava/lang/Object; @ 2
Event: 25.112 Thread 0x00007fa82a8b7800 Uncommon trap: reason=class_check action=maybe_recompile pc=0x00000001057cf0b8 method=java.lang.reflect.Array.newInstance(Ljava/lang/Class;I)Ljava/lang/Object; @ 2
Event: 25.113 Thread 0x00007fa82a8b7800 Uncommon trap: reason=class_check action=maybe_recompile pc=0x00000001057cf0b8 method=java.lang.reflect.Array.newInstance(Ljava/lang/Class;I)Ljava/lang/Object; @ 2
Event: 26.085 Thread 0x00007fa82a8b7800 Uncommon trap: reason=class_check action=maybe_recompile pc=0x00000001056a5550 method=javafx.scene.Node$MiscProperties.getEffect()Ljavafx/scene/effect/Effect; @ 20
Event: 33.797 Thread 0x00007fa82a8b7800 Uncommon trap: reason=class_check action=maybe_recompile pc=0x00000001056a5550 method=javafx.scene.Node$MiscProperties.getEffect()Ljavafx/scene/effect/Effect; @ 20
Event: 33.797 Thread 0x00007fa82a8b7800 Uncommon trap: reason=class_check action=maybe_recompile pc=0x00000001056a5550 method=javafx.scene.Node$MiscProperties.getEffect()Ljavafx/scene/effect/Effect; @ 20
Event: 33.797 Thread 0x00007fa82a8b7800 Uncommon trap: reason=class_check action=maybe_recompile pc=0x00000001056a5550 method=javafx.scene.Node$MiscProperties.getEffect()Ljavafx/scene/effect/Effect; @ 20
Event: 33.797 Thread 0x00007fa82a8b7800 Uncommon trap: reason=class_check action=maybe_recompile pc=0x000000010578d21c method=javafx.scene.Node$MiscProperties.getEffect()Ljavafx/scene/effect/Effect; @ 20

Internal exceptions (10 events):
Event: 16.040 Thread 0x00007fa82a8b7800 Exception <a 'java/security/PrivilegedActionException'> (0x000000077952e620) thrown at [/HUDSON3/workspace/8-2-build-macosx-x86_64/jdk8u25/1514/hotspot/src/share/vm/prims/jvm.cpp, line 1312]
Event: 16.040 Thread 0x00007fa82a8b7800 Exception <a 'java/security/PrivilegedActionException'> (0x000000077952f7d0) thrown at [/HUDSON3/workspace/8-2-build-macosx-x86_64/jdk8u25/1514/hotspot/src/share/vm/prims/jvm.cpp, line 1312]
Event: 16.040 Thread 0x00007fa82a8b7800 Exception <a 'java/security/PrivilegedActionException'> (0x0000000779530570) thrown at [/HUDSON3/workspace/8-2-build-macosx-x86_64/jdk8u25/1514/hotspot/src/share/vm/prims/jvm.cpp, line 1312]
Event: 16.040 Thread 0x00007fa82a8b7800 Exception <a 'java/security/PrivilegedActionException'> (0x0000000779531720) thrown at [/HUDSON3/workspace/8-2-build-macosx-x86_64/jdk8u25/1514/hotspot/src/share/vm/prims/jvm.cpp, line 1312]
Event: 16.040 Thread 0x00007fa82a8b7800 Exception <a 'java/security/PrivilegedActionException'> (0x000000077954d9d0) thrown at [/HUDSON3/workspace/8-2-build-macosx-x86_64/jdk8u25/1514/hotspot/src/share/vm/prims/jvm.cpp, line 1312]
Event: 16.040 Thread 0x00007fa82a8b7800 Exception <a 'java/security/PrivilegedActionException'> (0x000000077954ecb0) thrown at [/HUDSON3/workspace/8-2-build-macosx-x86_64/jdk8u25/1514/hotspot/src/share/vm/prims/jvm.cpp, line 1312]
Event: 16.045 Thread 0x00007fa82a8b7800 Exception <a 'java/security/PrivilegedActionException'> (0x0000000779590890) thrown at [/HUDSON3/workspace/8-2-build-macosx-x86_64/jdk8u25/1514/hotspot/src/share/vm/prims/jvm.cpp, line 1312]
Event: 22.018 Thread 0x00007fa82c000800 Implicit null exception at 0x000000010573570d to 0x00000001057359d9
Event: 22.018 Thread 0x00007fa82c000800 Implicit null exception at 0x0000000104cf820c to 0x0000000104cf994e
Event: 22.018 Thread 0x00007fa82c000800 Implicit null exception at 0x00000001057346e5 to 0x00000001057349ed

Events (10 events):
Event: 33.797 Thread 0x00007fa82a8b7800 DEOPT UNPACKING pc=0x0000000104823f69 sp=0x00007fff5d5bcf80 mode 2
Event: 33.797 Thread 0x00007fa82a8b7800 Uncommon trap: trap_request=0xffffffde fr.pc=0x00000001056a5550
Event: 33.797 Thread 0x00007fa82a8b7800 DEOPT PACKING pc=0x00000001056a5550 sp=0x00007fff5d5bd190
Event: 33.797 Thread 0x00007fa82a8b7800 DEOPT UNPACKING pc=0x0000000104823f69 sp=0x00007fff5d5bcf80 mode 2
Event: 33.797 Thread 0x00007fa82a8b7800 Uncommon trap: trap_request=0xffffffde fr.pc=0x00000001056a5550
Event: 33.797 Thread 0x00007fa82a8b7800 DEOPT PACKING pc=0x00000001056a5550 sp=0x00007fff5d5bcfb0
Event: 33.797 Thread 0x00007fa82a8b7800 DEOPT UNPACKING pc=0x0000000104823f69 sp=0x00007fff5d5bcda0 mode 2
Event: 33.797 Thread 0x00007fa82a8b7800 Uncommon trap: trap_request=0xffffffde fr.pc=0x000000010578d21c
Event: 33.797 Thread 0x00007fa82a8b7800 DEOPT PACKING pc=0x000000010578d21c sp=0x00007fff5d5bcaf0
Event: 33.797 Thread 0x00007fa82a8b7800 DEOPT UNPACKING pc=0x0000000104823f69 sp=0x00007fff5d5bca10 mode 2


Dynamic libraries:
0x0000000004922000 	/System/Library/Frameworks/Cocoa.framework/Versions/A/Cocoa
0x0000000004922000 	/System/Library/Frameworks/Security.framework/Versions/A/Security
0x0000000004922000 	/System/Library/Frameworks/ApplicationServices.framework/Versions/A/ApplicationServices
0x0000000004922000 	/usr/lib/libz.1.dylib
0x0000000004922000 	/usr/lib/libSystem.B.dylib
0x0000000004922000 	/usr/lib/libobjc.A.dylib
0x0000000004922000 	/System/Library/Frameworks/CoreFoundation.framework/Versions/A/CoreFoundation
0x0000000004922000 	/System/Library/Frameworks/Foundation.framework/Versions/C/Foundation
0x0000000004922000 	/System/Library/Frameworks/AppKit.framework/Versions/C/AppKit
0x0000000004922000 	/System/Library/Frameworks/CoreData.framework/Versions/A/CoreData
0x0000000004922000 	/System/Library/PrivateFrameworks/RemoteViewServices.framework/Versions/A/RemoteViewServices
0x0000000004922000 	/System/Library/PrivateFrameworks/UIFoundation.framework/Versions/A/UIFoundation
0x0000000004922000 	/System/Library/Frameworks/IOSurface.framework/Versions/A/IOSurface
0x0000000004922000 	/System/Library/Frameworks/AudioToolbox.framework/Versions/A/AudioToolbox
0x0000000004922000 	/System/Library/Frameworks/AudioUnit.framework/Versions/A/AudioUnit
0x0000000004922000 	/System/Library/PrivateFrameworks/DataDetectorsCore.framework/Versions/A/DataDetectorsCore
0x0000000004922000 	/System/Library/PrivateFrameworks/DesktopServicesPriv.framework/Versions/A/DesktopServicesPriv
0x0000000004922000 	/System/Library/Frameworks/Carbon.framework/Versions/A/Frameworks/HIToolbox.framework/Versions/A/HIToolbox
0x0000000004922000 	/System/Library/Frameworks/QuartzCore.framework/Versions/A/QuartzCore
0x0000000004922000 	/System/Library/Frameworks/Carbon.framework/Versions/A/Frameworks/SpeechRecognition.framework/Versions/A/SpeechRecognition
0x0000000004922000 	/usr/lib/libauto.dylib
0x0000000004922000 	/usr/lib/libicucore.A.dylib
0x0000000004922000 	/usr/lib/libxml2.2.dylib
0x0000000004922000 	/System/Library/PrivateFrameworks/CoreUI.framework/Versions/A/CoreUI
0x0000000004922000 	/System/Library/Frameworks/CoreAudio.framework/Versions/A/CoreAudio
0x0000000004922000 	/System/Library/Frameworks/DiskArbitration.framework/Versions/A/DiskArbitration
0x0000000004922000 	/usr/lib/liblangid.dylib
0x0000000004922000 	/System/Library/PrivateFrameworks/MultitouchSupport.framework/Versions/A/MultitouchSupport
0x0000000004922000 	/System/Library/Frameworks/IOKit.framework/Versions/A/IOKit
0x0000000004922000 	/usr/lib/libDiagnosticMessagesClient.dylib
0x0000000004922000 	/System/Library/Frameworks/CoreServices.framework/Versions/A/CoreServices
0x0000000004922000 	/System/Library/PrivateFrameworks/PerformanceAnalysis.framework/Versions/A/PerformanceAnalysis
0x0000000004922000 	/System/Library/PrivateFrameworks/GenerationalStorage.framework/Versions/A/GenerationalStorage
0x0000000004922000 	/System/Library/Frameworks/OpenGL.framework/Versions/A/OpenGL
0x0000000004922000 	/System/Library/PrivateFrameworks/Sharing.framework/Versions/A/Sharing
0x0000000004922000 	/System/Library/Frameworks/CoreGraphics.framework/Versions/A/CoreGraphics
0x0000000004922000 	/System/Library/Frameworks/CoreText.framework/Versions/A/CoreText
0x0000000004922000 	/System/Library/Frameworks/ImageIO.framework/Versions/A/ImageIO
0x0000000004922000 	/usr/lib/libextension.dylib
0x0000000004922000 	/System/Library/PrivateFrameworks/Backup.framework/Versions/A/Backup
0x0000000004922000 	/usr/lib/libarchive.2.dylib
0x0000000004922000 	/System/Library/Frameworks/CFNetwork.framework/Versions/A/CFNetwork
0x0000000004922000 	/System/Library/Frameworks/SystemConfiguration.framework/Versions/A/SystemConfiguration
0x0000000004922000 	/usr/lib/libCRFSuite.dylib
0x0000000004922000 	/usr/lib/libc++.1.dylib
0x0000000004922000 	/usr/lib/libc++abi.dylib
0x0000000004922000 	/usr/lib/system/libcache.dylib
0x0000000004922000 	/usr/lib/system/libcommonCrypto.dylib
0x0000000004922000 	/usr/lib/system/libcompiler_rt.dylib
0x0000000004922000 	/usr/lib/system/libcopyfile.dylib
0x0000000004922000 	/usr/lib/system/libcorecrypto.dylib
0x0000000004922000 	/usr/lib/system/libdispatch.dylib
0x0000000004922000 	/usr/lib/system/libdyld.dylib
0x0000000004922000 	/usr/lib/system/libkeymgr.dylib
0x0000000004922000 	/usr/lib/system/liblaunch.dylib
0x0000000004922000 	/usr/lib/system/libmacho.dylib
0x0000000004922000 	/usr/lib/system/libquarantine.dylib
0x0000000004922000 	/usr/lib/system/libremovefile.dylib
0x0000000004922000 	/usr/lib/system/libsystem_asl.dylib
0x0000000004922000 	/usr/lib/system/libsystem_blocks.dylib
0x0000000004922000 	/usr/lib/system/libsystem_c.dylib
0x0000000004922000 	/usr/lib/system/libsystem_configuration.dylib
0x0000000004922000 	/usr/lib/system/libsystem_coreservices.dylib
0x0000000004922000 	/usr/lib/system/libsystem_coretls.dylib
0x0000000004922000 	/usr/lib/system/libsystem_dnssd.dylib
0x0000000004922000 	/usr/lib/system/libsystem_info.dylib
0x0000000004922000 	/usr/lib/system/libsystem_kernel.dylib
0x0000000004922000 	/usr/lib/system/libsystem_m.dylib
0x0000000004922000 	/usr/lib/system/libsystem_malloc.dylib
0x0000000004922000 	/usr/lib/system/libsystem_network.dylib
0x0000000004922000 	/usr/lib/system/libsystem_networkextension.dylib
0x0000000004922000 	/usr/lib/system/libsystem_notify.dylib
0x0000000004922000 	/usr/lib/system/libsystem_platform.dylib
0x0000000004922000 	/usr/lib/system/libsystem_pthread.dylib
0x0000000004922000 	/usr/lib/system/libsystem_sandbox.dylib
0x0000000004922000 	/usr/lib/system/libsystem_secinit.dylib
0x0000000004922000 	/usr/lib/system/libsystem_stats.dylib
0x0000000004922000 	/usr/lib/system/libsystem_trace.dylib
0x0000000004922000 	/usr/lib/system/libunc.dylib
0x0000000004922000 	/usr/lib/system/libunwind.dylib
0x0000000004922000 	/usr/lib/system/libxpc.dylib
0x0000000004922000 	/usr/lib/libbz2.1.0.dylib
0x0000000004922000 	/usr/lib/liblzma.5.dylib
0x0000000004922000 	/usr/lib/libbsm.0.dylib
0x0000000004922000 	/usr/lib/libsqlite3.dylib
0x0000000004922000 	/usr/lib/system/libkxld.dylib
0x0000000004922000 	/usr/lib/libxar.1.dylib
0x0000000004922000 	/usr/lib/libpam.2.dylib
0x0000000004922000 	/usr/lib/libOpenScriptingUtil.dylib
0x0000000004922000 	/System/Library/Frameworks/CoreServices.framework/Versions/A/Frameworks/FSEvents.framework/Versions/A/FSEvents
0x0000000004922000 	/System/Library/Frameworks/CoreServices.framework/Versions/A/Frameworks/CarbonCore.framework/Versions/A/CarbonCore
0x0000000004922000 	/System/Library/Frameworks/CoreServices.framework/Versions/A/Frameworks/Metadata.framework/Versions/A/Metadata
0x0000000004922000 	/System/Library/Frameworks/CoreServices.framework/Versions/A/Frameworks/OSServices.framework/Versions/A/OSServices
0x0000000004922000 	/System/Library/Frameworks/CoreServices.framework/Versions/A/Frameworks/SearchKit.framework/Versions/A/SearchKit
0x0000000004922000 	/System/Library/Frameworks/CoreServices.framework/Versions/A/Frameworks/AE.framework/Versions/A/AE
0x0000000004922000 	/System/Library/Frameworks/CoreServices.framework/Versions/A/Frameworks/LaunchServices.framework/Versions/A/LaunchServices
0x0000000004922000 	/System/Library/Frameworks/CoreServices.framework/Versions/A/Frameworks/DictionaryServices.framework/Versions/A/DictionaryServices
0x0000000004922000 	/System/Library/Frameworks/NetFS.framework/Versions/A/NetFS
0x0000000004922000 	/System/Library/PrivateFrameworks/NetAuth.framework/Versions/A/NetAuth
0x0000000004922000 	/System/Library/PrivateFrameworks/login.framework/Versions/A/Frameworks/loginsupport.framework/Versions/A/loginsupport
0x0000000004922000 	/System/Library/PrivateFrameworks/TCC.framework/Versions/A/TCC
0x0000000004922000 	/usr/lib/libmecabra.dylib
0x0000000004922000 	/System/Library/PrivateFrameworks/LanguageModeling.framework/Versions/A/LanguageModeling
0x0000000004922000 	/usr/lib/libcmph.dylib
0x0000000004922000 	/usr/lib/libiconv.2.dylib
0x0000000004922000 	/System/Library/Frameworks/OpenDirectory.framework/Versions/A/Frameworks/CFOpenDirectory.framework/Versions/A/CFOpenDirectory
0x0000000004922000 	/System/Library/Frameworks/ServiceManagement.framework/Versions/A/ServiceManagement
0x0000000004922000 	/usr/lib/libxslt.1.dylib
0x0000000004922000 	/System/Library/Frameworks/Carbon.framework/Versions/A/Frameworks/Ink.framework/Versions/A/Ink
0x0000000004922000 	/System/Library/Frameworks/ApplicationServices.framework/Versions/A/Frameworks/ATS.framework/Versions/A/ATS
0x0000000004922000 	/System/Library/Frameworks/ApplicationServices.framework/Versions/A/Frameworks/ColorSync.framework/Versions/A/ColorSync
0x0000000004922000 	/System/Library/Frameworks/ApplicationServices.framework/Versions/A/Frameworks/HIServices.framework/Versions/A/HIServices
0x0000000004922000 	/System/Library/Frameworks/ApplicationServices.framework/Versions/A/Frameworks/LangAnalysis.framework/Versions/A/LangAnalysis
0x0000000004922000 	/System/Library/Frameworks/ApplicationServices.framework/Versions/A/Frameworks/PrintCore.framework/Versions/A/PrintCore
0x0000000004922000 	/System/Library/Frameworks/ApplicationServices.framework/Versions/A/Frameworks/QD.framework/Versions/A/QD
0x0000000004922000 	/System/Library/Frameworks/ApplicationServices.framework/Versions/A/Frameworks/SpeechSynthesis.framework/Versions/A/SpeechSynthesis
0x0000000004922000 	/System/Library/Frameworks/Accelerate.framework/Versions/A/Accelerate
0x0000000004922000 	/System/Library/Frameworks/Accelerate.framework/Versions/A/Frameworks/vImage.framework/Versions/A/vImage
0x0000000004922000 	/System/Library/Frameworks/Accelerate.framework/Versions/A/Frameworks/vecLib.framework/Versions/A/vecLib
0x0000000004922000 	/System/Library/Frameworks/Accelerate.framework/Versions/A/Frameworks/vecLib.framework/Versions/A/libvDSP.dylib
0x0000000004922000 	/System/Library/Frameworks/Accelerate.framework/Versions/A/Frameworks/vecLib.framework/Versions/A/libvMisc.dylib
0x0000000004922000 	/System/Library/Frameworks/Accelerate.framework/Versions/A/Frameworks/vecLib.framework/Versions/A/libLAPACK.dylib
0x0000000004922000 	/System/Library/Frameworks/Accelerate.framework/Versions/A/Frameworks/vecLib.framework/Versions/A/libBLAS.dylib
0x0000000004922000 	/System/Library/Frameworks/Accelerate.framework/Versions/A/Frameworks/vecLib.framework/Versions/A/libLinearAlgebra.dylib
0x0000000004922000 	/System/Library/Frameworks/ApplicationServices.framework/Versions/A/Frameworks/ATS.framework/Versions/A/Resources/libFontParser.dylib
0x0000000004922000 	/System/Library/Frameworks/ApplicationServices.framework/Versions/A/Frameworks/ATS.framework/Versions/A/Resources/libFontRegistry.dylib
0x0000000004922000 	/System/Library/PrivateFrameworks/AppleVPA.framework/Versions/A/AppleVPA
0x0000000004922000 	/System/Library/PrivateFrameworks/AppleJPEG.framework/Versions/A/AppleJPEG
0x0000000004922000 	/System/Library/Frameworks/ImageIO.framework/Versions/A/Resources/libJPEG.dylib
0x0000000004922000 	/System/Library/Frameworks/ImageIO.framework/Versions/A/Resources/libTIFF.dylib
0x0000000004922000 	/System/Library/Frameworks/ImageIO.framework/Versions/A/Resources/libPng.dylib
0x0000000004922000 	/System/Library/Frameworks/ImageIO.framework/Versions/A/Resources/libGIF.dylib
0x0000000004922000 	/System/Library/Frameworks/ImageIO.framework/Versions/A/Resources/libJP2.dylib
0x0000000004922000 	/System/Library/Frameworks/ImageIO.framework/Versions/A/Resources/libRadiance.dylib
0x0000000004922000 	/System/Library/Frameworks/CoreVideo.framework/Versions/A/CoreVideo
0x0000000004922000 	/System/Library/Frameworks/OpenGL.framework/Versions/A/Libraries/libGLU.dylib
0x0000000004922000 	/System/Library/Frameworks/OpenGL.framework/Versions/A/Libraries/libGFXShared.dylib
0x0000000004922000 	/System/Library/Frameworks/OpenGL.framework/Versions/A/Libraries/libGL.dylib
0x0000000004922000 	/System/Library/Frameworks/OpenGL.framework/Versions/A/Libraries/libGLImage.dylib
0x0000000004922000 	/System/Library/Frameworks/OpenGL.framework/Versions/A/Libraries/libCVMSPluginSupport.dylib
0x0000000004922000 	/System/Library/Frameworks/OpenGL.framework/Versions/A/Libraries/libCoreVMClient.dylib
0x0000000004922000 	/usr/lib/libcups.2.dylib
0x0000000004922000 	/System/Library/Frameworks/Kerberos.framework/Versions/A/Kerberos
0x0000000004922000 	/System/Library/Frameworks/GSS.framework/Versions/A/GSS
0x0000000004922000 	/usr/lib/libresolv.9.dylib
0x0000000004922000 	/System/Library/PrivateFrameworks/Heimdal.framework/Versions/A/Heimdal
0x0000000004922000 	/usr/lib/libheimdal-asn1.dylib
0x0000000004922000 	/System/Library/Frameworks/OpenDirectory.framework/Versions/A/OpenDirectory
0x0000000004922000 	/System/Library/PrivateFrameworks/CommonAuth.framework/Versions/A/CommonAuth
0x0000000004922000 	/System/Library/Frameworks/SecurityFoundation.framework/Versions/A/SecurityFoundation
0x0000000004922000 	/System/Library/Frameworks/QuartzCore.framework/Versions/A/Frameworks/CoreImage.framework/Versions/A/CoreImage
0x0000000004922000 	/System/Library/PrivateFrameworks/CrashReporterSupport.framework/Versions/A/CrashReporterSupport
0x0000000004922000 	/System/Library/Frameworks/OpenCL.framework/Versions/A/OpenCL
0x0000000004922000 	/System/Library/PrivateFrameworks/FaceCore.framework/Versions/A/FaceCore
0x0000000004922000 	/System/Library/PrivateFrameworks/Ubiquity.framework/Versions/A/Ubiquity
0x0000000004922000 	/System/Library/PrivateFrameworks/IconServices.framework/Versions/A/IconServices
0x0000000004922000 	/System/Library/PrivateFrameworks/ChunkingLibrary.framework/Versions/A/ChunkingLibrary
0x0000000004922000 	/System/Library/PrivateFrameworks/Apple80211.framework/Versions/A/Apple80211
0x0000000004922000 	/System/Library/Frameworks/CoreWLAN.framework/Versions/A/CoreWLAN
0x0000000004922000 	/System/Library/Frameworks/IOBluetooth.framework/Versions/A/IOBluetooth
0x0000000004922000 	/System/Library/PrivateFrameworks/CoreWiFi.framework/Versions/A/CoreWiFi
0x0000000004922000 	/System/Library/Frameworks/CoreBluetooth.framework/Versions/A/CoreBluetooth
0x0000000004922000 	/System/Library/PrivateFrameworks/DebugSymbols.framework/Versions/A/DebugSymbols
0x0000000004922000 	/System/Library/PrivateFrameworks/CoreSymbolication.framework/Versions/A/CoreSymbolication
0x0000000004922000 	/System/Library/PrivateFrameworks/Symbolication.framework/Versions/A/Symbolication
0x0000000004922000 	/System/Library/PrivateFrameworks/SpeechRecognitionCore.framework/Versions/A/SpeechRecognitionCore
0x0000000103800000 	/Library/Java/JavaVirtualMachines/jdk1.8.0_25.jdk/Contents/Home/jre/lib/server/libjvm.dylib
0x0000000004922000 	/usr/lib/libstdc++.6.dylib
0x0000000102783000 	/Library/Java/JavaVirtualMachines/jdk1.8.0_25.jdk/Contents/Home/jre/lib/libverify.dylib
0x0000000102791000 	/Library/Java/JavaVirtualMachines/jdk1.8.0_25.jdk/Contents/Home/jre/lib/libjava.dylib
0x00000001027cf000 	/Library/Java/JavaVirtualMachines/jdk1.8.0_25.jdk/Contents/Home/jre/lib/libzip.dylib
0x00000001203aa000 	/System/Library/Frameworks/JavaVM.framework/Frameworks/JavaRuntimeSupport.framework/JavaRuntimeSupport
0x00000001203c0000 	/System/Library/Frameworks/JavaVM.framework/Versions/A/Frameworks/JavaNativeFoundation.framework/Versions/A/JavaNativeFoundation
0x00000001203d4000 	/System/Library/Frameworks/JavaVM.framework/Versions/A/JavaVM
0x0000000004922000 	/System/Library/Frameworks/Carbon.framework/Versions/A/Carbon
0x00000001203e0000 	/System/Library/PrivateFrameworks/JavaLaunching.framework/Versions/A/JavaLaunching
0x0000000004922000 	/System/Library/Frameworks/Carbon.framework/Versions/A/Frameworks/CommonPanels.framework/Versions/A/CommonPanels
0x0000000004922000 	/System/Library/Frameworks/Carbon.framework/Versions/A/Frameworks/Help.framework/Versions/A/Help
0x0000000004922000 	/System/Library/Frameworks/Carbon.framework/Versions/A/Frameworks/ImageCapture.framework/Versions/A/ImageCapture
0x0000000004922000 	/System/Library/Frameworks/Carbon.framework/Versions/A/Frameworks/OpenScripting.framework/Versions/A/OpenScripting
0x0000000004922000 	/System/Library/Frameworks/Carbon.framework/Versions/A/Frameworks/Print.framework/Versions/A/Print
0x0000000004922000 	/System/Library/Frameworks/Carbon.framework/Versions/A/Frameworks/SecurityHI.framework/Versions/A/SecurityHI
0x000000012248f000 	/Library/Java/JavaVirtualMachines/jdk1.8.0_25.jdk/Contents/Home/jre/lib/libprism_es2.dylib
0x0000000004922000 	/System/Library/Frameworks/OpenGL.framework/Versions/A/Resources/GLEngine.bundle/GLEngine
0x0000000004922000 	/System/Library/Frameworks/OpenGL.framework/Versions/A/Libraries/libGLProgrammability.dylib
0x0000000000000000 	/System/Library/Extensions/AppleIntelHD5000GraphicsGLDriver.bundle/Contents/MacOS/AppleIntelHD5000GraphicsGLDriver
0x0000000004922000 	/System/Library/PrivateFrameworks/IOAccelerator.framework/Versions/A/IOAccelerator
0x0000000004922000 	/System/Library/PrivateFrameworks/GPUSupport.framework/Versions/A/Libraries/libGPUSupportMercury.dylib
0x0000000004922000 	/System/Library/Frameworks/OpenGL.framework/Versions/A/Resources/GLRendererFloat.bundle/GLRendererFloat
0x0000000004922000 	/System/Library/Frameworks/OpenCL.framework/Versions/A/Libraries/libcldcpuengine.dylib
0x0000000004922000 	/System/Library/PrivateFrameworks/DiskImages.framework/Versions/A/DiskImages
0x0000000004922000 	/System/Library/Frameworks/DiscRecording.framework/Versions/A/DiscRecording
0x0000000004922000 	/usr/lib/libcsfde.dylib
0x0000000004922000 	/usr/lib/libcurl.4.dylib
0x0000000004922000 	/System/Library/PrivateFrameworks/MediaKit.framework/Versions/A/MediaKit
0x0000000004922000 	/System/Library/PrivateFrameworks/ProtectedCloudStorage.framework/Versions/A/ProtectedCloudStorage
0x0000000004922000 	/usr/lib/libCoreStorage.dylib
0x0000000004922000 	/System/Library/PrivateFrameworks/EFILogin.framework/Versions/A/EFILogin
0x0000000004922000 	/usr/lib/libutil.dylib
0x0000000004922000 	/System/Library/PrivateFrameworks/FindMyDevice.framework/Versions/A/FindMyDevice
0x0000000004922000 	/System/Library/Frameworks/LDAP.framework/Versions/A/LDAP
0x0000000004922000 	/usr/lib/libsasl2.2.dylib
0x0000000004922000 	/System/Library/PrivateFrameworks/CoreDaemon.framework/Versions/B/CoreDaemon
0x0000000004922000 	/usr/lib/libcrypto.0.9.8.dylib
0x0000000004922000 	/System/Library/PrivateFrameworks/AppleSRP.framework/Versions/A/AppleSRP
0x0000000004922000 	/System/Library/PrivateFrameworks/TrustEvaluationAgent.framework/Versions/A/TrustEvaluationAgent
0x000000012293a000 	/Library/Java/JavaVirtualMachines/jdk1.8.0_25.jdk/Contents/Home/jre/lib/libglass.dylib
0x0000000004922000 	/System/Library/PrivateFrameworks/CoreServicesInternal.framework/Versions/A/CoreServicesInternal
0x0000000004922000 	/System/Library/PrivateFrameworks/CloudDocs.framework/Versions/A/CloudDocs
0x0000000004922000 	/System/Library/PrivateFrameworks/CoreDuet.framework/Versions/A/CoreDuet
0x0000000004922000 	/System/Library/Frameworks/CloudKit.framework/Versions/A/CloudKit
0x0000000004922000 	/System/Library/PrivateFrameworks/ProtocolBuffer.framework/Versions/A/ProtocolBuffer
0x0000000004922000 	/System/Library/PrivateFrameworks/CoreDuetDaemonProtocol.framework/Versions/A/CoreDuetDaemonProtocol
0x0000000004922000 	/System/Library/PrivateFrameworks/CoreDuetDebugLogging.framework/Versions/A/CoreDuetDebugLogging
0x0000000004922000 	/System/Library/Frameworks/CoreLocation.framework/Versions/A/CoreLocation
0x0000000004922000 	/System/Library/Frameworks/Accounts.framework/Versions/A/Accounts
0x0000000004922000 	/System/Library/PrivateFrameworks/ApplePushService.framework/Versions/A/ApplePushService
0x0000000004922000 	/System/Library/PrivateFrameworks/GeoServices.framework/Versions/A/GeoServices
0x0000000004922000 	/System/Library/PrivateFrameworks/OAuth.framework/Versions/A/OAuth
0x0000000004922000 	/System/Library/Frameworks/CoreGraphics.framework/Versions/A/Resources/libCGCMS.A.dylib
0x0000000004922000 	/System/Library/CoreServices/RawCamera.bundle/Contents/MacOS/RawCamera
0x0000000004922000 	/System/Library/Frameworks/CoreGraphics.framework/Versions/A/Resources/libRIP.A.dylib
0x0000000004922000 	/System/Library/PrivateFrameworks/FamilyControls.framework/Versions/A/FamilyControls
0x0000000004922000 	/System/Library/PrivateFrameworks/CommerceKit.framework/Versions/A/Frameworks/CommerceCore.framework/Versions/A/CommerceCore
0x0000000004922000 	/System/Library/PrivateFrameworks/SystemAdministration.framework/Versions/A/SystemAdministration
0x0000000004922000 	/System/Library/PrivateFrameworks/AppContainer.framework/Versions/A/AppContainer
0x0000000004922000 	/System/Library/PrivateFrameworks/SecCodeWrapper.framework/Versions/A/SecCodeWrapper
0x0000000004922000 	/System/Library/Frameworks/DirectoryService.framework/Versions/A/DirectoryService
0x0000000004922000 	/System/Library/PrivateFrameworks/LoginUIKit.framework/Versions/A/Frameworks/LoginUICore.framework/Versions/A/LoginUICore
0x0000000004922000 	/usr/lib/libodfde.dylib
0x000000012607d000 	/Library/Java/JavaVirtualMachines/jdk1.8.0_25.jdk/Contents/Home/jre/lib/libjavafx_font.dylib
0x0000000004922000 	/System/Library/Frameworks/CoreGraphics.framework/Versions/A/Resources/libCGXType.A.dylib
0x0000000125e49000 	/Library/Java/JavaVirtualMachines/jdk1.8.0_25.jdk/Contents/Home/jre/lib/libnet.dylib
0x0000000123d9d000 	/Library/Java/JavaVirtualMachines/jdk1.8.0_25.jdk/Contents/Home/jre/lib/libprism_common.dylib
0x0000000123e97000 	cl_kernels
0x000000012bf95000 	/System/Library/Frameworks/OpenCL.framework/Versions/A/Libraries/ImageFormats/unorm8_bgra.dylib
0x0000000123e9b000 	cl_kernels

VM Arguments:
jvm_args: -Dfile.encoding=UTF-8 
java_command: /Users/Eskil/NetBeansProjects/Einblick_App/dist/run2135728600/Einblick_App.jar
java_class_path (initial): /Users/Eskil/NetBeansProjects/Einblick_App/dist/run2135728600/Einblick_App.jar
Launcher Type: SUN_STANDARD

Environment Variables:
PATH=/usr/bin:/bin:/usr/sbin:/sbin
LD_LIBRARY_PATH=/Library/Java/JavaVirtualMachines/jdk1.8.0_25.jdk/Contents/Home/jre/lib/amd64:/Library/Java/JavaVirtualMachines/jdk1.8.0_25.jdk/Contents/Home/jre/lib/i386:
SHELL=/bin/bash
DYLD_LIBRARY_PATH=/Applications/NetBeans/NetBeans 8.0.1.app/Contents/Resources/NetBeans/webcommon/bin:

Signal Handlers:
SIGSEGV: [libjvm.dylib+0x579dc7], sa_mask[0]=11111111011111110111111111111111, sa_flags=SA_ONSTACK|SA_RESTART|SA_SIGINFO
SIGBUS: [libjvm.dylib+0x579dc7], sa_mask[0]=11111111011111110111111111111111, sa_flags=SA_RESTART|SA_SIGINFO
SIGFPE: [libjvm.dylib+0x45b030], sa_mask[0]=11111111011111110111111111111111, sa_flags=SA_RESTART|SA_SIGINFO
SIGPIPE: [libjvm.dylib+0x45b030], sa_mask[0]=11111111011111110111111111111111, sa_flags=SA_RESTART|SA_SIGINFO
SIGXFSZ: [libjvm.dylib+0x45b030], sa_mask[0]=11111111011111110111111111111111, sa_flags=SA_RESTART|SA_SIGINFO
SIGILL: [libjvm.dylib+0x45b030], sa_mask[0]=11111111011111110111111111111111, sa_flags=SA_RESTART|SA_SIGINFO
SIGUSR1: SIG_DFL, sa_mask[0]=00000000000000000000000000000000, sa_flags=none
SIGUSR2: [libjvm.dylib+0x45ab4e], sa_mask[0]=00100000000000000000000000000000, sa_flags=SA_RESTART|SA_SIGINFO
SIGHUP: [libjvm.dylib+0x459121], sa_mask[0]=11111111011111110111111111111111, sa_flags=SA_RESTART|SA_SIGINFO
SIGINT: SIG_IGN, sa_mask[0]=00000000000000000000000000000000, sa_flags=none
SIGTERM: [libjvm.dylib+0x459121], sa_mask[0]=11111111011111110111111111111111, sa_flags=SA_RESTART|SA_SIGINFO
SIGQUIT: [libjvm.dylib+0x459121], sa_mask[0]=11111111011111110111111111111111, sa_flags=SA_RESTART|SA_SIGINFO


---------------  S Y S T E M  ---------------

OS:Bsduname:Darwin 14.0.0 Darwin Kernel Version 14.0.0: Fri Sep 19 00:26:44 PDT 2014; root:xnu-2782.1.97~2/RELEASE_X86_64 x86_64
rlimit: STACK 8192k, CORE 0k, NPROC 709, NOFILE 10240, AS infinity
load average:2.71 2.10 1.91

CPU:total 8 (4 cores per cpu, 2 threads per core) family 6 model 70 stepping 1, cmov, cx8, fxsr, mmx, sse, sse2, sse3, ssse3, sse4.1, sse4.2, popcnt, avx, avx2, aes, clmul, erms, lzcnt, ht, tsc, tscinvbit, bmi1, bmi2

Memory: 4k page, physical 16777216k(3902176k free)

/proc/meminfo:


vm_info: Java HotSpot(TM) 64-Bit Server VM (25.25-b02) for bsd-amd64 JRE (1.8.0_25-b17), built on Sep 17 2014 16:56:50 by "java_re" with gcc 4.2.1 (Based on Apple Inc. build 5658) (LLVM build 2336.11.00)

time: Tue Oct 28 12:41:46 2014
elapsed time: 33 seconds (0d 0h 0m 33s)

