#
# A fatal error has been detected by the Java Runtime Environment:
#
#  SIGSEGV (0xb) at pc=0x00007fff93641fcf, pid=39252, tid=1811
#
# JRE version: Java(TM) SE Runtime Environment (8.0_25-b17) (build 1.8.0_25-b17)
# Java VM: Java HotSpot(TM) 64-Bit Server VM (25.25-b02 mixed mode bsd-amd64 compressed oops)
# Problematic frame:
# C  [libsystem_platform.dylib+0xfcf]  OSSpinLockLock+0x7
#
# Failed to write core dump. Core dumps have been disabled. To enable core dumping, try "ulimit -c unlimited" before starting Java again
#
# If you would like to submit a bug report, please visit:
#   http://bugreport.sun.com/bugreport/crash.jsp
# The crash happened outside the Java Virtual Machine in native code.
# See problematic frame for where to report the bug.
#

---------------  T H R E A D  ---------------

Current thread (0x00007fb2d3062000):  JavaThread "JavaFX Application Thread" [_thread_in_native, id=1811, stack(0x00007fff5cb67000,0x00007fff5d367000)]

siginfo: si_signo: 11 (SIGSEGV), si_code: 1 (SEGV_MAPERR), si_addr: 0x000000000000000c

Registers:
RAX=0x0000000000000000, RBX=0x0000000000000000, RCX=0x00000000ffffffff, RDX=0x0000000000000000
RSP=0x00007fff5d3604f8, RBP=0x00007fff5d360520, RSI=0x00007fb2d1d13fb0, RDI=0x000000000000000c
R8 =0x000000000000040b, R9 =0x0000000000000000, R10=0x0000000000000034, R11=0x0000000000000206
R12=0x00007fb2d3e5ad60, R13=0x0000000000000000, R14=0x000000000000000c, R15=0x00007fb2d1d13fb0
RIP=0x00007fff93641fcf, EFLAGS=0x0000000000010246, ERR=0x0000000000000006
  TRAPNO=0x000000000000000e

Top of Stack: (sp=0x00007fff5d3604f8)
0x00007fff5d3604f8:   00007fff8fedfa44 00007fb2d1d13fb0
0x00007fff5d360508:   00007fb2d3e5ad60 00007fb2d3e5aeb8
0x00007fff5d360518:   0000000080000802 00007fff5d360540
0x00007fff5d360528:   00007fff8fa0d5c8 0000000000000000
0x00007fff5d360538:   00007fb2d3e5aec0 00007fff5d360780
0x00007fff5d360548:   00007fff8ae22717 0000000000000000
0x00007fff5d360558:   0000000000000000 415e6118c0000000
0x00007fff5d360568:   4090f40000000000 00007fff5d360bb0
0x00007fff5d360578:   00007fff913383da 40a4000000000000
0x00007fff5d360588:   0000003000001200 0000040b00000000
0x00007fff5d360598:   3e11e7588ff12c3e 0000000000000000
0x00007fff5d3605a8:   00007fb2d3e5ae08 0000000001548520
0x00007fff5d3605b8:   3ff0000000000000 00007fb2d3e5ad70
0x00007fff5d3605c8:   000024d000000000 0000000080000802
0x00007fff5d3605d8:   0003e0ab00000000 0000000008000100
0x00007fff5d3605e8:   00007fff8e0f3e68 000000000000000a
0x00007fff5d3605f8:   0000000000000000 00007fff5d36067c
0x00007fff5d360608:   00007fff5d360680 00007fff5d360684
0x00007fff5d360618:   00007fb2d3a186f0 2b10148e00000001
0x00007fff5d360628:   3ff0000000000000 0000000000000000
0x00007fff5d360638:   0000000000000000 415e6118c0000000
0x00007fff5d360648:   4090f40000000000 0000000000000000
0x00007fff5d360658:   0000000000000000 415e6118c0000000
0x00007fff5d360668:   4090f40000000000 0000000000000000
0x00007fff5d360678:   0000000000000000 0000000000000000
0x00007fff5d360688:   0000000000000000 415e6118c0000000
0x00007fff5d360698:   00007fb2d3f16910 0000000000000000
0x00007fff5d3606a8:   0000000000000000 415e6118c0000000
0x00007fff5d3606b8:   4090f40000000000 0000000000000000
0x00007fff5d3606c8:   000000025d3608c0 042806402b10148e
0x00007fff5d3606d8:   00007fff92516d79 0000000000000000
0x00007fff5d3606e8:   0000000000000000 00007fff762dd810 

Instructions: (pc=0x00007fff93641fcf)
0x00007fff93641faf:   8b 43 20 48 85 c0 74 0a 48 8b 00 48 89 05 d7 74
0x00007fff93641fbf:   6c e3 48 83 c4 08 5b 5d c3 b9 ff ff ff ff 31 c0
0x00007fff93641fcf:   f0 0f b1 0f 85 c0 74 05 e9 12 28 00 00 c3 31 c0
0x00007fff93641fdf:   89 07 c3 90 90 90 90 90 90 90 90 90 90 90 90 90 

Register to memory mapping:

RAX=0x0000000000000000 is an unknown value
RBX=0x0000000000000000 is an unknown value
RCX=0x00000000ffffffff is an unknown value
RDX=0x0000000000000000 is an unknown value
RSP=0x00007fff5d3604f8 is pointing into the stack for thread: 0x00007fb2d3062000
RBP=0x00007fff5d360520 is pointing into the stack for thread: 0x00007fb2d3062000
RSI=0x00007fb2d1d13fb0 is an unknown value
RDI=0x000000000000000c is an unknown value
R8 =0x000000000000040b is an unknown value
R9 =0x0000000000000000 is an unknown value
R10=0x0000000000000034 is an unknown value
R11=0x0000000000000206 is an unknown value
R12=0x00007fb2d3e5ad60 is an unknown value
R13=0x0000000000000000 is an unknown value
R14=0x000000000000000c is an unknown value
R15=0x00007fb2d1d13fb0 is an unknown value


Stack: [0x00007fff5cb67000,0x00007fff5d367000],  sp=0x00007fff5d3604f8,  free space=8165k
Native frames: (J=compiled Java code, j=interpreted, Vv=VM code, C=native code)
C  [libsystem_platform.dylib+0xfcf]  OSSpinLockLock+0x7
C  [CoreGraphics+0xc5c8]  CGSSetWindowColorSpace+0x1b
C  [QuartzCore+0xf717]  CAViewUpdate+0xe9f
C  [AppKit+0x111ee2]  -[NSView(NSInternal) _updateLayerTreeRenderer]+0x77b
C  [AppKit+0x11ce81]  -[NSSurface _windowDidChangeScreens:]+0x3a
C  [CoreFoundation+0x11ecbc]  __CFNOTIFICATIONCENTER_IS_CALLING_OUT_TO_AN_OBSERVER__+0xc
C  [CoreFoundation+0x101b4]  _CFXNotificationPost+0xc44
C  [Foundation+0x2ea1]  -[NSNotificationCenter postNotificationName:object:userInfo:]+0x42
C  [AppKit+0x11cb05]  NSPerformWithScreenUpdatesDisabled+0x41
C  [AppKit+0x11cab2]  -[NSWindow _updateSettingsSendingScreenChangeNotificationIfNeeded:]+0x16e
C  [AppKit+0x115c74]  -[NSWindow _setFrame:updateBorderViewSize:]+0x44b
C  [AppKit+0x1152d3]  -[NSWindow _oldPlaceWindow:]+0x45e
C  [AppKit+0x1147ea]  -[NSWindow _setFrameCommon:display:stashSize:]+0x9df
C  [AppKit+0x113755]  -[NSWindow setFrame:display:animate:]+0x93
C  [libglass.dylib+0x23315]  -[GlassWindow(Java) _setFlipFrame:display:animate:]+0xa5
C  [libglass.dylib+0x22f04]  -[GlassWindow(Java) _setWindowFrameWithRect:withDisplay:withAnimate:]+0x84
C  [libglass.dylib+0x23130]  -[GlassWindow(Java) _setBounds:y:xSet:ySet:w:h:cw:ch:]+0x220
C  [libglass.dylib+0x268cd]  Java_com_sun_glass_ui_mac_MacWindow__1setBounds+0x1ad
j  com.sun.glass.ui.mac.MacWindow._setBounds(JIIZZIIIIFF)V+0
j  com.sun.glass.ui.Window.setBounds(IIZZIIIIFF)V+29
j  com.sun.javafx.tk.quantum.WindowStage.setBounds(FFZZFFFFFF)V+39
j  javafx.stage.Window$TKBoundsConfigurator.apply()V+110
j  javafx.stage.Window.applyBounds()V+4
j  javafx.stage.Window$9.invalidated()V+377
J 3377 C2 javafx.beans.property.BooleanPropertyBase.set(Z)V (35 bytes) @ 0x000000010552b504 [0x000000010552b4a0+0x64]

Java frames: (J=compiled Java code, j=interpreted, Vv=VM code)
j  com.sun.glass.ui.mac.MacWindow._setBounds(JIIZZIIIIFF)V+0
j  com.sun.glass.ui.Window.setBounds(IIZZIIIIFF)V+29
j  com.sun.javafx.tk.quantum.WindowStage.setBounds(FFZZFFFFFF)V+39
j  javafx.stage.Window$TKBoundsConfigurator.apply()V+110
j  javafx.stage.Window.applyBounds()V+4
j  javafx.stage.Window$9.invalidated()V+377
J 3377 C2 javafx.beans.property.BooleanPropertyBase.set(Z)V (35 bytes) @ 0x000000010552b504 [0x000000010552b4a0+0x64]
j  javafx.stage.Window.setShowing(Z)V+11
j  javafx.stage.Window.show()V+2
j  javafx.stage.PopupWindow.showImpl(Ljavafx/stage/Window;)V+105
j  javafx.stage.PopupWindow.show(Ljavafx/scene/Node;DD)V+89
j  javafx.scene.control.ContextMenu.doShow(Ljavafx/scene/Node;DD)V+74
j  javafx.scene.control.ContextMenu.show(Ljavafx/scene/Node;Ljavafx/geometry/Side;DD)V+131
j  com.sun.javafx.scene.control.skin.ChoiceBoxSkin.handleControlPropertyChanged(Ljava/lang/String;)V+382
J 3340 C1 com.sun.javafx.scene.control.skin.BehaviorSkinBase$$Lambda$181.call(Ljava/lang/Object;)Ljava/lang/Object; (12 bytes) @ 0x00000001054da254 [0x00000001054da020+0x234]
J 3417 C1 com.sun.javafx.scene.control.MultiplePropertyChangeListenerHandler$1.changed(Ljavafx/beans/value/ObservableValue;Ljava/lang/Object;Ljava/lang/Object;)V (27 bytes) @ 0x00000001055143d4 [0x00000001055141e0+0x1f4]
J 3320 C1 javafx.beans.value.WeakChangeListener.changed(Ljavafx/beans/value/ObservableValue;Ljava/lang/Object;Ljava/lang/Object;)V (38 bytes) @ 0x00000001054d6b44 [0x00000001054d6860+0x2e4]
J 3319 C1 com.sun.javafx.binding.ExpressionHelper$SingleChange.fireValueChangedEvent()V (96 bytes) @ 0x00000001054d3ae4 [0x00000001054d36e0+0x404]
J 3589 C1 javafx.beans.property.ReadOnlyBooleanWrapper.fireValueChangedEvent()V (15 bytes) @ 0x00000001055a5374 [0x00000001055a5120+0x254]
J 3377 C2 javafx.beans.property.BooleanPropertyBase.set(Z)V (35 bytes) @ 0x000000010552b518 [0x000000010552b4a0+0x78]
j  javafx.scene.control.ChoiceBox.show()V+12
j  com.sun.javafx.scene.control.behavior.ChoiceBoxBehavior.mouseReleased(Ljavafx/scene/input/MouseEvent;)V+53
j  com.sun.javafx.scene.control.skin.BehaviorSkinBase$1.handle(Ljavafx/scene/input/MouseEvent;)V+83
j  com.sun.javafx.scene.control.skin.BehaviorSkinBase$1.handle(Ljavafx/event/Event;)V+5
j  com.sun.javafx.event.CompositeEventHandler$NormalEventHandlerRecord.handleBubblingEvent(Ljavafx/event/Event;)V+5
J 4767 C1 com.sun.javafx.event.CompositeEventHandler.dispatchBubblingEvent(Ljavafx/event/Event;)V (57 bytes) @ 0x0000000104d15544 [0x0000000104d15300+0x244]
J 4676 C1 com.sun.javafx.event.EventHandlerManager.dispatchBubblingEvent(Ljavafx/event/Event;)Ljavafx/event/Event; (23 bytes) @ 0x0000000104cc3524 [0x0000000104cc2e80+0x6a4]
J 4761 C1 com.sun.javafx.event.CompositeEventDispatcher.dispatchBubblingEvent(Ljavafx/event/Event;)Ljavafx/event/Event; (35 bytes) @ 0x000000010505179c [0x00000001050515e0+0x1bc]
J 2610 C1 com.sun.javafx.event.BasicEventDispatcher.dispatchEvent(Ljavafx/event/Event;Ljavafx/event/EventDispatchChain;)Ljavafx/event/Event; (44 bytes) @ 0x00000001052e0e74 [0x00000001052e0b40+0x334]
J 2340 C1 com.sun.javafx.event.EventDispatchChainImpl.dispatchEvent(Ljavafx/event/Event;)Ljavafx/event/Event; (101 bytes) @ 0x00000001051fae54 [0x00000001051faca0+0x1b4]
J 2610 C1 com.sun.javafx.event.BasicEventDispatcher.dispatchEvent(Ljavafx/event/Event;Ljavafx/event/EventDispatchChain;)Ljavafx/event/Event; (44 bytes) @ 0x00000001052e0d8c [0x00000001052e0b40+0x24c]
J 2340 C1 com.sun.javafx.event.EventDispatchChainImpl.dispatchEvent(Ljavafx/event/Event;)Ljavafx/event/Event; (101 bytes) @ 0x00000001051fae54 [0x00000001051faca0+0x1b4]
J 2610 C1 com.sun.javafx.event.BasicEventDispatcher.dispatchEvent(Ljavafx/event/Event;Ljavafx/event/EventDispatchChain;)Ljavafx/event/Event; (44 bytes) @ 0x00000001052e0d8c [0x00000001052e0b40+0x24c]
J 2340 C1 com.sun.javafx.event.EventDispatchChainImpl.dispatchEvent(Ljavafx/event/Event;)Ljavafx/event/Event; (101 bytes) @ 0x00000001051fae54 [0x00000001051faca0+0x1b4]
J 2610 C1 com.sun.javafx.event.BasicEventDispatcher.dispatchEvent(Ljavafx/event/Event;Ljavafx/event/EventDispatchChain;)Ljavafx/event/Event; (44 bytes) @ 0x00000001052e0d8c [0x00000001052e0b40+0x24c]
J 2340 C1 com.sun.javafx.event.EventDispatchChainImpl.dispatchEvent(Ljavafx/event/Event;)Ljavafx/event/Event; (101 bytes) @ 0x00000001051fae54 [0x00000001051faca0+0x1b4]
J 2610 C1 com.sun.javafx.event.BasicEventDispatcher.dispatchEvent(Ljavafx/event/Event;Ljavafx/event/EventDispatchChain;)Ljavafx/event/Event; (44 bytes) @ 0x00000001052e0d8c [0x00000001052e0b40+0x24c]
J 2340 C1 com.sun.javafx.event.EventDispatchChainImpl.dispatchEvent(Ljavafx/event/Event;)Ljavafx/event/Event; (101 bytes) @ 0x00000001051fae54 [0x00000001051faca0+0x1b4]
J 2598 C1 com.sun.javafx.event.EventUtil.fireEvent(Ljavafx/event/EventTarget;Ljavafx/event/Event;)Ljavafx/event/Event; (81 bytes) @ 0x00000001052dd36c [0x00000001052dcc40+0x72c]
J 2597 C1 javafx.event.Event.fireEvent(Ljavafx/event/EventTarget;Ljavafx/event/Event;)V (35 bytes) @ 0x00000001052d5c6c [0x00000001052d5ba0+0xcc]
j  javafx.scene.Scene$MouseHandler.process(Ljavafx/scene/input/MouseEvent;Z)V+491
j  javafx.scene.Scene$MouseHandler.access$1500(Ljavafx/scene/Scene$MouseHandler;Ljavafx/scene/input/MouseEvent;Z)V+3
j  javafx.scene.Scene.impl_processMouseEvent(Ljavafx/scene/input/MouseEvent;)V+6
j  javafx.scene.Scene$ScenePeerListener.mouseEvent(Ljavafx/event/EventType;DDDDLjavafx/scene/input/MouseButton;ZZZZZZZZZ)V+46
j  com.sun.javafx.tk.quantum.GlassViewEventHandler$MouseEventNotification.run()Ljava/lang/Void;+438
j  com.sun.javafx.tk.quantum.GlassViewEventHandler$MouseEventNotification.run()Ljava/lang/Object;+1
v  ~StubRoutines::call_stub
J 2563  java.security.AccessController.doPrivileged(Ljava/security/PrivilegedAction;Ljava/security/AccessControlContext;)Ljava/lang/Object; (0 bytes) @ 0x00000001052c7563 [0x00000001052c7500+0x63]
j  com.sun.javafx.tk.quantum.GlassViewEventHandler.handleMouseEvent(Lcom/sun/glass/ui/View;JIIIIIIIZZ)V+108
j  com.sun.glass.ui.View.handleMouseEvent(JIIIIIIIZZ)V+30
j  com.sun.glass.ui.View.notifyMouse(IIIIIIIZZ)V+181
v  ~StubRoutines::call_stub

---------------  P R O C E S S  ---------------

Java Threads: ( => current thread )
  0x00007fb2d4a7a000 JavaThread "Prism Font Disposer" daemon [_thread_blocked, id=54815, stack(0x00000001268b3000,0x00000001269b3000)]
  0x00007fb2d3334800 JavaThread "Abandoned connection cleanup thread" daemon [_thread_blocked, id=52995, stack(0x0000000126fd0000,0x00000001270d0000)]
  0x00007fb2d2241000 JavaThread "Thread-4" daemon [_thread_in_native, id=38663, stack(0x0000000124d23000,0x0000000124da3000)]
  0x00007fb2d2914000 JavaThread "JavaFX-Launcher" [_thread_blocked, id=51459, stack(0x0000000125ef1000,0x0000000125ff1000)]
=>0x00007fb2d3062000 JavaThread "JavaFX Application Thread" [_thread_in_native, id=1811, stack(0x00007fff5cb67000,0x00007fff5d367000)]
  0x00007fb2d3067000 JavaThread "Thread-1" daemon [_thread_blocked, id=25875, stack(0x0000000122bf8000,0x0000000122cf8000)]
  0x00007fb2d28f9800 JavaThread "QuantumRenderer-0" daemon [_thread_blocked, id=21763, stack(0x00000001225ea000,0x00000001226ea000)]
  0x00007fb2d4822800 JavaThread "Service Thread" daemon [_thread_blocked, id=20739, stack(0x0000000122355000,0x0000000122455000)]
  0x00007fb2d4811800 JavaThread "C1 CompilerThread3" daemon [_thread_blocked, id=20227, stack(0x0000000122252000,0x0000000122352000)]
  0x00007fb2d2807000 JavaThread "C2 CompilerThread2" daemon [_thread_blocked, id=19715, stack(0x000000012214f000,0x000000012224f000)]
  0x00007fb2d4809000 JavaThread "C2 CompilerThread1" daemon [_thread_blocked, id=19203, stack(0x000000012204c000,0x000000012214c000)]
  0x00007fb2d204d000 JavaThread "C2 CompilerThread0" daemon [_thread_blocked, id=18691, stack(0x0000000121f49000,0x0000000122049000)]
  0x00007fb2d204c800 JavaThread "Signal Dispatcher" daemon [_thread_blocked, id=15379, stack(0x0000000121e46000,0x0000000121f46000)]
  0x00007fb2d302a800 JavaThread "Finalizer" daemon [_thread_blocked, id=13571, stack(0x0000000120505000,0x0000000120605000)]
  0x00007fb2d302a000 JavaThread "Reference Handler" daemon [_thread_blocked, id=13059, stack(0x0000000120402000,0x0000000120502000)]
  0x00007fb2d2806000 JavaThread "main" [_thread_blocked, id=4867, stack(0x000000010491d000,0x0000000104a1d000)]

Other Threads:
  0x00007fb2d2006000 VMThread [stack: 0x00000001202ff000,0x00000001203ff000] [id=12547]
  0x00007fb2d4823000 WatcherThread [stack: 0x0000000122458000,0x0000000122558000] [id=21251]

VM state:not at safepoint (normal execution)

VM Mutex/Monitor currently owned by a thread: None

Heap:
 PSYoungGen      total 667136K, used 654373K [0x000000076ab00000, 0x00000007ab800000, 0x00000007c0000000)
  eden space 386560K, 98% used [0x000000076ab00000,0x0000000781f54128,0x0000000782480000)
  from space 280576K, 97% used [0x0000000782480000,0x0000000792f352d8,0x0000000793680000)
  to   space 324096K, 0% used [0x0000000797b80000,0x0000000797b80000,0x00000007ab800000)
 ParOldGen       total 976384K, used 841749K [0x00000006c0000000, 0x00000006fb980000, 0x000000076ab00000)
  object space 976384K, 86% used [0x00000006c0000000,0x00000006f36054e0,0x00000006fb980000)
 Metaspace       used 24406K, capacity 25962K, committed 26112K, reserved 1071104K
  class space    used 3449K, capacity 3727K, committed 3840K, reserved 1048576K

Card table byte_map: [0x0000000113e1c000,0x000000011461d000] byte_map_base: 0x000000011081c000

Marking Bits: (ParMarkBitMap*) 0x000000010429d390
 Begin Bits: [0x000000011538b000, 0x000000011938b000)
 End Bits:   [0x000000011938b000, 0x000000011d38b000)

Polling page: 0x00000001029ee000

CodeCache: size=245760Kb used=14706Kb max_used=15305Kb free=231053Kb
 bounds [0x0000000104a5c000, 0x000000010598c000, 0x0000000113a5c000]
 total_blobs=5148 nmethods=4439 adapters=622
 compilation: enabled

Compilation events (10 events):
Event: 21.674 Thread 0x00007fb2d4811800 4879       3       com.sun.javafx.scene.control.skin.ContextMenuContent::access$2100 (5 bytes)
Event: 21.674 Thread 0x00007fb2d4811800 nmethod 4879 0x0000000104f62250 code [0x0000000104f623a0, 0x0000000104f624d0]
Event: 21.674 Thread 0x00007fb2d4811800 4880       3       com.sun.javafx.scene.control.skin.ContextMenuContent::access$2200 (5 bytes)
Event: 21.674 Thread 0x00007fb2d4811800 nmethod 4880 0x0000000104c92b90 code [0x0000000104c92ce0, 0x0000000104c92e10]
Event: 21.695 Thread 0x00007fb2d4809000 4881       4       javafx.scene.Node::relocate (90 bytes)
Event: 21.720 Thread 0x00007fb2d4809000 nmethod 4881 0x0000000104d1c850 code [0x0000000104d1cc40, 0x0000000104d1e540]
Event: 22.942 Thread 0x00007fb2d4811800 4882       3       javafx.scene.layout.Region::positionInArea (74 bytes)
Event: 22.942 Thread 0x00007fb2d4811800 nmethod 4882 0x0000000104cb2d10 code [0x0000000104cb2f00, 0x0000000104cb3928]
Event: 22.942 Thread 0x00007fb2d4811800 4883       3       com.sun.javafx.geom.transform.Translate2D::setToIdentity (11 bytes)
Event: 22.942 Thread 0x00007fb2d4811800 nmethod 4883 0x0000000104c92850 code [0x0000000104c929a0, 0x0000000104c92b10]

GC Heap History (10 events):
Event: 15.531 GC heap before
{Heap before GC invocations=21 (full 4):
 PSYoungGen      total 557568K, used 473116K [0x000000076ab00000, 0x0000000798100000, 0x00000007c0000000)
  eden space 412672K, 99% used [0x000000076ab00000,0x0000000783d08130,0x0000000783e00000)
  from space 144896K, 42% used [0x000000078f380000,0x0000000792f7f0a8,0x0000000798100000)
  to   space 165376K, 0% used [0x0000000783e00000,0x0000000783e00000,0x000000078df80000)
 ParOldGen       total 976384K, used 572872K [0x00000006c0000000, 0x00000006fb980000, 0x000000076ab00000)
  object space 976384K, 58% used [0x00000006c0000000,0x00000006e2f722b0,0x00000006fb980000)
 Metaspace       used 24398K, capacity 25962K, committed 26112K, reserved 1071104K
  class space    used 3449K, capacity 3727K, committed 3840K, reserved 1048576K
Event: 15.537 GC heap after
Heap after GC invocations=21 (full 4):
 PSYoungGen      total 578048K, used 55123K [0x000000076ab00000, 0x0000000799880000, 0x00000007c0000000)
  eden space 412672K, 0% used [0x000000076ab00000,0x000000076ab00000,0x0000000783e00000)
  from space 165376K, 33% used [0x0000000783e00000,0x00000007873d4df0,0x000000078df80000)
  to   space 158720K, 0% used [0x000000078fd80000,0x000000078fd80000,0x0000000799880000)
 ParOldGen       total 976384K, used 572872K [0x00000006c0000000, 0x00000006fb980000, 0x000000076ab00000)
  object space 976384K, 58% used [0x00000006c0000000,0x00000006e2f722b0,0x00000006fb980000)
 Metaspace       used 24398K, capacity 25962K, committed 26112K, reserved 1071104K
  class space    used 3449K, capacity 3727K, committed 3840K, reserved 1048576K
}
Event: 17.226 GC heap before
{Heap before GC invocations=22 (full 4):
 PSYoungGen      total 578048K, used 465699K [0x000000076ab00000, 0x0000000799880000, 0x00000007c0000000)
  eden space 412672K, 99% used [0x000000076ab00000,0x0000000783bf3f50,0x0000000783e00000)
  from space 165376K, 33% used [0x0000000783e00000,0x00000007873d4df0,0x000000078df80000)
  to   space 158720K, 0% used [0x000000078fd80000,0x000000078fd80000,0x0000000799880000)
 ParOldGen       total 976384K, used 572872K [0x00000006c0000000, 0x00000006fb980000, 0x000000076ab00000)
  object space 976384K, 58% used [0x00000006c0000000,0x00000006e2f722b0,0x00000006fb980000)
 Metaspace       used 24401K, capacity 25962K, committed 26112K, reserved 1071104K
  class space    used 3449K, capacity 3727K, committed 3840K, reserved 1048576K
Event: 17.263 GC heap after
Heap after GC invocations=22 (full 4):
 PSYoungGen      total 592896K, used 136968K [0x000000076ab00000, 0x000000079b300000, 0x00000007c0000000)
  eden space 434176K, 0% used [0x000000076ab00000,0x000000076ab00000,0x0000000785300000)
  from space 158720K, 86% used [0x000000078fd80000,0x00000007983420b8,0x0000000799880000)
  to   space 174592K, 0% used [0x0000000785300000,0x0000000785300000,0x000000078fd80000)
 ParOldGen       total 976384K, used 572872K [0x00000006c0000000, 0x00000006fb980000, 0x000000076ab00000)
  object space 976384K, 58% used [0x00000006c0000000,0x00000006e2f722b0,0x00000006fb980000)
 Metaspace       used 24401K, capacity 25962K, committed 26112K, reserved 1071104K
  class space    used 3449K, capacity 3727K, committed 3840K, reserved 1048576K
}
Event: 18.845 GC heap before
{Heap before GC invocations=23 (full 4):
 PSYoungGen      total 592896K, used 567779K [0x000000076ab00000, 0x000000079b300000, 0x00000007c0000000)
  eden space 434176K, 99% used [0x000000076ab00000,0x0000000784fb6f28,0x0000000785300000)
  from space 158720K, 86% used [0x000000078fd80000,0x00000007983420b8,0x0000000799880000)
  to   space 174592K, 0% used [0x0000000785300000,0x0000000785300000,0x000000078fd80000)
 ParOldGen       total 976384K, used 572872K [0x00000006c0000000, 0x00000006fb980000, 0x000000076ab00000)
  object space 976384K, 58% used [0x00000006c0000000,0x00000006e2f722b0,0x00000006fb980000)
 Metaspace       used 24403K, capacity 25962K, committed 26112K, reserved 1071104K
  class space    used 3449K, capacity 3727K, committed 3840K, reserved 1048576K
Event: 18.899 GC heap after
Heap after GC invocations=23 (full 4):
 PSYoungGen      total 608768K, used 173736K [0x000000076ab00000, 0x000000079fb00000, 0x00000007c0000000)
  eden space 434176K, 0% used [0x000000076ab00000,0x000000076ab00000,0x0000000785300000)
  from space 174592K, 99% used [0x0000000785300000,0x000000078fcaa380,0x000000078fd80000)
  to   space 201216K, 0% used [0x0000000793680000,0x0000000793680000,0x000000079fb00000)
 ParOldGen       total 976384K, used 661908K [0x00000006c0000000, 0x00000006fb980000, 0x000000076ab00000)
  object space 976384K, 67% used [0x00000006c0000000,0x00000006e86652d8,0x00000006fb980000)
 Metaspace       used 24403K, capacity 25962K, committed 26112K, reserved 1071104K
  class space    used 3449K, capacity 3727K, committed 3840K, reserved 1048576K
}
Event: 20.538 GC heap before
{Heap before GC invocations=24 (full 4):
 PSYoungGen      total 608768K, used 604073K [0x000000076ab00000, 0x000000079fb00000, 0x00000007c0000000)
  eden space 434176K, 99% used [0x000000076ab00000,0x0000000784f401b0,0x0000000785300000)
  from space 174592K, 99% used [0x0000000785300000,0x000000078fcaa380,0x000000078fd80000)
  to   space 201216K, 0% used [0x0000000793680000,0x0000000793680000,0x000000079fb00000)
 ParOldGen       total 976384K, used 661908K [0x00000006c0000000, 0x00000006fb980000, 0x000000076ab00000)
  object space 976384K, 67% used [0x00000006c0000000,0x00000006e86652d8,0x00000006fb980000)
 Metaspace       used 24404K, capacity 25962K, committed 26112K, reserved 1071104K
  class space    used 3449K, capacity 3727K, committed 3840K, reserved 1048576K
Event: 20.635 GC heap after
Heap after GC invocations=24 (full 4):
 PSYoungGen      total 587776K, used 201186K [0x000000076ab00000, 0x00000007a9700000, 0x00000007c0000000)
  eden space 386560K, 0% used [0x000000076ab00000,0x000000076ab00000,0x0000000782480000)
  from space 201216K, 99% used [0x0000000793680000,0x000000079faf8ad0,0x000000079fb00000)
  to   space 280576K, 0% used [0x0000000782480000,0x0000000782480000,0x0000000793680000)
 ParOldGen       total 976384K, used 792034K [0x00000006c0000000, 0x00000006fb980000, 0x000000076ab00000)
  object space 976384K, 81% used [0x00000006c0000000,0x00000006f05789f0,0x00000006fb980000)
 Metaspace       used 24404K, capacity 25962K, committed 26112K, reserved 1071104K
  class space    used 3449K, capacity 3727K, committed 3840K, reserved 1048576K
}
Event: 22.030 GC heap before
{Heap before GC invocations=25 (full 4):
 PSYoungGen      total 587776K, used 584350K [0x000000076ab00000, 0x00000007a9700000, 0x00000007c0000000)
  eden space 386560K, 99% used [0x000000076ab00000,0x000000078212edb8,0x0000000782480000)
  from space 201216K, 99% used [0x0000000793680000,0x000000079faf8ad0,0x000000079fb00000)
  to   space 280576K, 0% used [0x0000000782480000,0x0000000782480000,0x0000000793680000)
 ParOldGen       total 976384K, used 792034K [0x00000006c0000000, 0x00000006fb980000, 0x000000076ab00000)
  object space 976384K, 81% used [0x00000006c0000000,0x00000006f05789f0,0x00000006fb980000)
 Metaspace       used 24404K, capacity 25962K, committed 26112K, reserved 1071104K
  class space    used 3449K, capacity 3727K, committed 3840K, reserved 1048576K
Event: 22.076 GC heap after
Heap after GC invocations=25 (full 4):
 PSYoungGen      total 667136K, used 273108K [0x000000076ab00000, 0x00000007ab800000, 0x00000007c0000000)
  eden space 386560K, 0% used [0x000000076ab00000,0x000000076ab00000,0x0000000782480000)
  from space 280576K, 97% used [0x0000000782480000,0x0000000792f352d8,0x0000000793680000)
  to   space 324096K, 0% used [0x0000000797b80000,0x0000000797b80000,0x00000007ab800000)
 ParOldGen       total 976384K, used 841749K [0x00000006c0000000, 0x00000006fb980000, 0x000000076ab00000)
  object space 976384K, 86% used [0x00000006c0000000,0x00000006f36054e0,0x00000006fb980000)
 Metaspace       used 24404K, capacity 25962K, committed 26112K, reserved 1071104K
  class space    used 3449K, capacity 3727K, committed 3840K, reserved 1048576K
}

Deoptimization events (10 events):
Event: 13.506 Thread 0x00007fb2d3062000 Uncommon trap: reason=unreached action=reinterpret pc=0x00000001058e7d04 method=javafx.scene.control.PopupControl.getStyleableParent()Ljavafx/css/Styleable; @ 6
Event: 16.227 Thread 0x00007fb2d3062000 Uncommon trap: reason=class_check action=maybe_recompile pc=0x00000001058f7c94 method=javafx.scene.Node$MiscProperties.getEffect()Ljavafx/scene/effect/Effect; @ 20
Event: 19.965 Thread 0x00007fb2d3062000 Uncommon trap: reason=class_check action=maybe_recompile pc=0x0000000104f010f8 method=java.lang.reflect.Array.newInstance(Ljava/lang/Class;I)Ljava/lang/Object; @ 2
Event: 19.965 Thread 0x00007fb2d3062000 Uncommon trap: reason=class_check action=maybe_recompile pc=0x0000000104f010f8 method=java.lang.reflect.Array.newInstance(Ljava/lang/Class;I)Ljava/lang/Object; @ 2
Event: 19.965 Thread 0x00007fb2d3062000 Uncommon trap: reason=class_check action=maybe_recompile pc=0x0000000104f010f8 method=java.lang.reflect.Array.newInstance(Ljava/lang/Class;I)Ljava/lang/Object; @ 2
Event: 19.967 Thread 0x00007fb2d3062000 Uncommon trap: reason=class_check action=maybe_recompile pc=0x0000000104f010f8 method=java.lang.reflect.Array.newInstance(Ljava/lang/Class;I)Ljava/lang/Object; @ 2
Event: 23.510 Thread 0x00007fb2d3062000 Uncommon trap: reason=class_check action=maybe_recompile pc=0x00000001058f7c94 method=javafx.scene.Node$MiscProperties.getEffect()Ljavafx/scene/effect/Effect; @ 20
Event: 23.510 Thread 0x00007fb2d3062000 Uncommon trap: reason=class_check action=maybe_recompile pc=0x00000001058f7c94 method=javafx.scene.Node$MiscProperties.getEffect()Ljavafx/scene/effect/Effect; @ 20
Event: 23.510 Thread 0x00007fb2d3062000 Uncommon trap: reason=class_check action=maybe_recompile pc=0x00000001058f7c94 method=javafx.scene.Node$MiscProperties.getEffect()Ljavafx/scene/effect/Effect; @ 20
Event: 23.510 Thread 0x00007fb2d3062000 Uncommon trap: reason=class_check action=maybe_recompile pc=0x00000001058f64bc method=javafx.scene.Node$MiscProperties.getEffect()Ljavafx/scene/effect/Effect; @ 20

Internal exceptions (10 events):
Event: 8.135 Thread 0x00007fb2d3062000 Exception <a 'java/security/PrivilegedActionException'> (0x000000076cf0dff0) thrown at [/HUDSON3/workspace/8-2-build-macosx-x86_64/jdk8u25/1514/hotspot/src/share/vm/prims/jvm.cpp, line 1312]
Event: 8.135 Thread 0x00007fb2d3062000 Exception <a 'java/security/PrivilegedActionException'> (0x000000076cf0f380) thrown at [/HUDSON3/workspace/8-2-build-macosx-x86_64/jdk8u25/1514/hotspot/src/share/vm/prims/jvm.cpp, line 1312]
Event: 8.135 Thread 0x00007fb2d3062000 Exception <a 'java/security/PrivilegedActionException'> (0x000000076cf10120) thrown at [/HUDSON3/workspace/8-2-build-macosx-x86_64/jdk8u25/1514/hotspot/src/share/vm/prims/jvm.cpp, line 1312]
Event: 8.135 Thread 0x00007fb2d3062000 Exception <a 'java/security/PrivilegedActionException'> (0x000000076cf112d0) thrown at [/HUDSON3/workspace/8-2-build-macosx-x86_64/jdk8u25/1514/hotspot/src/share/vm/prims/jvm.cpp, line 1312]
Event: 8.135 Thread 0x00007fb2d3062000 Exception <a 'java/security/PrivilegedActionException'> (0x000000076cf12070) thrown at [/HUDSON3/workspace/8-2-build-macosx-x86_64/jdk8u25/1514/hotspot/src/share/vm/prims/jvm.cpp, line 1312]
Event: 8.135 Thread 0x00007fb2d3062000 Exception <a 'java/security/PrivilegedActionException'> (0x000000076cf13220) thrown at [/HUDSON3/workspace/8-2-build-macosx-x86_64/jdk8u25/1514/hotspot/src/share/vm/prims/jvm.cpp, line 1312]
Event: 8.135 Thread 0x00007fb2d3062000 Exception <a 'java/security/PrivilegedActionException'> (0x000000076cf2f4d0) thrown at [/HUDSON3/workspace/8-2-build-macosx-x86_64/jdk8u25/1514/hotspot/src/share/vm/prims/jvm.cpp, line 1312]
Event: 8.135 Thread 0x00007fb2d3062000 Exception <a 'java/security/PrivilegedActionException'> (0x000000076cf307b0) thrown at [/HUDSON3/workspace/8-2-build-macosx-x86_64/jdk8u25/1514/hotspot/src/share/vm/prims/jvm.cpp, line 1312]
Event: 8.141 Thread 0x00007fb2d3062000 Exception <a 'java/security/PrivilegedActionException'> (0x000000076cf72390) thrown at [/HUDSON3/workspace/8-2-build-macosx-x86_64/jdk8u25/1514/hotspot/src/share/vm/prims/jvm.cpp, line 1312]
Event: 8.150 Thread 0x00007fb2d3062000 Implicit null exception at 0x000000010574ac87 to 0x0000000105752711

Events (10 events):
Event: 23.510 Thread 0x00007fb2d3062000 DEOPT UNPACKING pc=0x0000000104a60f69 sp=0x00007fff5d35fda0 mode 2
Event: 23.510 Thread 0x00007fb2d3062000 Uncommon trap: trap_request=0xffffffde fr.pc=0x00000001058f7c94
Event: 23.510 Thread 0x00007fb2d3062000 DEOPT PACKING pc=0x00000001058f7c94 sp=0x00007fff5d360020
Event: 23.510 Thread 0x00007fb2d3062000 DEOPT UNPACKING pc=0x0000000104a60f69 sp=0x00007fff5d35fda0 mode 2
Event: 23.510 Thread 0x00007fb2d3062000 Uncommon trap: trap_request=0xffffffde fr.pc=0x00000001058f7c94
Event: 23.510 Thread 0x00007fb2d3062000 DEOPT PACKING pc=0x00000001058f7c94 sp=0x00007fff5d35fea0
Event: 23.510 Thread 0x00007fb2d3062000 DEOPT UNPACKING pc=0x0000000104a60f69 sp=0x00007fff5d35fc20 mode 2
Event: 23.510 Thread 0x00007fb2d3062000 Uncommon trap: trap_request=0xffffffde fr.pc=0x00000001058f64bc
Event: 23.510 Thread 0x00007fb2d3062000 DEOPT PACKING pc=0x00000001058f64bc sp=0x00007fff5d35f8e0
Event: 23.510 Thread 0x00007fb2d3062000 DEOPT UNPACKING pc=0x0000000104a60f69 sp=0x00007fff5d35f7d0 mode 2


Dynamic libraries:
0x0000000004922000 	/System/Library/Frameworks/Cocoa.framework/Versions/A/Cocoa
0x0000000004922000 	/System/Library/Frameworks/Security.framework/Versions/A/Security
0x0000000004922000 	/System/Library/Frameworks/ApplicationServices.framework/Versions/A/ApplicationServices
0x0000000004922000 	/usr/lib/libz.1.dylib
0x0000000004922000 	/usr/lib/libSystem.B.dylib
0x0000000004922000 	/usr/lib/libobjc.A.dylib
0x0000000004922000 	/System/Library/Frameworks/CoreFoundation.framework/Versions/A/CoreFoundation
0x0000000004922000 	/System/Library/Frameworks/Foundation.framework/Versions/C/Foundation
0x0000000004922000 	/System/Library/Frameworks/AppKit.framework/Versions/C/AppKit
0x0000000004922000 	/System/Library/Frameworks/CoreData.framework/Versions/A/CoreData
0x0000000004922000 	/System/Library/PrivateFrameworks/RemoteViewServices.framework/Versions/A/RemoteViewServices
0x0000000004922000 	/System/Library/PrivateFrameworks/UIFoundation.framework/Versions/A/UIFoundation
0x0000000004922000 	/System/Library/Frameworks/IOSurface.framework/Versions/A/IOSurface
0x0000000004922000 	/System/Library/Frameworks/AudioToolbox.framework/Versions/A/AudioToolbox
0x0000000004922000 	/System/Library/Frameworks/AudioUnit.framework/Versions/A/AudioUnit
0x0000000004922000 	/System/Library/PrivateFrameworks/DataDetectorsCore.framework/Versions/A/DataDetectorsCore
0x0000000004922000 	/System/Library/PrivateFrameworks/DesktopServicesPriv.framework/Versions/A/DesktopServicesPriv
0x0000000004922000 	/System/Library/Frameworks/Carbon.framework/Versions/A/Frameworks/HIToolbox.framework/Versions/A/HIToolbox
0x0000000004922000 	/System/Library/Frameworks/QuartzCore.framework/Versions/A/QuartzCore
0x0000000004922000 	/System/Library/Frameworks/Carbon.framework/Versions/A/Frameworks/SpeechRecognition.framework/Versions/A/SpeechRecognition
0x0000000004922000 	/usr/lib/libauto.dylib
0x0000000004922000 	/usr/lib/libicucore.A.dylib
0x0000000004922000 	/usr/lib/libxml2.2.dylib
0x0000000004922000 	/System/Library/PrivateFrameworks/CoreUI.framework/Versions/A/CoreUI
0x0000000004922000 	/System/Library/Frameworks/CoreAudio.framework/Versions/A/CoreAudio
0x0000000004922000 	/System/Library/Frameworks/DiskArbitration.framework/Versions/A/DiskArbitration
0x0000000004922000 	/usr/lib/liblangid.dylib
0x0000000004922000 	/System/Library/PrivateFrameworks/MultitouchSupport.framework/Versions/A/MultitouchSupport
0x0000000004922000 	/System/Library/Frameworks/IOKit.framework/Versions/A/IOKit
0x0000000004922000 	/usr/lib/libDiagnosticMessagesClient.dylib
0x0000000004922000 	/System/Library/Frameworks/CoreServices.framework/Versions/A/CoreServices
0x0000000004922000 	/System/Library/PrivateFrameworks/PerformanceAnalysis.framework/Versions/A/PerformanceAnalysis
0x0000000004922000 	/System/Library/PrivateFrameworks/GenerationalStorage.framework/Versions/A/GenerationalStorage
0x0000000004922000 	/System/Library/Frameworks/OpenGL.framework/Versions/A/OpenGL
0x0000000004922000 	/System/Library/PrivateFrameworks/Sharing.framework/Versions/A/Sharing
0x0000000004922000 	/System/Library/Frameworks/CoreGraphics.framework/Versions/A/CoreGraphics
0x0000000004922000 	/System/Library/Frameworks/CoreText.framework/Versions/A/CoreText
0x0000000004922000 	/System/Library/Frameworks/ImageIO.framework/Versions/A/ImageIO
0x0000000004922000 	/usr/lib/libextension.dylib
0x0000000004922000 	/System/Library/PrivateFrameworks/Backup.framework/Versions/A/Backup
0x0000000004922000 	/usr/lib/libarchive.2.dylib
0x0000000004922000 	/System/Library/Frameworks/CFNetwork.framework/Versions/A/CFNetwork
0x0000000004922000 	/System/Library/Frameworks/SystemConfiguration.framework/Versions/A/SystemConfiguration
0x0000000004922000 	/usr/lib/libCRFSuite.dylib
0x0000000004922000 	/usr/lib/libc++.1.dylib
0x0000000004922000 	/usr/lib/libc++abi.dylib
0x0000000004922000 	/usr/lib/system/libcache.dylib
0x0000000004922000 	/usr/lib/system/libcommonCrypto.dylib
0x0000000004922000 	/usr/lib/system/libcompiler_rt.dylib
0x0000000004922000 	/usr/lib/system/libcopyfile.dylib
0x0000000004922000 	/usr/lib/system/libcorecrypto.dylib
0x0000000004922000 	/usr/lib/system/libdispatch.dylib
0x0000000004922000 	/usr/lib/system/libdyld.dylib
0x0000000004922000 	/usr/lib/system/libkeymgr.dylib
0x0000000004922000 	/usr/lib/system/liblaunch.dylib
0x0000000004922000 	/usr/lib/system/libmacho.dylib
0x0000000004922000 	/usr/lib/system/libquarantine.dylib
0x0000000004922000 	/usr/lib/system/libremovefile.dylib
0x0000000004922000 	/usr/lib/system/libsystem_asl.dylib
0x0000000004922000 	/usr/lib/system/libsystem_blocks.dylib
0x0000000004922000 	/usr/lib/system/libsystem_c.dylib
0x0000000004922000 	/usr/lib/system/libsystem_configuration.dylib
0x0000000004922000 	/usr/lib/system/libsystem_coreservices.dylib
0x0000000004922000 	/usr/lib/system/libsystem_coretls.dylib
0x0000000004922000 	/usr/lib/system/libsystem_dnssd.dylib
0x0000000004922000 	/usr/lib/system/libsystem_info.dylib
0x0000000004922000 	/usr/lib/system/libsystem_kernel.dylib
0x0000000004922000 	/usr/lib/system/libsystem_m.dylib
0x0000000004922000 	/usr/lib/system/libsystem_malloc.dylib
0x0000000004922000 	/usr/lib/system/libsystem_network.dylib
0x0000000004922000 	/usr/lib/system/libsystem_networkextension.dylib
0x0000000004922000 	/usr/lib/system/libsystem_notify.dylib
0x0000000004922000 	/usr/lib/system/libsystem_platform.dylib
0x0000000004922000 	/usr/lib/system/libsystem_pthread.dylib
0x0000000004922000 	/usr/lib/system/libsystem_sandbox.dylib
0x0000000004922000 	/usr/lib/system/libsystem_secinit.dylib
0x0000000004922000 	/usr/lib/system/libsystem_stats.dylib
0x0000000004922000 	/usr/lib/system/libsystem_trace.dylib
0x0000000004922000 	/usr/lib/system/libunc.dylib
0x0000000004922000 	/usr/lib/system/libunwind.dylib
0x0000000004922000 	/usr/lib/system/libxpc.dylib
0x0000000004922000 	/usr/lib/libbz2.1.0.dylib
0x0000000004922000 	/usr/lib/liblzma.5.dylib
0x0000000004922000 	/usr/lib/libbsm.0.dylib
0x0000000004922000 	/usr/lib/libsqlite3.dylib
0x0000000004922000 	/usr/lib/system/libkxld.dylib
0x0000000004922000 	/usr/lib/libxar.1.dylib
0x0000000004922000 	/usr/lib/libpam.2.dylib
0x0000000004922000 	/usr/lib/libOpenScriptingUtil.dylib
0x0000000004922000 	/System/Library/Frameworks/CoreServices.framework/Versions/A/Frameworks/FSEvents.framework/Versions/A/FSEvents
0x0000000004922000 	/System/Library/Frameworks/CoreServices.framework/Versions/A/Frameworks/CarbonCore.framework/Versions/A/CarbonCore
0x0000000004922000 	/System/Library/Frameworks/CoreServices.framework/Versions/A/Frameworks/Metadata.framework/Versions/A/Metadata
0x0000000004922000 	/System/Library/Frameworks/CoreServices.framework/Versions/A/Frameworks/OSServices.framework/Versions/A/OSServices
0x0000000004922000 	/System/Library/Frameworks/CoreServices.framework/Versions/A/Frameworks/SearchKit.framework/Versions/A/SearchKit
0x0000000004922000 	/System/Library/Frameworks/CoreServices.framework/Versions/A/Frameworks/AE.framework/Versions/A/AE
0x0000000004922000 	/System/Library/Frameworks/CoreServices.framework/Versions/A/Frameworks/LaunchServices.framework/Versions/A/LaunchServices
0x0000000004922000 	/System/Library/Frameworks/CoreServices.framework/Versions/A/Frameworks/DictionaryServices.framework/Versions/A/DictionaryServices
0x0000000004922000 	/System/Library/Frameworks/NetFS.framework/Versions/A/NetFS
0x0000000004922000 	/System/Library/PrivateFrameworks/NetAuth.framework/Versions/A/NetAuth
0x0000000004922000 	/System/Library/PrivateFrameworks/login.framework/Versions/A/Frameworks/loginsupport.framework/Versions/A/loginsupport
0x0000000004922000 	/System/Library/PrivateFrameworks/TCC.framework/Versions/A/TCC
0x0000000004922000 	/usr/lib/libmecabra.dylib
0x0000000004922000 	/System/Library/PrivateFrameworks/LanguageModeling.framework/Versions/A/LanguageModeling
0x0000000004922000 	/usr/lib/libcmph.dylib
0x0000000004922000 	/usr/lib/libiconv.2.dylib
0x0000000004922000 	/System/Library/Frameworks/OpenDirectory.framework/Versions/A/Frameworks/CFOpenDirectory.framework/Versions/A/CFOpenDirectory
0x0000000004922000 	/System/Library/Frameworks/ServiceManagement.framework/Versions/A/ServiceManagement
0x0000000004922000 	/usr/lib/libxslt.1.dylib
0x0000000004922000 	/System/Library/Frameworks/Carbon.framework/Versions/A/Frameworks/Ink.framework/Versions/A/Ink
0x0000000004922000 	/System/Library/Frameworks/ApplicationServices.framework/Versions/A/Frameworks/ATS.framework/Versions/A/ATS
0x0000000004922000 	/System/Library/Frameworks/ApplicationServices.framework/Versions/A/Frameworks/ColorSync.framework/Versions/A/ColorSync
0x0000000004922000 	/System/Library/Frameworks/ApplicationServices.framework/Versions/A/Frameworks/HIServices.framework/Versions/A/HIServices
0x0000000004922000 	/System/Library/Frameworks/ApplicationServices.framework/Versions/A/Frameworks/LangAnalysis.framework/Versions/A/LangAnalysis
0x0000000004922000 	/System/Library/Frameworks/ApplicationServices.framework/Versions/A/Frameworks/PrintCore.framework/Versions/A/PrintCore
0x0000000004922000 	/System/Library/Frameworks/ApplicationServices.framework/Versions/A/Frameworks/QD.framework/Versions/A/QD
0x0000000004922000 	/System/Library/Frameworks/ApplicationServices.framework/Versions/A/Frameworks/SpeechSynthesis.framework/Versions/A/SpeechSynthesis
0x0000000004922000 	/System/Library/Frameworks/Accelerate.framework/Versions/A/Accelerate
0x0000000004922000 	/System/Library/Frameworks/Accelerate.framework/Versions/A/Frameworks/vImage.framework/Versions/A/vImage
0x0000000004922000 	/System/Library/Frameworks/Accelerate.framework/Versions/A/Frameworks/vecLib.framework/Versions/A/vecLib
0x0000000004922000 	/System/Library/Frameworks/Accelerate.framework/Versions/A/Frameworks/vecLib.framework/Versions/A/libvDSP.dylib
0x0000000004922000 	/System/Library/Frameworks/Accelerate.framework/Versions/A/Frameworks/vecLib.framework/Versions/A/libvMisc.dylib
0x0000000004922000 	/System/Library/Frameworks/Accelerate.framework/Versions/A/Frameworks/vecLib.framework/Versions/A/libLAPACK.dylib
0x0000000004922000 	/System/Library/Frameworks/Accelerate.framework/Versions/A/Frameworks/vecLib.framework/Versions/A/libBLAS.dylib
0x0000000004922000 	/System/Library/Frameworks/Accelerate.framework/Versions/A/Frameworks/vecLib.framework/Versions/A/libLinearAlgebra.dylib
0x0000000004922000 	/System/Library/Frameworks/ApplicationServices.framework/Versions/A/Frameworks/ATS.framework/Versions/A/Resources/libFontParser.dylib
0x0000000004922000 	/System/Library/Frameworks/ApplicationServices.framework/Versions/A/Frameworks/ATS.framework/Versions/A/Resources/libFontRegistry.dylib
0x0000000004922000 	/System/Library/PrivateFrameworks/AppleVPA.framework/Versions/A/AppleVPA
0x0000000004922000 	/System/Library/PrivateFrameworks/AppleJPEG.framework/Versions/A/AppleJPEG
0x0000000004922000 	/System/Library/Frameworks/ImageIO.framework/Versions/A/Resources/libJPEG.dylib
0x0000000004922000 	/System/Library/Frameworks/ImageIO.framework/Versions/A/Resources/libTIFF.dylib
0x0000000004922000 	/System/Library/Frameworks/ImageIO.framework/Versions/A/Resources/libPng.dylib
0x0000000004922000 	/System/Library/Frameworks/ImageIO.framework/Versions/A/Resources/libGIF.dylib
0x0000000004922000 	/System/Library/Frameworks/ImageIO.framework/Versions/A/Resources/libJP2.dylib
0x0000000004922000 	/System/Library/Frameworks/ImageIO.framework/Versions/A/Resources/libRadiance.dylib
0x0000000004922000 	/System/Library/Frameworks/CoreVideo.framework/Versions/A/CoreVideo
0x0000000004922000 	/System/Library/Frameworks/OpenGL.framework/Versions/A/Libraries/libGLU.dylib
0x0000000004922000 	/System/Library/Frameworks/OpenGL.framework/Versions/A/Libraries/libGFXShared.dylib
0x0000000004922000 	/System/Library/Frameworks/OpenGL.framework/Versions/A/Libraries/libGL.dylib
0x0000000004922000 	/System/Library/Frameworks/OpenGL.framework/Versions/A/Libraries/libGLImage.dylib
0x0000000004922000 	/System/Library/Frameworks/OpenGL.framework/Versions/A/Libraries/libCVMSPluginSupport.dylib
0x0000000004922000 	/System/Library/Frameworks/OpenGL.framework/Versions/A/Libraries/libCoreVMClient.dylib
0x0000000004922000 	/usr/lib/libcups.2.dylib
0x0000000004922000 	/System/Library/Frameworks/Kerberos.framework/Versions/A/Kerberos
0x0000000004922000 	/System/Library/Frameworks/GSS.framework/Versions/A/GSS
0x0000000004922000 	/usr/lib/libresolv.9.dylib
0x0000000004922000 	/System/Library/PrivateFrameworks/Heimdal.framework/Versions/A/Heimdal
0x0000000004922000 	/usr/lib/libheimdal-asn1.dylib
0x0000000004922000 	/System/Library/Frameworks/OpenDirectory.framework/Versions/A/OpenDirectory
0x0000000004922000 	/System/Library/PrivateFrameworks/CommonAuth.framework/Versions/A/CommonAuth
0x0000000004922000 	/System/Library/Frameworks/SecurityFoundation.framework/Versions/A/SecurityFoundation
0x0000000004922000 	/System/Library/Frameworks/QuartzCore.framework/Versions/A/Frameworks/CoreImage.framework/Versions/A/CoreImage
0x0000000004922000 	/System/Library/PrivateFrameworks/CrashReporterSupport.framework/Versions/A/CrashReporterSupport
0x0000000004922000 	/System/Library/Frameworks/OpenCL.framework/Versions/A/OpenCL
0x0000000004922000 	/System/Library/PrivateFrameworks/FaceCore.framework/Versions/A/FaceCore
0x0000000004922000 	/System/Library/PrivateFrameworks/Ubiquity.framework/Versions/A/Ubiquity
0x0000000004922000 	/System/Library/PrivateFrameworks/IconServices.framework/Versions/A/IconServices
0x0000000004922000 	/System/Library/PrivateFrameworks/ChunkingLibrary.framework/Versions/A/ChunkingLibrary
0x0000000004922000 	/System/Library/PrivateFrameworks/Apple80211.framework/Versions/A/Apple80211
0x0000000004922000 	/System/Library/Frameworks/CoreWLAN.framework/Versions/A/CoreWLAN
0x0000000004922000 	/System/Library/Frameworks/IOBluetooth.framework/Versions/A/IOBluetooth
0x0000000004922000 	/System/Library/PrivateFrameworks/CoreWiFi.framework/Versions/A/CoreWiFi
0x0000000004922000 	/System/Library/Frameworks/CoreBluetooth.framework/Versions/A/CoreBluetooth
0x0000000004922000 	/System/Library/PrivateFrameworks/DebugSymbols.framework/Versions/A/DebugSymbols
0x0000000004922000 	/System/Library/PrivateFrameworks/CoreSymbolication.framework/Versions/A/CoreSymbolication
0x0000000004922000 	/System/Library/PrivateFrameworks/Symbolication.framework/Versions/A/Symbolication
0x0000000004922000 	/System/Library/PrivateFrameworks/SpeechRecognitionCore.framework/Versions/A/SpeechRecognitionCore
0x0000000103a00000 	/Library/Java/JavaVirtualMachines/jdk1.8.0_25.jdk/Contents/Home/jre/lib/server/libjvm.dylib
0x0000000004922000 	/usr/lib/libstdc++.6.dylib
0x00000001029e0000 	/Library/Java/JavaVirtualMachines/jdk1.8.0_25.jdk/Contents/Home/jre/lib/libverify.dylib
0x0000000104a1f000 	/Library/Java/JavaVirtualMachines/jdk1.8.0_25.jdk/Contents/Home/jre/lib/libjava.dylib
0x0000000104a53000 	/Library/Java/JavaVirtualMachines/jdk1.8.0_25.jdk/Contents/Home/jre/lib/libzip.dylib
0x0000000120607000 	/System/Library/Frameworks/JavaVM.framework/Frameworks/JavaRuntimeSupport.framework/JavaRuntimeSupport
0x000000012061d000 	/System/Library/Frameworks/JavaVM.framework/Versions/A/Frameworks/JavaNativeFoundation.framework/Versions/A/JavaNativeFoundation
0x0000000120631000 	/System/Library/Frameworks/JavaVM.framework/Versions/A/JavaVM
0x0000000004922000 	/System/Library/Frameworks/Carbon.framework/Versions/A/Carbon
0x000000012063d000 	/System/Library/PrivateFrameworks/JavaLaunching.framework/Versions/A/JavaLaunching
0x0000000004922000 	/System/Library/Frameworks/Carbon.framework/Versions/A/Frameworks/CommonPanels.framework/Versions/A/CommonPanels
0x0000000004922000 	/System/Library/Frameworks/Carbon.framework/Versions/A/Frameworks/Help.framework/Versions/A/Help
0x0000000004922000 	/System/Library/Frameworks/Carbon.framework/Versions/A/Frameworks/ImageCapture.framework/Versions/A/ImageCapture
0x0000000004922000 	/System/Library/Frameworks/Carbon.framework/Versions/A/Frameworks/OpenScripting.framework/Versions/A/OpenScripting
0x0000000004922000 	/System/Library/Frameworks/Carbon.framework/Versions/A/Frameworks/Print.framework/Versions/A/Print
0x0000000004922000 	/System/Library/Frameworks/Carbon.framework/Versions/A/Frameworks/SecurityHI.framework/Versions/A/SecurityHI
0x00000001226ec000 	/Library/Java/JavaVirtualMachines/jdk1.8.0_25.jdk/Contents/Home/jre/lib/libprism_es2.dylib
0x0000000004922000 	/System/Library/Frameworks/OpenGL.framework/Versions/A/Resources/GLEngine.bundle/GLEngine
0x0000000004922000 	/System/Library/Frameworks/OpenGL.framework/Versions/A/Libraries/libGLProgrammability.dylib
0x0000000000000000 	/System/Library/Extensions/AppleIntelHD5000GraphicsGLDriver.bundle/Contents/MacOS/AppleIntelHD5000GraphicsGLDriver
0x0000000004922000 	/System/Library/PrivateFrameworks/IOAccelerator.framework/Versions/A/IOAccelerator
0x0000000004922000 	/System/Library/PrivateFrameworks/GPUSupport.framework/Versions/A/Libraries/libGPUSupportMercury.dylib
0x0000000004922000 	/System/Library/Frameworks/OpenGL.framework/Versions/A/Resources/GLRendererFloat.bundle/GLRendererFloat
0x0000000004922000 	/System/Library/Frameworks/OpenCL.framework/Versions/A/Libraries/libcldcpuengine.dylib
0x0000000004922000 	/System/Library/PrivateFrameworks/DiskImages.framework/Versions/A/DiskImages
0x0000000004922000 	/System/Library/Frameworks/DiscRecording.framework/Versions/A/DiscRecording
0x0000000004922000 	/usr/lib/libcsfde.dylib
0x0000000004922000 	/usr/lib/libcurl.4.dylib
0x0000000004922000 	/System/Library/PrivateFrameworks/MediaKit.framework/Versions/A/MediaKit
0x0000000004922000 	/System/Library/PrivateFrameworks/ProtectedCloudStorage.framework/Versions/A/ProtectedCloudStorage
0x0000000004922000 	/usr/lib/libCoreStorage.dylib
0x0000000004922000 	/System/Library/PrivateFrameworks/EFILogin.framework/Versions/A/EFILogin
0x0000000004922000 	/usr/lib/libutil.dylib
0x0000000004922000 	/System/Library/PrivateFrameworks/FindMyDevice.framework/Versions/A/FindMyDevice
0x0000000004922000 	/System/Library/Frameworks/LDAP.framework/Versions/A/LDAP
0x0000000004922000 	/usr/lib/libsasl2.2.dylib
0x0000000004922000 	/System/Library/PrivateFrameworks/CoreDaemon.framework/Versions/B/CoreDaemon
0x0000000004922000 	/usr/lib/libcrypto.0.9.8.dylib
0x0000000004922000 	/System/Library/PrivateFrameworks/AppleSRP.framework/Versions/A/AppleSRP
0x0000000004922000 	/System/Library/PrivateFrameworks/TrustEvaluationAgent.framework/Versions/A/TrustEvaluationAgent
0x0000000122b97000 	/Library/Java/JavaVirtualMachines/jdk1.8.0_25.jdk/Contents/Home/jre/lib/libglass.dylib
0x0000000004922000 	/System/Library/PrivateFrameworks/CoreServicesInternal.framework/Versions/A/CoreServicesInternal
0x0000000004922000 	/System/Library/PrivateFrameworks/CloudDocs.framework/Versions/A/CloudDocs
0x0000000004922000 	/System/Library/PrivateFrameworks/CoreDuet.framework/Versions/A/CoreDuet
0x0000000004922000 	/System/Library/Frameworks/CloudKit.framework/Versions/A/CloudKit
0x0000000004922000 	/System/Library/PrivateFrameworks/ProtocolBuffer.framework/Versions/A/ProtocolBuffer
0x0000000004922000 	/System/Library/PrivateFrameworks/CoreDuetDaemonProtocol.framework/Versions/A/CoreDuetDaemonProtocol
0x0000000004922000 	/System/Library/PrivateFrameworks/CoreDuetDebugLogging.framework/Versions/A/CoreDuetDebugLogging
0x0000000004922000 	/System/Library/Frameworks/CoreLocation.framework/Versions/A/CoreLocation
0x0000000004922000 	/System/Library/Frameworks/Accounts.framework/Versions/A/Accounts
0x0000000004922000 	/System/Library/PrivateFrameworks/ApplePushService.framework/Versions/A/ApplePushService
0x0000000004922000 	/System/Library/PrivateFrameworks/GeoServices.framework/Versions/A/GeoServices
0x0000000004922000 	/System/Library/PrivateFrameworks/OAuth.framework/Versions/A/OAuth
0x0000000004922000 	/System/Library/Frameworks/CoreGraphics.framework/Versions/A/Resources/libCGCMS.A.dylib
0x0000000004922000 	/System/Library/CoreServices/RawCamera.bundle/Contents/MacOS/RawCamera
0x0000000004922000 	/System/Library/Frameworks/CoreGraphics.framework/Versions/A/Resources/libRIP.A.dylib
0x0000000004922000 	/System/Library/PrivateFrameworks/FamilyControls.framework/Versions/A/FamilyControls
0x0000000004922000 	/System/Library/PrivateFrameworks/CommerceKit.framework/Versions/A/Frameworks/CommerceCore.framework/Versions/A/CommerceCore
0x0000000004922000 	/System/Library/PrivateFrameworks/SystemAdministration.framework/Versions/A/SystemAdministration
0x0000000004922000 	/System/Library/PrivateFrameworks/AppContainer.framework/Versions/A/AppContainer
0x0000000004922000 	/System/Library/PrivateFrameworks/SecCodeWrapper.framework/Versions/A/SecCodeWrapper
0x0000000004922000 	/System/Library/Frameworks/DirectoryService.framework/Versions/A/DirectoryService
0x0000000004922000 	/System/Library/PrivateFrameworks/LoginUIKit.framework/Versions/A/Frameworks/LoginUICore.framework/Versions/A/LoginUICore
0x0000000004922000 	/usr/lib/libodfde.dylib
0x00000001262da000 	/Library/Java/JavaVirtualMachines/jdk1.8.0_25.jdk/Contents/Home/jre/lib/libjavafx_font.dylib
0x0000000004922000 	/System/Library/Frameworks/CoreGraphics.framework/Versions/A/Resources/libCGXType.A.dylib
0x00000001260a6000 	/Library/Java/JavaVirtualMachines/jdk1.8.0_25.jdk/Contents/Home/jre/lib/libnet.dylib
0x0000000126031000 	/Library/Java/JavaVirtualMachines/jdk1.8.0_25.jdk/Contents/Home/jre/lib/libprism_common.dylib
0x00000001260a2000 	cl_kernels
0x000000012954c000 	/System/Library/Frameworks/OpenCL.framework/Versions/A/Libraries/ImageFormats/unorm8_bgra.dylib
0x00000001260d3000 	cl_kernels

VM Arguments:
jvm_args: -Dfile.encoding=UTF-8 
java_command: /Users/Eskil/NetBeansProjects/Einblick_App/dist/run94305526/Einblick_App.jar
java_class_path (initial): /Users/Eskil/NetBeansProjects/Einblick_App/dist/run94305526/Einblick_App.jar
Launcher Type: SUN_STANDARD

Environment Variables:
PATH=/usr/bin:/bin:/usr/sbin:/sbin
LD_LIBRARY_PATH=/Library/Java/JavaVirtualMachines/jdk1.8.0_25.jdk/Contents/Home/jre/lib/amd64:/Library/Java/JavaVirtualMachines/jdk1.8.0_25.jdk/Contents/Home/jre/lib/i386:
SHELL=/bin/bash
DYLD_LIBRARY_PATH=/Applications/NetBeans/NetBeans 8.0.1.app/Contents/Resources/NetBeans/webcommon/bin:

Signal Handlers:
SIGSEGV: [libjvm.dylib+0x579dc7], sa_mask[0]=11111111011111110111111111111111, sa_flags=SA_ONSTACK|SA_RESTART|SA_SIGINFO
SIGBUS: [libjvm.dylib+0x579dc7], sa_mask[0]=11111111011111110111111111111111, sa_flags=SA_RESTART|SA_SIGINFO
SIGFPE: [libjvm.dylib+0x45b030], sa_mask[0]=11111111011111110111111111111111, sa_flags=SA_RESTART|SA_SIGINFO
SIGPIPE: [libjvm.dylib+0x45b030], sa_mask[0]=11111111011111110111111111111111, sa_flags=SA_RESTART|SA_SIGINFO
SIGXFSZ: [libjvm.dylib+0x45b030], sa_mask[0]=11111111011111110111111111111111, sa_flags=SA_RESTART|SA_SIGINFO
SIGILL: [libjvm.dylib+0x45b030], sa_mask[0]=11111111011111110111111111111111, sa_flags=SA_RESTART|SA_SIGINFO
SIGUSR1: SIG_DFL, sa_mask[0]=00000000000000000000000000000000, sa_flags=none
SIGUSR2: [libjvm.dylib+0x45ab4e], sa_mask[0]=00100000000000000000000000000000, sa_flags=SA_RESTART|SA_SIGINFO
SIGHUP: [libjvm.dylib+0x459121], sa_mask[0]=11111111011111110111111111111111, sa_flags=SA_RESTART|SA_SIGINFO
SIGINT: SIG_IGN, sa_mask[0]=00000000000000000000000000000000, sa_flags=none
SIGTERM: [libjvm.dylib+0x459121], sa_mask[0]=11111111011111110111111111111111, sa_flags=SA_RESTART|SA_SIGINFO
SIGQUIT: [libjvm.dylib+0x459121], sa_mask[0]=11111111011111110111111111111111, sa_flags=SA_RESTART|SA_SIGINFO


---------------  S Y S T E M  ---------------

OS:Bsduname:Darwin 14.0.0 Darwin Kernel Version 14.0.0: Fri Sep 19 00:26:44 PDT 2014; root:xnu-2782.1.97~2/RELEASE_X86_64 x86_64
rlimit: STACK 8192k, CORE 0k, NPROC 709, NOFILE 10240, AS infinity
load average:2.82 2.21 1.96

CPU:total 8 (4 cores per cpu, 2 threads per core) family 6 model 70 stepping 1, cmov, cx8, fxsr, mmx, sse, sse2, sse3, ssse3, sse4.1, sse4.2, popcnt, avx, avx2, aes, clmul, erms, lzcnt, ht, tsc, tscinvbit, bmi1, bmi2

Memory: 4k page, physical 16777216k(1051024k free)

/proc/meminfo:


vm_info: Java HotSpot(TM) 64-Bit Server VM (25.25-b02) for bsd-amd64 JRE (1.8.0_25-b17), built on Sep 17 2014 16:56:50 by "java_re" with gcc 4.2.1 (Based on Apple Inc. build 5658) (LLVM build 2336.11.00)

time: Tue Oct 28 12:42:38 2014
elapsed time: 23 seconds (0d 0h 0m 23s)

