#
# A fatal error has been detected by the Java Runtime Environment:
#
#  SIGSEGV (0xb) at pc=0x00007fff8ebbd0dd, pid=26457, tid=1811
#
# JRE version: Java(TM) SE Runtime Environment (8.0_25-b17) (build 1.8.0_25-b17)
# Java VM: Java HotSpot(TM) 64-Bit Server VM (25.25-b02 mixed mode bsd-amd64 compressed oops)
# Problematic frame:
# C  [libobjc.A.dylib+0x10dd]  objc_msgSend+0x1d
#
# Failed to write core dump. Core dumps have been disabled. To enable core dumping, try "ulimit -c unlimited" before starting Java again
#
# If you would like to submit a bug report, please visit:
#   http://bugreport.sun.com/bugreport/crash.jsp
# The crash happened outside the Java Virtual Machine in native code.
# See problematic frame for where to report the bug.
#

---------------  T H R E A D  ---------------

Current thread (0x00007ff75f14c000):  JavaThread "JavaFX Application Thread" [_thread_in_native, id=1811, stack(0x00007fff5c359000,0x00007fff5cb59000)]

siginfo: si_signo: 11 (SIGSEGV), si_code: 1 (SEGV_MAPERR), si_addr: 0x000072bf00010060

Registers:
RAX=0x0000000000000010, RBX=0x0000000000000000, RCX=0x0000000000000008, RDX=0x00007ff7620a4d00
RSP=0x00007fff5cb538b8, RBP=0x00007fff5cb53950, RSI=0x00007fff92e83ce1, RDI=0x00007ff76484e4c0
R8 =0x00000006c026a9b0, R9 =0x0000000000000000, R10=0x00007fff92e83ce1, R11=0x000072bf00010048
R12=0x00007ff75bc292f0, R13=0x000000011e8b7288, R14=0x00007ff762011f60, R15=0x00007ff75f14c1e8
RIP=0x00007fff8ebbd0dd, EFLAGS=0x0000000000010206, ERR=0x0000000000000004
  TRAPNO=0x000000000000000e

Top of Stack: (sp=0x00007fff5cb538b8)
0x00007fff5cb538b8:   00000001233cd12c 000000011e8b3310
0x00007fff5cb538c8:   0000000000000000 00007fff5cb538e8
0x00007fff5cb538d8:   00007fff5cb53938 000000010526b160
0x00007fff5cb538e8:   000000000000021e 00000006c02010c8
0x00007fff5cb538f8:   00007fff5cb538f8 000000011e8b33b7
0x00007fff5cb53908:   00007fff5cb53948 0000000127c36d70
0x00007fff5cb53918:   0000000000000000 000000011e8b33c8
0x00007fff5cb53928:   0000000000000000 000000011e8b7288
0x00007fff5cb53938:   0000000000000000 00007fff5cb539f8
0x00007fff5cb53948:   00007ff75f14c000 00007fff5cb539c0
0x00007fff5cb53958:   0000000105279694 00007fff5cb539a0
0x00007fff5cb53968:   0000000127c34750 0000000000000000
0x00007fff5cb53978:   0000000127befd60 00007fff5cb53980
0x00007fff5cb53988:   0000000000000000 00007fff5cb539f8
0x00007fff5cb53998:   0000000127c38108 0000000000000000
0x00007fff5cb539a8:   000000011e8b7288 0000000000000000
0x00007fff5cb539b8:   00007fff5cb539e0 00007fff5cb53a48
0x00007fff5cb539c8:   000000010526b160 0000000000000000
0x00007fff5cb539d8:   00000001052732a0 0000000000000000
0x00007fff5cb539e8:   00007ff7620a4d00 000000010526b98d
0x00007fff5cb539f8:   00000007725fda18 00000007725fda18
0x00007fff5cb53a08:   00007fff5cb53a08 000000011e8b2bae
0x00007fff5cb53a18:   00007fff5cb53a70 0000000127c36d70
0x00007fff5cb53a28:   0000000000000000 000000011e8b2c48
0x00007fff5cb53a38:   00007fff5cb539e0 00007fff5cb53a68
0x00007fff5cb53a48:   00007fff5cb53ab8 000000010526b98d
0x00007fff5cb53a58:   0000000000000000 0000000000000000
0x00007fff5cb53a68:   0000000000000000 00000007725fda18
0x00007fff5cb53a78:   00007fff5cb53a78 0000000127bee459
0x00007fff5cb53a88:   00007fff5cb53ae0 0000000127c34750
0x00007fff5cb53a98:   0000000000000000 0000000127bee4f8
0x00007fff5cb53aa8:   00007fff5cb53a68 00007fff5cb53ad8 

Instructions: (pc=0x00007fff8ebbd0dd)
0x00007fff8ebbd0bd:   00 00 00 48 85 ff 2e 74 7a 40 f6 c7 01 2e 75 7e
0x00007fff8ebbd0cd:   49 bb f8 ff ff ff ff 7f 00 00 4c 23 1f 49 89 f2
0x00007fff8ebbd0dd:   45 23 53 18 49 c1 e2 04 4d 03 53 10 49 3b 32 75
0x00007fff8ebbd0ed:   04 41 ff 62 08 49 83 3a 00 74 6a 4d 3b 53 10 74 

Register to memory mapping:

RAX=0x0000000000000010 is an unknown value
RBX=0x0000000000000000 is an unknown value
RCX=0x0000000000000008 is an unknown value
RDX=0x00007ff7620a4d00 is an unknown value
RSP=0x00007fff5cb538b8 is pointing into the stack for thread: 0x00007ff75f14c000
RBP=0x00007fff5cb53950 is pointing into the stack for thread: 0x00007ff75f14c000
RSI=0x00007fff92e83ce1: -[NSTitlebarContainerView shouldRoundCorners]+0x346d3 in /System/Library/Frameworks/AppKit.framework/Versions/C/AppKit at 0x00007fff924e2000
RDI=0x00007ff76484e4c0 is an unknown value
R8 =0x00000006c026a9b0 is an oop
java.lang.Thread 
 - klass: 'java/lang/Thread'
R9 =0x0000000000000000 is an unknown value
R10=0x00007fff92e83ce1: -[NSTitlebarContainerView shouldRoundCorners]+0x346d3 in /System/Library/Frameworks/AppKit.framework/Versions/C/AppKit at 0x00007fff924e2000
R11=0x000072bf00010048 is an unknown value
R12=0x00007ff75bc292f0 is an unknown value
R13={method} {0x000000011e8b7288} '_setVisible' '(JZ)Z' in 'com/sun/glass/ui/mac/MacWindow'
R14=0x00007ff762011f60 is an unknown value
R15=0x00007ff75f14c1e8 is an unknown value


Stack: [0x00007fff5c359000,0x00007fff5cb59000],  sp=0x00007fff5cb538b8,  free space=8170k
Native frames: (J=compiled Java code, j=interpreted, Vv=VM code, C=native code)
C  [libobjc.A.dylib+0x10dd]  objc_msgSend+0x1d
j  com.sun.glass.ui.mac.MacWindow._setVisible(JZ)Z+0
j  com.sun.glass.ui.Window.setVisible(Z)V+46
j  com.sun.javafx.tk.quantum.WindowStage.setVisible(Z)V+121
j  javafx.stage.Window$9.invalidated()V+445
J 3533 C2 javafx.beans.property.BooleanPropertyBase.set(Z)V (35 bytes) @ 0x0000000105dfd104 [0x0000000105dfd0a0+0x64]

Java frames: (J=compiled Java code, j=interpreted, Vv=VM code)
j  com.sun.glass.ui.mac.MacWindow._setVisible(JZ)Z+0
j  com.sun.glass.ui.Window.setVisible(Z)V+46
j  com.sun.javafx.tk.quantum.WindowStage.setVisible(Z)V+121
j  javafx.stage.Window$9.invalidated()V+445
J 3533 C2 javafx.beans.property.BooleanPropertyBase.set(Z)V (35 bytes) @ 0x0000000105dfd104 [0x0000000105dfd0a0+0x64]
j  javafx.stage.Window.setShowing(Z)V+11
j  javafx.stage.Window.hide()V+2
j  com.sun.javafx.scene.control.skin.CustomColorDialog$ControlsPane.lambda$new$295(Ljavafx/event/ActionEvent;)V+29
j  com.sun.javafx.scene.control.skin.CustomColorDialog$ControlsPane$$Lambda$501.handle(Ljavafx/event/Event;)V+8
J 6491 C2 com.sun.javafx.event.EventHandlerManager.dispatchBubblingEvent(Ljavafx/event/Event;)Ljavafx/event/Event; (23 bytes) @ 0x00000001064dd5ec [0x00000001064dc260+0x138c]
J 4405 C1 com.sun.javafx.event.CompositeEventDispatcher.dispatchBubblingEvent(Ljavafx/event/Event;)Ljavafx/event/Event; (35 bytes) @ 0x000000010540c79c [0x000000010540c5e0+0x1bc]
J 6645 C2 com.sun.javafx.event.BasicEventDispatcher.dispatchEvent(Ljavafx/event/Event;Ljavafx/event/EventDispatchChain;)Ljavafx/event/Event; (44 bytes) @ 0x000000010655ce78 [0x000000010655cd40+0x138]
J 6645 C2 com.sun.javafx.event.BasicEventDispatcher.dispatchEvent(Ljavafx/event/Event;Ljavafx/event/EventDispatchChain;)Ljavafx/event/Event; (44 bytes) @ 0x000000010655ce38 [0x000000010655cd40+0xf8]
J 6645 C2 com.sun.javafx.event.BasicEventDispatcher.dispatchEvent(Ljavafx/event/Event;Ljavafx/event/EventDispatchChain;)Ljavafx/event/Event; (44 bytes) @ 0x000000010655ce38 [0x000000010655cd40+0xf8]
J 5831 C2 com.sun.javafx.event.EventDispatchChainImpl.dispatchEvent(Ljavafx/event/Event;)Ljavafx/event/Event; (101 bytes) @ 0x0000000105bb155c [0x0000000105bb14a0+0xbc]
J 2557 C1 com.sun.javafx.event.EventUtil.fireEvent(Ljavafx/event/EventTarget;Ljavafx/event/Event;)Ljavafx/event/Event; (81 bytes) @ 0x0000000105abdddc [0x0000000105abd200+0xbdc]
J 2556 C1 javafx.event.Event.fireEvent(Ljavafx/event/EventTarget;Ljavafx/event/Event;)V (35 bytes) @ 0x0000000105ac042c [0x0000000105ac0360+0xcc]
j  javafx.scene.Node.fireEvent(Ljavafx/event/Event;)V+86
j  javafx.scene.control.Button.fire()V+15
j  com.sun.javafx.scene.control.behavior.ButtonBehavior.mouseReleased(Ljavafx/scene/input/MouseEvent;)V+23
j  com.sun.javafx.scene.control.skin.BehaviorSkinBase$1.handle(Ljavafx/scene/input/MouseEvent;)V+83
j  com.sun.javafx.scene.control.skin.BehaviorSkinBase$1.handle(Ljavafx/event/Event;)V+5
J 6491 C2 com.sun.javafx.event.EventHandlerManager.dispatchBubblingEvent(Ljavafx/event/Event;)Ljavafx/event/Event; (23 bytes) @ 0x00000001064dca88 [0x00000001064dc260+0x828]
J 4405 C1 com.sun.javafx.event.CompositeEventDispatcher.dispatchBubblingEvent(Ljavafx/event/Event;)Ljavafx/event/Event; (35 bytes) @ 0x000000010540c79c [0x000000010540c5e0+0x1bc]
J 6645 C2 com.sun.javafx.event.BasicEventDispatcher.dispatchEvent(Ljavafx/event/Event;Ljavafx/event/EventDispatchChain;)Ljavafx/event/Event; (44 bytes) @ 0x000000010655ce78 [0x000000010655cd40+0x138]
J 6645 C2 com.sun.javafx.event.BasicEventDispatcher.dispatchEvent(Ljavafx/event/Event;Ljavafx/event/EventDispatchChain;)Ljavafx/event/Event; (44 bytes) @ 0x000000010655ce38 [0x000000010655cd40+0xf8]
J 6645 C2 com.sun.javafx.event.BasicEventDispatcher.dispatchEvent(Ljavafx/event/Event;Ljavafx/event/EventDispatchChain;)Ljavafx/event/Event; (44 bytes) @ 0x000000010655ce38 [0x000000010655cd40+0xf8]
J 5831 C2 com.sun.javafx.event.EventDispatchChainImpl.dispatchEvent(Ljavafx/event/Event;)Ljavafx/event/Event; (101 bytes) @ 0x0000000105bb155c [0x0000000105bb14a0+0xbc]
J 2557 C1 com.sun.javafx.event.EventUtil.fireEvent(Ljavafx/event/EventTarget;Ljavafx/event/Event;)Ljavafx/event/Event; (81 bytes) @ 0x0000000105abd92c [0x0000000105abd200+0x72c]
J 5453 C1 javafx.scene.Scene$MouseHandler.process(Ljavafx/scene/input/MouseEvent;Z)V (735 bytes) @ 0x00000001062d23a4 [0x00000001062d1a40+0x964]
J 6122 C1 javafx.scene.Scene$ScenePeerListener.mouseEvent(Ljavafx/event/EventType;DDDDLjavafx/scene/input/MouseButton;ZZZZZZZZZ)V (50 bytes) @ 0x0000000106406cf4 [0x0000000106406a20+0x2d4]
J 5862 C1 com.sun.javafx.tk.quantum.GlassViewEventHandler$MouseEventNotification.run()Ljava/lang/Void; (491 bytes) @ 0x00000001057496cc [0x0000000105748be0+0xaec]
J 5861 C1 com.sun.javafx.tk.quantum.GlassViewEventHandler$MouseEventNotification.run()Ljava/lang/Object; (5 bytes) @ 0x00000001058ef54c [0x00000001058ef4c0+0x8c]
v  ~StubRoutines::call_stub
J 2533  java.security.AccessController.doPrivileged(Ljava/security/PrivilegedAction;Ljava/security/AccessControlContext;)Ljava/lang/Object; (0 bytes) @ 0x0000000105ab60a3 [0x0000000105ab6040+0x63]
J 5860 C1 com.sun.javafx.tk.quantum.GlassViewEventHandler.handleMouseEvent(Lcom/sun/glass/ui/View;JIIIIIIIZZ)V (113 bytes) @ 0x00000001055e2dac [0x00000001055e2ba0+0x20c]
J 5528 C1 com.sun.glass.ui.View.notifyMouse(IIIIIIIZZ)V (221 bytes) @ 0x000000010633e83c [0x000000010633d7e0+0x105c]
v  ~StubRoutines::call_stub

---------------  P R O C E S S  ---------------

Java Threads: ( => current thread )
  0x00007ff75ec19000 JavaThread "Prism Font Disposer" daemon [_thread_blocked, id=54559, stack(0x00000001278f3000,0x00000001279f3000)]
  0x00007ff75ebec000 JavaThread "Abandoned connection cleanup thread" daemon [_thread_blocked, id=52995, stack(0x0000000127564000,0x0000000127664000)]
  0x00007ff75c98e800 JavaThread "JavaFX-Launcher" [_thread_blocked, id=51459, stack(0x00000001266fe000,0x00000001267fe000)]
  0x00007ff75c992000 JavaThread "Thread-3" daemon [_thread_in_native, id=38667, stack(0x0000000125530000,0x00000001255b0000)]
=>0x00007ff75f14c000 JavaThread "JavaFX Application Thread" [_thread_in_native, id=1811, stack(0x00007fff5c359000,0x00007fff5cb59000)]
  0x00007ff75f14b800 JavaThread "Thread-1" daemon [_thread_blocked, id=25635, stack(0x0000000123405000,0x0000000123505000)]
  0x00007ff75f133000 JavaThread "QuantumRenderer-0" daemon [_thread_blocked, id=21763, stack(0x0000000122df5000,0x0000000122ef5000)]
  0x00007ff75f03e800 JavaThread "Service Thread" daemon [_thread_blocked, id=20739, stack(0x0000000122b5f000,0x0000000122c5f000)]
  0x00007ff75c006800 JavaThread "C1 CompilerThread3" daemon [_thread_blocked, id=20227, stack(0x0000000122a5c000,0x0000000122b5c000)]
  0x00007ff75c865800 JavaThread "C2 CompilerThread2" daemon [_thread_blocked, id=19715, stack(0x0000000122959000,0x0000000122a59000)]
  0x00007ff75c006000 JavaThread "C2 CompilerThread1" daemon [_thread_blocked, id=19203, stack(0x0000000122856000,0x0000000122956000)]
  0x00007ff75f025800 JavaThread "C2 CompilerThread0" daemon [_thread_in_native, id=18691, stack(0x0000000122753000,0x0000000122853000)]
  0x00007ff75f032000 JavaThread "Signal Dispatcher" daemon [_thread_blocked, id=14615, stack(0x0000000122650000,0x0000000122750000)]
  0x00007ff75f009000 JavaThread "Finalizer" daemon [_thread_blocked, id=13571, stack(0x0000000120d0d000,0x0000000120e0d000)]
  0x00007ff75f008000 JavaThread "Reference Handler" daemon [_thread_blocked, id=13059, stack(0x0000000120c0a000,0x0000000120d0a000)]
  0x00007ff75e800800 JavaThread "main" [_thread_blocked, id=4867, stack(0x000000010511d000,0x000000010521d000)]

Other Threads:
  0x00007ff75f003800 VMThread [stack: 0x0000000120b07000,0x0000000120c07000] [id=12547]
  0x00007ff75c019800 WatcherThread [stack: 0x0000000122c62000,0x0000000122d62000] [id=21251]

VM state:not at safepoint (normal execution)

VM Mutex/Monitor currently owned by a thread: None

Heap:
 PSYoungGen      total 450048K, used 222908K [0x000000076ab00000, 0x0000000795c00000, 0x00000007c0000000)
  eden space 231936K, 64% used [0x000000076ab00000,0x0000000773c66070,0x0000000778d80000)
  from space 218112K, 33% used [0x0000000778d80000,0x000000077d5c9248,0x0000000786280000)
  to   space 207360K, 0% used [0x0000000789180000,0x0000000789180000,0x0000000795c00000)
 ParOldGen       total 733696K, used 474222K [0x00000006c0000000, 0x00000006ecc80000, 0x000000076ab00000)
  object space 733696K, 64% used [0x00000006c0000000,0x00000006dcf1b960,0x00000006ecc80000)
 Metaspace       used 26811K, capacity 28676K, committed 28800K, reserved 1073152K
  class space    used 3802K, capacity 4120K, committed 4224K, reserved 1048576K

Card table byte_map: [0x0000000114624000,0x0000000114e25000] byte_map_base: 0x0000000111024000

Marking Bits: (ParMarkBitMap*) 0x0000000104a9d390
 Begin Bits: [0x0000000115b93000, 0x0000000119b93000)
 End Bits:   [0x0000000119b93000, 0x000000011db93000)

Polling page: 0x00000001031fc000

CodeCache: size=245760Kb used=20029Kb max_used=20039Kb free=225730Kb
 bounds [0x0000000105264000, 0x0000000106614000, 0x0000000114264000]
 total_blobs=6549 nmethods=5810 adapters=651
 compilation: enabled

Compilation events (10 events):
Event: 44.062 Thread 0x00007ff75c006800 6796       2       javafx.beans.property.ReadOnlyBooleanWrapper$ReadOnlyPropertyImpl::<init> (15 bytes)
Event: 44.062 Thread 0x00007ff75c006000 6795       4       javafx.beans.property.ReadOnlyBooleanWrapper$ReadOnlyPropertyImpl::<init> (6 bytes)
Event: 44.062 Thread 0x00007ff75c006800 nmethod 6796 0x000000010660ccd0 code [0x000000010660ce20, 0x000000010660cf90]
Event: 44.062 Thread 0x00007ff75c865800 6797       4       javafx.stage.PopupWindow$1::invalidated (40 bytes)
Event: 44.062 Thread 0x00007ff75c006000 nmethod 6795 0x000000010650e3d0 code [0x000000010650e520, 0x000000010650e598]
Event: 44.063 Thread 0x00007ff75c006800 6798       3       com.sun.javafx.scene.KeyboardShortcutsHandler::clearNodeMnemonics (94 bytes)
Event: 44.063 Thread 0x00007ff75c006800 nmethod 6798 0x000000010660d550 code [0x000000010660d780, 0x000000010660e388]
Event: 44.065 Thread 0x00007ff75c865800 nmethod 6797 0x000000010660d010 code [0x000000010660d180, 0x000000010660d308]
Event: 44.066 Thread 0x00007ff75c006800 6799       3       java.lang.invoke.LambdaForm::checkInvocationCounter (42 bytes)
Event: 44.066 Thread 0x00007ff75c006800 nmethod 6799 0x000000010660fbd0 code [0x000000010660fd40, 0x000000010660ffc8]

GC Heap History (10 events):
Event: 4.699 GC heap before
{Heap before GC invocations=12 (full 2):
 PSYoungGen      total 309248K, used 309225K [0x000000076ab00000, 0x0000000791080000, 0x00000007c0000000)
  eden space 136704K, 100% used [0x000000076ab00000,0x0000000773080000,0x0000000773080000)
  from space 172544K, 99% used [0x0000000773080000,0x000000077d8fa560,0x000000077d900000)
  to   space 219648K, 0% used [0x0000000783a00000,0x0000000783a00000,0x0000000791080000)
 ParOldGen       total 411648K, used 291525K [0x00000006c0000000, 0x00000006d9200000, 0x000000076ab00000)
  object space 411648K, 70% used [0x00000006c0000000,0x00000006d1cb1560,0x00000006d9200000)
 Metaspace       used 21665K, capacity 22646K, committed 22912K, reserved 1069056K
  class space    used 3139K, capacity 3335K, committed 3456K, reserved 1048576K
Event: 4.785 GC heap after
Heap after GC invocations=12 (full 2):
 PSYoungGen      total 398336K, used 151968K [0x000000076ab00000, 0x0000000792880000, 0x00000007c0000000)
  eden space 178688K, 0% used [0x000000076ab00000,0x000000076ab00000,0x0000000775980000)
  from space 219648K, 69% used [0x0000000783a00000,0x000000078ce68108,0x0000000791080000)
  to   space 229888K, 0% used [0x0000000775980000,0x0000000775980000,0x0000000783a00000)
 ParOldGen       total 411648K, used 320205K [0x00000006c0000000, 0x00000006d9200000, 0x000000076ab00000)
  object space 411648K, 77% used [0x00000006c0000000,0x00000006d38b3560,0x00000006d9200000)
 Metaspace       used 21665K, capacity 22646K, committed 22912K, reserved 1069056K
  class space    used 3139K, capacity 3335K, committed 3456K, reserved 1048576K
}
Event: 4.894 GC heap before
{Heap before GC invocations=13 (full 2):
 PSYoungGen      total 398336K, used 330656K [0x000000076ab00000, 0x0000000792880000, 0x00000007c0000000)
  eden space 178688K, 100% used [0x000000076ab00000,0x0000000775980000,0x0000000775980000)
  from space 219648K, 69% used [0x0000000783a00000,0x000000078ce68108,0x0000000791080000)
  to   space 229888K, 0% used [0x0000000775980000,0x0000000775980000,0x0000000783a00000)
 ParOldGen       total 411648K, used 320205K [0x00000006c0000000, 0x00000006d9200000, 0x000000076ab00000)
  object space 411648K, 77% used [0x00000006c0000000,0x00000006d38b3560,0x00000006d9200000)
 Metaspace       used 21666K, capacity 22646K, committed 22912K, reserved 1069056K
  class space    used 3139K, capacity 3335K, committed 3456K, reserved 1048576K
Event: 4.966 GC heap after
Heap after GC invocations=13 (full 2):
 PSYoungGen      total 408576K, used 85444K [0x000000076ab00000, 0x0000000794c80000, 0x00000007c0000000)
  eden space 178688K, 0% used [0x000000076ab00000,0x000000076ab00000,0x0000000775980000)
  from space 229888K, 37% used [0x0000000775980000,0x000000077acf1378,0x0000000783a00000)
  to   space 218112K, 0% used [0x0000000787780000,0x0000000787780000,0x0000000794c80000)
 ParOldGen       total 411648K, used 397269K [0x00000006c0000000, 0x00000006d9200000, 0x000000076ab00000)
  object space 411648K, 96% used [0x00000006c0000000,0x00000006d83f5560,0x00000006d9200000)
 Metaspace       used 21666K, capacity 22646K, committed 22912K, reserved 1069056K
  class space    used 3139K, capacity 3335K, committed 3456K, reserved 1048576K
}
Event: 4.966 GC heap before
{Heap before GC invocations=14 (full 3):
 PSYoungGen      total 408576K, used 85444K [0x000000076ab00000, 0x0000000794c80000, 0x00000007c0000000)
  eden space 178688K, 0% used [0x000000076ab00000,0x000000076ab00000,0x0000000775980000)
  from space 229888K, 37% used [0x0000000775980000,0x000000077acf1378,0x0000000783a00000)
  to   space 218112K, 0% used [0x0000000787780000,0x0000000787780000,0x0000000794c80000)
 ParOldGen       total 411648K, used 397269K [0x00000006c0000000, 0x00000006d9200000, 0x000000076ab00000)
  object space 411648K, 96% used [0x00000006c0000000,0x00000006d83f5560,0x00000006d9200000)
 Metaspace       used 21666K, capacity 22646K, committed 22912K, reserved 1069056K
  class space    used 3139K, capacity 3335K, committed 3456K, reserved 1048576K
Event: 6.515 GC heap after
Heap after GC invocations=14 (full 3):
 PSYoungGen      total 408576K, used 62592K [0x000000076ab00000, 0x0000000794c80000, 0x00000007c0000000)
  eden space 178688K, 0% used [0x000000076ab00000,0x000000076ab00000,0x0000000775980000)
  from space 229888K, 27% used [0x0000000775980000,0x00000007796a0388,0x0000000783a00000)
  to   space 218112K, 0% used [0x0000000787780000,0x0000000787780000,0x0000000794c80000)
 ParOldGen       total 733696K, used 411277K [0x00000006c0000000, 0x00000006ecc80000, 0x000000076ab00000)
  object space 733696K, 56% used [0x00000006c0000000,0x00000006d91a37e0,0x00000006ecc80000)
 Metaspace       used 21666K, capacity 22646K, committed 22912K, reserved 1069056K
  class space    used 3139K, capacity 3335K, committed 3456K, reserved 1048576K
}
Event: 6.618 GC heap before
{Heap before GC invocations=15 (full 3):
 PSYoungGen      total 408576K, used 241280K [0x000000076ab00000, 0x0000000794c80000, 0x00000007c0000000)
  eden space 178688K, 100% used [0x000000076ab00000,0x0000000775980000,0x0000000775980000)
  from space 229888K, 27% used [0x0000000775980000,0x00000007796a0388,0x0000000783a00000)
  to   space 218112K, 0% used [0x0000000787780000,0x0000000787780000,0x0000000794c80000)
 ParOldGen       total 733696K, used 411277K [0x00000006c0000000, 0x00000006ecc80000, 0x000000076ab00000)
  object space 733696K, 56% used [0x00000006c0000000,0x00000006d91a37e0,0x00000006ecc80000)
 Metaspace       used 21666K, capacity 22646K, committed 22912K, reserved 1069056K
  class space    used 3139K, capacity 3335K, committed 3456K, reserved 1048576K
Event: 6.678 GC heap after
Heap after GC invocations=15 (full 3):
 PSYoungGen      total 428544K, used 20697K [0x000000076ab00000, 0x0000000793780000, 0x00000007c0000000)
  eden space 231936K, 0% used [0x000000076ab00000,0x000000076ab00000,0x0000000778d80000)
  from space 196608K, 10% used [0x0000000787780000,0x0000000788bb6520,0x0000000793780000)
  to   space 218112K, 0% used [0x0000000778d80000,0x0000000778d80000,0x0000000786280000)
 ParOldGen       total 733696K, used 463910K [0x00000006c0000000, 0x00000006ecc80000, 0x000000076ab00000)
  object space 733696K, 63% used [0x00000006c0000000,0x00000006dc509960,0x00000006ecc80000)
 Metaspace       used 21666K, capacity 22646K, committed 22912K, reserved 1069056K
  class space    used 3139K, capacity 3335K, committed 3456K, reserved 1048576K
}
Event: 27.638 GC heap before
{Heap before GC invocations=16 (full 3):
 PSYoungGen      total 428544K, used 252633K [0x000000076ab00000, 0x0000000793780000, 0x00000007c0000000)
  eden space 231936K, 100% used [0x000000076ab00000,0x0000000778d80000,0x0000000778d80000)
  from space 196608K, 10% used [0x0000000787780000,0x0000000788bb6520,0x0000000793780000)
  to   space 218112K, 0% used [0x0000000778d80000,0x0000000778d80000,0x0000000786280000)
 ParOldGen       total 733696K, used 463910K [0x00000006c0000000, 0x00000006ecc80000, 0x000000076ab00000)
  object space 733696K, 63% used [0x00000006c0000000,0x00000006dc509960,0x00000006ecc80000)
 Metaspace       used 24016K, capacity 25330K, committed 25344K, reserved 1071104K
  class space    used 3336K, capacity 3581K, committed 3584K, reserved 1048576K
Event: 27.680 GC heap after
Heap after GC invocations=16 (full 3):
 PSYoungGen      total 450048K, used 74020K [0x000000076ab00000, 0x0000000795c00000, 0x00000007c0000000)
  eden space 231936K, 0% used [0x000000076ab00000,0x000000076ab00000,0x0000000778d80000)
  from space 218112K, 33% used [0x0000000778d80000,0x000000077d5c9248,0x0000000786280000)
  to   space 207360K, 0% used [0x0000000789180000,0x0000000789180000,0x0000000795c00000)
 ParOldGen       total 733696K, used 474222K [0x00000006c0000000, 0x00000006ecc80000, 0x000000076ab00000)
  object space 733696K, 64% used [0x00000006c0000000,0x00000006dcf1b960,0x00000006ecc80000)
 Metaspace       used 24016K, capacity 25330K, committed 25344K, reserved 1071104K
  class space    used 3336K, capacity 3581K, committed 3584K, reserved 1048576K
}

Deoptimization events (10 events):
Event: 39.962 Thread 0x00007ff75f133000 Uncommon trap: reason=unreached action=reinterpret pc=0x000000010633fcf0 method=com.sun.javafx.sg.prism.NGNode.getEffectBounds(Lcom/sun/javafx/geom/BaseBounds;Lcom/sun/javafx/geom/transform/BaseTransform;)Lcom/sun/javafx/geom/BaseBounds; @ 4
Event: 39.962 Thread 0x00007ff75f133000 Uncommon trap: reason=class_check action=maybe_recompile pc=0x000000010575c2a4 method=javafx.scene.layout.Background.isEmpty()Z @ 16
Event: 39.962 Thread 0x00007ff75f133000 Uncommon trap: reason=class_check action=maybe_recompile pc=0x0000000106434cb0 method=com.sun.javafx.sg.prism.NGRegion.renderBackgroundRectangle(Lcom/sun/prism/Graphics;)V @ 199
Event: 39.962 Thread 0x00007ff75f133000 Uncommon trap: reason=class_check action=maybe_recompile pc=0x000000010643f6c0 method=com.sun.javafx.sg.prism.NGRegion.renderBackgroundRectanglesDirectly(Lcom/sun/prism/Graphics;FF)V @ 14
Event: 39.964 Thread 0x00007ff75f133000 Uncommon trap: reason=unreached action=reinterpret pc=0x000000010643f710 method=com.sun.javafx.sg.prism.NGRegion.getNormalizedFillRadii(I)Ljavafx/scene/layout/CornerRadii; @ 4
Event: 40.762 Thread 0x00007ff75f14c000 Uncommon trap: reason=unreached action=reinterpret pc=0x0000000105856610 method=javafx.scene.text.Text.setImpl_selectionStart(I)V @ 19
Event: 40.777 Thread 0x00007ff75f14c000 Uncommon trap: reason=class_check action=maybe_recompile pc=0x00000001053a978c method=javafx.scene.layout.Background.isEmpty()Z @ 16
Event: 40.778 Thread 0x00007ff75f133000 Uncommon trap: reason=class_check action=maybe_recompile pc=0x000000010575c2a4 method=javafx.scene.layout.Background.isEmpty()Z @ 16
Event: 40.778 Thread 0x00007ff75f133000 Uncommon trap: reason=class_check action=maybe_recompile pc=0x0000000106434cb0 method=com.sun.javafx.sg.prism.NGRegion.renderBackgroundRectangle(Lcom/sun/prism/Graphics;)V @ 199
Event: 40.845 Thread 0x00007ff75f133000 Uncommon trap: reason=class_check action=maybe_recompile pc=0x0000000106434cb0 method=com.sun.javafx.sg.prism.NGRegion.renderBackgroundRectangle(Lcom/sun/prism/Graphics;)V @ 199

Internal exceptions (10 events):
Event: 32.078 Thread 0x00007ff75f14c000 Exception <a 'java/lang/RuntimeException'> (0x00000007712c78a8) thrown at [/HUDSON3/workspace/8-2-build-macosx-x86_64/jdk8u25/1514/hotspot/src/share/vm/prims/jvm.cpp, line 1316]
Event: 32.100 Thread 0x00007ff75f14c000 Implicit null exception at 0x0000000105f98de0 to 0x0000000105f99eed
Event: 33.516 Thread 0x00007ff75f14c000 Exception <a 'java/security/PrivilegedActionException'> (0x000000077150b9d0) thrown at [/HUDSON3/workspace/8-2-build-macosx-x86_64/jdk8u25/1514/hotspot/src/share/vm/prims/jvm.cpp, line 1312]
Event: 33.518 Thread 0x00007ff75f14c000 Implicit null exception at 0x000000010631ff0c to 0x0000000106322989
Event: 33.518 Thread 0x00007ff75f14c000 Implicit null exception at 0x000000010557f948 to 0x000000010557f976
Event: 34.549 Thread 0x00007ff75f14c000 Implicit null exception at 0x00000001062a5f35 to 0x00000001062ae1d1
Event: 34.549 Thread 0x00007ff75f14c000 Implicit null exception at 0x00000001057f09ba to 0x00000001057f11b9
Event: 34.549 Thread 0x00007ff75f14c000 Implicit null exception at 0x00000001059870eb to 0x0000000105989975
Event: 39.842 Thread 0x00007ff75f14c000 Implicit null exception at 0x000000010578fa6c to 0x000000010578fad9
Event: 39.891 Thread 0x00007ff75f14c000 Implicit null exception at 0x0000000105710fb7 to 0x0000000105711555

Events (10 events):
Event: 42.563 Thread 0x00007ff75f133000 DEOPT PACKING pc=0x000000010571b382 sp=0x0000000122ef38e0
Event: 42.563 Thread 0x00007ff75f133000 DEOPT UNPACKING pc=0x00000001052ab373 sp=0x0000000122ef3610 mode 0
Event: 44.058 loading class javafx/event/ActionEvent
Event: 44.058 loading class javafx/event/ActionEvent done
Event: 44.058 loading class javafx/event/ActionEvent
Event: 44.058 loading class javafx/event/ActionEvent done
Event: 44.058 loading class com/sun/javafx/scene/control/skin/ColorPalette
Event: 44.058 loading class com/sun/javafx/scene/control/skin/ColorPalette done
Event: 44.062 loading class javafx/beans/property/ReadOnlyBooleanWrapper$1
Event: 44.062 loading class javafx/beans/property/ReadOnlyBooleanWrapper$1 done


Dynamic libraries:
0x0000000004922000 	/System/Library/Frameworks/Cocoa.framework/Versions/A/Cocoa
0x0000000004922000 	/System/Library/Frameworks/Security.framework/Versions/A/Security
0x0000000004922000 	/System/Library/Frameworks/ApplicationServices.framework/Versions/A/ApplicationServices
0x0000000004922000 	/usr/lib/libz.1.dylib
0x0000000004922000 	/usr/lib/libSystem.B.dylib
0x0000000004922000 	/usr/lib/libobjc.A.dylib
0x0000000004922000 	/System/Library/Frameworks/CoreFoundation.framework/Versions/A/CoreFoundation
0x0000000004922000 	/System/Library/Frameworks/Foundation.framework/Versions/C/Foundation
0x0000000004922000 	/System/Library/Frameworks/AppKit.framework/Versions/C/AppKit
0x0000000004922000 	/System/Library/Frameworks/CoreData.framework/Versions/A/CoreData
0x0000000004922000 	/System/Library/PrivateFrameworks/RemoteViewServices.framework/Versions/A/RemoteViewServices
0x0000000004922000 	/System/Library/PrivateFrameworks/UIFoundation.framework/Versions/A/UIFoundation
0x0000000004922000 	/System/Library/Frameworks/IOSurface.framework/Versions/A/IOSurface
0x0000000004922000 	/System/Library/Frameworks/AudioToolbox.framework/Versions/A/AudioToolbox
0x0000000004922000 	/System/Library/Frameworks/AudioUnit.framework/Versions/A/AudioUnit
0x0000000004922000 	/System/Library/PrivateFrameworks/DataDetectorsCore.framework/Versions/A/DataDetectorsCore
0x0000000004922000 	/System/Library/PrivateFrameworks/DesktopServicesPriv.framework/Versions/A/DesktopServicesPriv
0x0000000004922000 	/System/Library/Frameworks/Carbon.framework/Versions/A/Frameworks/HIToolbox.framework/Versions/A/HIToolbox
0x0000000004922000 	/System/Library/Frameworks/QuartzCore.framework/Versions/A/QuartzCore
0x0000000004922000 	/System/Library/Frameworks/Carbon.framework/Versions/A/Frameworks/SpeechRecognition.framework/Versions/A/SpeechRecognition
0x0000000004922000 	/usr/lib/libauto.dylib
0x0000000004922000 	/usr/lib/libicucore.A.dylib
0x0000000004922000 	/usr/lib/libxml2.2.dylib
0x0000000004922000 	/System/Library/PrivateFrameworks/CoreUI.framework/Versions/A/CoreUI
0x0000000004922000 	/System/Library/Frameworks/CoreAudio.framework/Versions/A/CoreAudio
0x0000000004922000 	/System/Library/Frameworks/DiskArbitration.framework/Versions/A/DiskArbitration
0x0000000004922000 	/usr/lib/liblangid.dylib
0x0000000004922000 	/System/Library/PrivateFrameworks/MultitouchSupport.framework/Versions/A/MultitouchSupport
0x0000000004922000 	/System/Library/Frameworks/IOKit.framework/Versions/A/IOKit
0x0000000004922000 	/usr/lib/libDiagnosticMessagesClient.dylib
0x0000000004922000 	/System/Library/Frameworks/CoreServices.framework/Versions/A/CoreServices
0x0000000004922000 	/System/Library/PrivateFrameworks/PerformanceAnalysis.framework/Versions/A/PerformanceAnalysis
0x0000000004922000 	/System/Library/PrivateFrameworks/GenerationalStorage.framework/Versions/A/GenerationalStorage
0x0000000004922000 	/System/Library/Frameworks/OpenGL.framework/Versions/A/OpenGL
0x0000000004922000 	/System/Library/PrivateFrameworks/Sharing.framework/Versions/A/Sharing
0x0000000004922000 	/System/Library/Frameworks/CoreGraphics.framework/Versions/A/CoreGraphics
0x0000000004922000 	/System/Library/Frameworks/CoreText.framework/Versions/A/CoreText
0x0000000004922000 	/System/Library/Frameworks/ImageIO.framework/Versions/A/ImageIO
0x0000000004922000 	/usr/lib/libextension.dylib
0x0000000004922000 	/System/Library/PrivateFrameworks/Backup.framework/Versions/A/Backup
0x0000000004922000 	/usr/lib/libarchive.2.dylib
0x0000000004922000 	/System/Library/Frameworks/CFNetwork.framework/Versions/A/CFNetwork
0x0000000004922000 	/System/Library/Frameworks/SystemConfiguration.framework/Versions/A/SystemConfiguration
0x0000000004922000 	/usr/lib/libCRFSuite.dylib
0x0000000004922000 	/usr/lib/libc++.1.dylib
0x0000000004922000 	/usr/lib/libc++abi.dylib
0x0000000004922000 	/usr/lib/system/libcache.dylib
0x0000000004922000 	/usr/lib/system/libcommonCrypto.dylib
0x0000000004922000 	/usr/lib/system/libcompiler_rt.dylib
0x0000000004922000 	/usr/lib/system/libcopyfile.dylib
0x0000000004922000 	/usr/lib/system/libcorecrypto.dylib
0x0000000004922000 	/usr/lib/system/libdispatch.dylib
0x0000000004922000 	/usr/lib/system/libdyld.dylib
0x0000000004922000 	/usr/lib/system/libkeymgr.dylib
0x0000000004922000 	/usr/lib/system/liblaunch.dylib
0x0000000004922000 	/usr/lib/system/libmacho.dylib
0x0000000004922000 	/usr/lib/system/libquarantine.dylib
0x0000000004922000 	/usr/lib/system/libremovefile.dylib
0x0000000004922000 	/usr/lib/system/libsystem_asl.dylib
0x0000000004922000 	/usr/lib/system/libsystem_blocks.dylib
0x0000000004922000 	/usr/lib/system/libsystem_c.dylib
0x0000000004922000 	/usr/lib/system/libsystem_configuration.dylib
0x0000000004922000 	/usr/lib/system/libsystem_coreservices.dylib
0x0000000004922000 	/usr/lib/system/libsystem_coretls.dylib
0x0000000004922000 	/usr/lib/system/libsystem_dnssd.dylib
0x0000000004922000 	/usr/lib/system/libsystem_info.dylib
0x0000000004922000 	/usr/lib/system/libsystem_kernel.dylib
0x0000000004922000 	/usr/lib/system/libsystem_m.dylib
0x0000000004922000 	/usr/lib/system/libsystem_malloc.dylib
0x0000000004922000 	/usr/lib/system/libsystem_network.dylib
0x0000000004922000 	/usr/lib/system/libsystem_networkextension.dylib
0x0000000004922000 	/usr/lib/system/libsystem_notify.dylib
0x0000000004922000 	/usr/lib/system/libsystem_platform.dylib
0x0000000004922000 	/usr/lib/system/libsystem_pthread.dylib
0x0000000004922000 	/usr/lib/system/libsystem_sandbox.dylib
0x0000000004922000 	/usr/lib/system/libsystem_secinit.dylib
0x0000000004922000 	/usr/lib/system/libsystem_stats.dylib
0x0000000004922000 	/usr/lib/system/libsystem_trace.dylib
0x0000000004922000 	/usr/lib/system/libunc.dylib
0x0000000004922000 	/usr/lib/system/libunwind.dylib
0x0000000004922000 	/usr/lib/system/libxpc.dylib
0x0000000004922000 	/usr/lib/libbz2.1.0.dylib
0x0000000004922000 	/usr/lib/liblzma.5.dylib
0x0000000004922000 	/usr/lib/libbsm.0.dylib
0x0000000004922000 	/usr/lib/libsqlite3.dylib
0x0000000004922000 	/usr/lib/system/libkxld.dylib
0x0000000004922000 	/usr/lib/libxar.1.dylib
0x0000000004922000 	/usr/lib/libpam.2.dylib
0x0000000004922000 	/usr/lib/libOpenScriptingUtil.dylib
0x0000000004922000 	/System/Library/Frameworks/CoreServices.framework/Versions/A/Frameworks/FSEvents.framework/Versions/A/FSEvents
0x0000000004922000 	/System/Library/Frameworks/CoreServices.framework/Versions/A/Frameworks/CarbonCore.framework/Versions/A/CarbonCore
0x0000000004922000 	/System/Library/Frameworks/CoreServices.framework/Versions/A/Frameworks/Metadata.framework/Versions/A/Metadata
0x0000000004922000 	/System/Library/Frameworks/CoreServices.framework/Versions/A/Frameworks/OSServices.framework/Versions/A/OSServices
0x0000000004922000 	/System/Library/Frameworks/CoreServices.framework/Versions/A/Frameworks/SearchKit.framework/Versions/A/SearchKit
0x0000000004922000 	/System/Library/Frameworks/CoreServices.framework/Versions/A/Frameworks/AE.framework/Versions/A/AE
0x0000000004922000 	/System/Library/Frameworks/CoreServices.framework/Versions/A/Frameworks/LaunchServices.framework/Versions/A/LaunchServices
0x0000000004922000 	/System/Library/Frameworks/CoreServices.framework/Versions/A/Frameworks/DictionaryServices.framework/Versions/A/DictionaryServices
0x0000000004922000 	/System/Library/Frameworks/NetFS.framework/Versions/A/NetFS
0x0000000004922000 	/System/Library/PrivateFrameworks/NetAuth.framework/Versions/A/NetAuth
0x0000000004922000 	/System/Library/PrivateFrameworks/login.framework/Versions/A/Frameworks/loginsupport.framework/Versions/A/loginsupport
0x0000000004922000 	/System/Library/PrivateFrameworks/TCC.framework/Versions/A/TCC
0x0000000004922000 	/usr/lib/libmecabra.dylib
0x0000000004922000 	/System/Library/PrivateFrameworks/LanguageModeling.framework/Versions/A/LanguageModeling
0x0000000004922000 	/usr/lib/libcmph.dylib
0x0000000004922000 	/usr/lib/libiconv.2.dylib
0x0000000004922000 	/System/Library/Frameworks/OpenDirectory.framework/Versions/A/Frameworks/CFOpenDirectory.framework/Versions/A/CFOpenDirectory
0x0000000004922000 	/System/Library/Frameworks/ServiceManagement.framework/Versions/A/ServiceManagement
0x0000000004922000 	/usr/lib/libxslt.1.dylib
0x0000000004922000 	/System/Library/Frameworks/Carbon.framework/Versions/A/Frameworks/Ink.framework/Versions/A/Ink
0x0000000004922000 	/System/Library/Frameworks/ApplicationServices.framework/Versions/A/Frameworks/ATS.framework/Versions/A/ATS
0x0000000004922000 	/System/Library/Frameworks/ApplicationServices.framework/Versions/A/Frameworks/ColorSync.framework/Versions/A/ColorSync
0x0000000004922000 	/System/Library/Frameworks/ApplicationServices.framework/Versions/A/Frameworks/HIServices.framework/Versions/A/HIServices
0x0000000004922000 	/System/Library/Frameworks/ApplicationServices.framework/Versions/A/Frameworks/LangAnalysis.framework/Versions/A/LangAnalysis
0x0000000004922000 	/System/Library/Frameworks/ApplicationServices.framework/Versions/A/Frameworks/PrintCore.framework/Versions/A/PrintCore
0x0000000004922000 	/System/Library/Frameworks/ApplicationServices.framework/Versions/A/Frameworks/QD.framework/Versions/A/QD
0x0000000004922000 	/System/Library/Frameworks/ApplicationServices.framework/Versions/A/Frameworks/SpeechSynthesis.framework/Versions/A/SpeechSynthesis
0x0000000004922000 	/System/Library/Frameworks/Accelerate.framework/Versions/A/Accelerate
0x0000000004922000 	/System/Library/Frameworks/Accelerate.framework/Versions/A/Frameworks/vImage.framework/Versions/A/vImage
0x0000000004922000 	/System/Library/Frameworks/Accelerate.framework/Versions/A/Frameworks/vecLib.framework/Versions/A/vecLib
0x0000000004922000 	/System/Library/Frameworks/Accelerate.framework/Versions/A/Frameworks/vecLib.framework/Versions/A/libvDSP.dylib
0x0000000004922000 	/System/Library/Frameworks/Accelerate.framework/Versions/A/Frameworks/vecLib.framework/Versions/A/libvMisc.dylib
0x0000000004922000 	/System/Library/Frameworks/Accelerate.framework/Versions/A/Frameworks/vecLib.framework/Versions/A/libLAPACK.dylib
0x0000000004922000 	/System/Library/Frameworks/Accelerate.framework/Versions/A/Frameworks/vecLib.framework/Versions/A/libBLAS.dylib
0x0000000004922000 	/System/Library/Frameworks/Accelerate.framework/Versions/A/Frameworks/vecLib.framework/Versions/A/libLinearAlgebra.dylib
0x0000000004922000 	/System/Library/Frameworks/ApplicationServices.framework/Versions/A/Frameworks/ATS.framework/Versions/A/Resources/libFontParser.dylib
0x0000000004922000 	/System/Library/Frameworks/ApplicationServices.framework/Versions/A/Frameworks/ATS.framework/Versions/A/Resources/libFontRegistry.dylib
0x0000000004922000 	/System/Library/PrivateFrameworks/AppleVPA.framework/Versions/A/AppleVPA
0x0000000004922000 	/System/Library/PrivateFrameworks/AppleJPEG.framework/Versions/A/AppleJPEG
0x0000000004922000 	/System/Library/Frameworks/ImageIO.framework/Versions/A/Resources/libJPEG.dylib
0x0000000004922000 	/System/Library/Frameworks/ImageIO.framework/Versions/A/Resources/libTIFF.dylib
0x0000000004922000 	/System/Library/Frameworks/ImageIO.framework/Versions/A/Resources/libPng.dylib
0x0000000004922000 	/System/Library/Frameworks/ImageIO.framework/Versions/A/Resources/libGIF.dylib
0x0000000004922000 	/System/Library/Frameworks/ImageIO.framework/Versions/A/Resources/libJP2.dylib
0x0000000004922000 	/System/Library/Frameworks/ImageIO.framework/Versions/A/Resources/libRadiance.dylib
0x0000000004922000 	/System/Library/Frameworks/CoreVideo.framework/Versions/A/CoreVideo
0x0000000004922000 	/System/Library/Frameworks/OpenGL.framework/Versions/A/Libraries/libGLU.dylib
0x0000000004922000 	/System/Library/Frameworks/OpenGL.framework/Versions/A/Libraries/libGFXShared.dylib
0x0000000004922000 	/System/Library/Frameworks/OpenGL.framework/Versions/A/Libraries/libGL.dylib
0x0000000004922000 	/System/Library/Frameworks/OpenGL.framework/Versions/A/Libraries/libGLImage.dylib
0x0000000004922000 	/System/Library/Frameworks/OpenGL.framework/Versions/A/Libraries/libCVMSPluginSupport.dylib
0x0000000004922000 	/System/Library/Frameworks/OpenGL.framework/Versions/A/Libraries/libCoreVMClient.dylib
0x0000000004922000 	/usr/lib/libcups.2.dylib
0x0000000004922000 	/System/Library/Frameworks/Kerberos.framework/Versions/A/Kerberos
0x0000000004922000 	/System/Library/Frameworks/GSS.framework/Versions/A/GSS
0x0000000004922000 	/usr/lib/libresolv.9.dylib
0x0000000004922000 	/System/Library/PrivateFrameworks/Heimdal.framework/Versions/A/Heimdal
0x0000000004922000 	/usr/lib/libheimdal-asn1.dylib
0x0000000004922000 	/System/Library/Frameworks/OpenDirectory.framework/Versions/A/OpenDirectory
0x0000000004922000 	/System/Library/PrivateFrameworks/CommonAuth.framework/Versions/A/CommonAuth
0x0000000004922000 	/System/Library/Frameworks/SecurityFoundation.framework/Versions/A/SecurityFoundation
0x0000000004922000 	/System/Library/Frameworks/QuartzCore.framework/Versions/A/Frameworks/CoreImage.framework/Versions/A/CoreImage
0x0000000004922000 	/System/Library/PrivateFrameworks/CrashReporterSupport.framework/Versions/A/CrashReporterSupport
0x0000000004922000 	/System/Library/Frameworks/OpenCL.framework/Versions/A/OpenCL
0x0000000004922000 	/System/Library/PrivateFrameworks/FaceCore.framework/Versions/A/FaceCore
0x0000000004922000 	/System/Library/PrivateFrameworks/Ubiquity.framework/Versions/A/Ubiquity
0x0000000004922000 	/System/Library/PrivateFrameworks/IconServices.framework/Versions/A/IconServices
0x0000000004922000 	/System/Library/PrivateFrameworks/ChunkingLibrary.framework/Versions/A/ChunkingLibrary
0x0000000004922000 	/System/Library/PrivateFrameworks/Apple80211.framework/Versions/A/Apple80211
0x0000000004922000 	/System/Library/Frameworks/CoreWLAN.framework/Versions/A/CoreWLAN
0x0000000004922000 	/System/Library/Frameworks/IOBluetooth.framework/Versions/A/IOBluetooth
0x0000000004922000 	/System/Library/PrivateFrameworks/CoreWiFi.framework/Versions/A/CoreWiFi
0x0000000004922000 	/System/Library/Frameworks/CoreBluetooth.framework/Versions/A/CoreBluetooth
0x0000000004922000 	/System/Library/PrivateFrameworks/DebugSymbols.framework/Versions/A/DebugSymbols
0x0000000004922000 	/System/Library/PrivateFrameworks/CoreSymbolication.framework/Versions/A/CoreSymbolication
0x0000000004922000 	/System/Library/PrivateFrameworks/Symbolication.framework/Versions/A/Symbolication
0x0000000004922000 	/System/Library/PrivateFrameworks/SpeechRecognitionCore.framework/Versions/A/SpeechRecognitionCore
0x0000000104200000 	/Library/Java/JavaVirtualMachines/jdk1.8.0_25.jdk/Contents/Home/jre/lib/server/libjvm.dylib
0x0000000004922000 	/usr/lib/libstdc++.6.dylib
0x00000001031ee000 	/Library/Java/JavaVirtualMachines/jdk1.8.0_25.jdk/Contents/Home/jre/lib/libverify.dylib
0x000000010521f000 	/Library/Java/JavaVirtualMachines/jdk1.8.0_25.jdk/Contents/Home/jre/lib/libjava.dylib
0x000000010525b000 	/Library/Java/JavaVirtualMachines/jdk1.8.0_25.jdk/Contents/Home/jre/lib/libzip.dylib
0x0000000120e0f000 	/System/Library/Frameworks/JavaVM.framework/Frameworks/JavaRuntimeSupport.framework/JavaRuntimeSupport
0x0000000120e25000 	/System/Library/Frameworks/JavaVM.framework/Versions/A/Frameworks/JavaNativeFoundation.framework/Versions/A/JavaNativeFoundation
0x0000000120e39000 	/System/Library/Frameworks/JavaVM.framework/Versions/A/JavaVM
0x0000000004922000 	/System/Library/Frameworks/Carbon.framework/Versions/A/Carbon
0x0000000120e45000 	/System/Library/PrivateFrameworks/JavaLaunching.framework/Versions/A/JavaLaunching
0x0000000004922000 	/System/Library/Frameworks/Carbon.framework/Versions/A/Frameworks/CommonPanels.framework/Versions/A/CommonPanels
0x0000000004922000 	/System/Library/Frameworks/Carbon.framework/Versions/A/Frameworks/Help.framework/Versions/A/Help
0x0000000004922000 	/System/Library/Frameworks/Carbon.framework/Versions/A/Frameworks/ImageCapture.framework/Versions/A/ImageCapture
0x0000000004922000 	/System/Library/Frameworks/Carbon.framework/Versions/A/Frameworks/OpenScripting.framework/Versions/A/OpenScripting
0x0000000004922000 	/System/Library/Frameworks/Carbon.framework/Versions/A/Frameworks/Print.framework/Versions/A/Print
0x0000000004922000 	/System/Library/Frameworks/Carbon.framework/Versions/A/Frameworks/SecurityHI.framework/Versions/A/SecurityHI
0x0000000122ef7000 	/Library/Java/JavaVirtualMachines/jdk1.8.0_25.jdk/Contents/Home/jre/lib/libprism_es2.dylib
0x0000000004922000 	/System/Library/Frameworks/OpenGL.framework/Versions/A/Resources/GLEngine.bundle/GLEngine
0x0000000004922000 	/System/Library/Frameworks/OpenGL.framework/Versions/A/Libraries/libGLProgrammability.dylib
0x0000000000000000 	/System/Library/Extensions/AppleIntelHD5000GraphicsGLDriver.bundle/Contents/MacOS/AppleIntelHD5000GraphicsGLDriver
0x0000000004922000 	/System/Library/PrivateFrameworks/IOAccelerator.framework/Versions/A/IOAccelerator
0x0000000004922000 	/System/Library/PrivateFrameworks/GPUSupport.framework/Versions/A/Libraries/libGPUSupportMercury.dylib
0x0000000004922000 	/System/Library/Frameworks/OpenGL.framework/Versions/A/Resources/GLRendererFloat.bundle/GLRendererFloat
0x0000000004922000 	/System/Library/Frameworks/OpenCL.framework/Versions/A/Libraries/libcldcpuengine.dylib
0x0000000004922000 	/System/Library/PrivateFrameworks/DiskImages.framework/Versions/A/DiskImages
0x0000000004922000 	/System/Library/Frameworks/DiscRecording.framework/Versions/A/DiscRecording
0x0000000004922000 	/usr/lib/libcsfde.dylib
0x0000000004922000 	/usr/lib/libcurl.4.dylib
0x0000000004922000 	/System/Library/PrivateFrameworks/MediaKit.framework/Versions/A/MediaKit
0x0000000004922000 	/System/Library/PrivateFrameworks/ProtectedCloudStorage.framework/Versions/A/ProtectedCloudStorage
0x0000000004922000 	/usr/lib/libCoreStorage.dylib
0x0000000004922000 	/System/Library/PrivateFrameworks/EFILogin.framework/Versions/A/EFILogin
0x0000000004922000 	/usr/lib/libutil.dylib
0x0000000004922000 	/System/Library/PrivateFrameworks/FindMyDevice.framework/Versions/A/FindMyDevice
0x0000000004922000 	/System/Library/Frameworks/LDAP.framework/Versions/A/LDAP
0x0000000004922000 	/usr/lib/libsasl2.2.dylib
0x0000000004922000 	/System/Library/PrivateFrameworks/CoreDaemon.framework/Versions/B/CoreDaemon
0x0000000004922000 	/usr/lib/libcrypto.0.9.8.dylib
0x0000000004922000 	/System/Library/PrivateFrameworks/AppleSRP.framework/Versions/A/AppleSRP
0x0000000004922000 	/System/Library/PrivateFrameworks/TrustEvaluationAgent.framework/Versions/A/TrustEvaluationAgent
0x00000001233a4000 	/Library/Java/JavaVirtualMachines/jdk1.8.0_25.jdk/Contents/Home/jre/lib/libglass.dylib
0x0000000004922000 	/System/Library/PrivateFrameworks/CoreServicesInternal.framework/Versions/A/CoreServicesInternal
0x0000000004922000 	/System/Library/PrivateFrameworks/CloudDocs.framework/Versions/A/CloudDocs
0x0000000004922000 	/System/Library/PrivateFrameworks/CoreDuet.framework/Versions/A/CoreDuet
0x0000000004922000 	/System/Library/Frameworks/CloudKit.framework/Versions/A/CloudKit
0x0000000004922000 	/System/Library/PrivateFrameworks/ProtocolBuffer.framework/Versions/A/ProtocolBuffer
0x0000000004922000 	/System/Library/PrivateFrameworks/CoreDuetDaemonProtocol.framework/Versions/A/CoreDuetDaemonProtocol
0x0000000004922000 	/System/Library/PrivateFrameworks/CoreDuetDebugLogging.framework/Versions/A/CoreDuetDebugLogging
0x0000000004922000 	/System/Library/Frameworks/CoreLocation.framework/Versions/A/CoreLocation
0x0000000004922000 	/System/Library/Frameworks/Accounts.framework/Versions/A/Accounts
0x0000000004922000 	/System/Library/PrivateFrameworks/ApplePushService.framework/Versions/A/ApplePushService
0x0000000004922000 	/System/Library/PrivateFrameworks/GeoServices.framework/Versions/A/GeoServices
0x0000000004922000 	/System/Library/PrivateFrameworks/OAuth.framework/Versions/A/OAuth
0x0000000004922000 	/System/Library/Frameworks/CoreGraphics.framework/Versions/A/Resources/libCGCMS.A.dylib
0x0000000004922000 	/System/Library/CoreServices/RawCamera.bundle/Contents/MacOS/RawCamera
0x0000000004922000 	/System/Library/Frameworks/CoreGraphics.framework/Versions/A/Resources/libRIP.A.dylib
0x0000000004922000 	/System/Library/PrivateFrameworks/FamilyControls.framework/Versions/A/FamilyControls
0x0000000004922000 	/System/Library/PrivateFrameworks/CommerceKit.framework/Versions/A/Frameworks/CommerceCore.framework/Versions/A/CommerceCore
0x0000000004922000 	/System/Library/PrivateFrameworks/SystemAdministration.framework/Versions/A/SystemAdministration
0x0000000004922000 	/System/Library/PrivateFrameworks/AppContainer.framework/Versions/A/AppContainer
0x0000000004922000 	/System/Library/PrivateFrameworks/SecCodeWrapper.framework/Versions/A/SecCodeWrapper
0x0000000004922000 	/System/Library/Frameworks/DirectoryService.framework/Versions/A/DirectoryService
0x0000000004922000 	/System/Library/PrivateFrameworks/LoginUIKit.framework/Versions/A/Frameworks/LoginUICore.framework/Versions/A/LoginUICore
0x0000000004922000 	/usr/lib/libodfde.dylib
0x0000000126ae7000 	/Library/Java/JavaVirtualMachines/jdk1.8.0_25.jdk/Contents/Home/jre/lib/libjavafx_font.dylib
0x0000000004922000 	/System/Library/Frameworks/CoreGraphics.framework/Versions/A/Resources/libCGXType.A.dylib
0x0000000126883000 	/Library/Java/JavaVirtualMachines/jdk1.8.0_25.jdk/Contents/Home/jre/lib/libnet.dylib
0x0000000126e55000 	/Library/Java/JavaVirtualMachines/jdk1.8.0_25.jdk/Contents/Home/jre/lib/libprism_common.dylib
0x0000000126e76000 	cl_kernels
0x000000012c2e6000 	/System/Library/Frameworks/OpenCL.framework/Versions/A/Libraries/ImageFormats/unorm8_bgra.dylib
0x0000000126fb1000 	cl_kernels

VM Arguments:
jvm_args: -Dfile.encoding=UTF-8 
java_command: /Users/Eskil/NetBeansProjects/Einblick_App/dist/run1335541789/Einblick_App.jar
java_class_path (initial): /Users/Eskil/NetBeansProjects/Einblick_App/dist/run1335541789/Einblick_App.jar
Launcher Type: SUN_STANDARD

Environment Variables:
PATH=/usr/bin:/bin:/usr/sbin:/sbin
LD_LIBRARY_PATH=/Library/Java/JavaVirtualMachines/jdk1.8.0_25.jdk/Contents/Home/jre/lib/amd64:/Library/Java/JavaVirtualMachines/jdk1.8.0_25.jdk/Contents/Home/jre/lib/i386:
SHELL=/bin/bash
DYLD_LIBRARY_PATH=/Applications/NetBeans/NetBeans 8.0.1.app/Contents/Resources/NetBeans/webcommon/bin:

Signal Handlers:
SIGSEGV: [libjvm.dylib+0x579dc7], sa_mask[0]=11111111011111110111111111111111, sa_flags=SA_ONSTACK|SA_RESTART|SA_SIGINFO
SIGBUS: [libjvm.dylib+0x579dc7], sa_mask[0]=11111111011111110111111111111111, sa_flags=SA_RESTART|SA_SIGINFO
SIGFPE: [libjvm.dylib+0x45b030], sa_mask[0]=11111111011111110111111111111111, sa_flags=SA_RESTART|SA_SIGINFO
SIGPIPE: [libjvm.dylib+0x45b030], sa_mask[0]=11111111011111110111111111111111, sa_flags=SA_RESTART|SA_SIGINFO
SIGXFSZ: [libjvm.dylib+0x45b030], sa_mask[0]=11111111011111110111111111111111, sa_flags=SA_RESTART|SA_SIGINFO
SIGILL: [libjvm.dylib+0x45b030], sa_mask[0]=11111111011111110111111111111111, sa_flags=SA_RESTART|SA_SIGINFO
SIGUSR1: SIG_DFL, sa_mask[0]=00000000000000000000000000000000, sa_flags=none
SIGUSR2: [libjvm.dylib+0x45ab4e], sa_mask[0]=00100000000000000000000000000000, sa_flags=SA_RESTART|SA_SIGINFO
SIGHUP: [libjvm.dylib+0x459121], sa_mask[0]=11111111011111110111111111111111, sa_flags=SA_RESTART|SA_SIGINFO
SIGINT: SIG_IGN, sa_mask[0]=00000000000000000000000000000000, sa_flags=none
SIGTERM: [libjvm.dylib+0x459121], sa_mask[0]=11111111011111110111111111111111, sa_flags=SA_RESTART|SA_SIGINFO
SIGQUIT: [libjvm.dylib+0x459121], sa_mask[0]=11111111011111110111111111111111, sa_flags=SA_RESTART|SA_SIGINFO


---------------  S Y S T E M  ---------------

OS:Bsduname:Darwin 14.0.0 Darwin Kernel Version 14.0.0: Fri Sep 19 00:26:44 PDT 2014; root:xnu-2782.1.97~2/RELEASE_X86_64 x86_64
rlimit: STACK 8192k, CORE 0k, NPROC 709, NOFILE 10240, AS infinity
load average:1.93 2.00 2.11

CPU:total 8 (4 cores per cpu, 2 threads per core) family 6 model 70 stepping 1, cmov, cx8, fxsr, mmx, sse, sse2, sse3, ssse3, sse4.1, sse4.2, popcnt, avx, avx2, aes, clmul, erms, lzcnt, ht, tsc, tscinvbit, bmi1, bmi2

Memory: 4k page, physical 16777216k(4149900k free)

/proc/meminfo:


vm_info: Java HotSpot(TM) 64-Bit Server VM (25.25-b02) for bsd-amd64 JRE (1.8.0_25-b17), built on Sep 17 2014 16:56:50 by "java_re" with gcc 4.2.1 (Based on Apple Inc. build 5658) (LLVM build 2336.11.00)

time: Mon Oct 27 11:08:34 2014
elapsed time: 44 seconds (0d 0h 0m 44s)

